2025-05-24T12:38:50.696Z  INFO 1 --- [consumer] [main] o.example.consumer.ConsumerApplication   : Starting ConsumerApplication v0.0.1-SNAPSHOT using Java 17.0.2 with PID 1 (/app/app.jar started by root in /app)
2025-05-24T12:38:50.708Z  INFO 1 --- [consumer] [main] o.example.consumer.ConsumerApplication   : No active profile set, falling back to 1 default profile: "default"
2025-05-24T12:38:51.209Z  INFO 1 --- [consumer] [main] o.example.consumer.ConsumerApplication   : Starting ConsumerApplication v0.0.1-SNAPSHOT using Java 17.0.2 with PID 1 (/app/app.jar started by root in /app)
2025-05-24T12:38:51.223Z  INFO 1 --- [consumer] [main] o.example.consumer.ConsumerApplication   : No active profile set, falling back to 1 default profile: "default"
2025-05-24T12:38:52.020Z  INFO 1 --- [consumer] [main] o.example.consumer.ConsumerApplication   : Starting ConsumerApplication v0.0.1-SNAPSHOT using Java 17.0.2 with PID 1 (/app/app.jar started by root in /app)
2025-05-24T12:38:52.026Z  INFO 1 --- [consumer] [main] o.example.consumer.ConsumerApplication   : No active profile set, falling back to 1 default profile: "default"
2025-05-24T12:38:52.662Z  INFO 1 --- [consumer] [main] o.example.consumer.ConsumerApplication   : Starting ConsumerApplication v0.0.1-SNAPSHOT using Java 17.0.2 with PID 1 (/app/app.jar started by root in /app)
2025-05-24T12:38:52.728Z  INFO 1 --- [consumer] [main] o.example.consumer.ConsumerApplication   : No active profile set, falling back to 1 default profile: "default"
2025-05-24T12:38:53.296Z  INFO 1 --- [consumer] [main] o.example.consumer.ConsumerApplication   : Starting ConsumerApplication v0.0.1-SNAPSHOT using Java 17.0.2 with PID 1 (/app/app.jar started by root in /app)
2025-05-24T12:38:53.302Z  INFO 1 --- [consumer] [main] o.example.consumer.ConsumerApplication   : No active profile set, falling back to 1 default profile: "default"
2025-05-24T12:38:53.963Z  INFO 1 --- [consumer] [main] o.example.consumer.ConsumerApplication   : Starting ConsumerApplication v0.0.1-SNAPSHOT using Java 17.0.2 with PID 1 (/app/app.jar started by root in /app)
2025-05-24T12:38:53.998Z  INFO 1 --- [consumer] [main] o.example.consumer.ConsumerApplication   : No active profile set, falling back to 1 default profile: "default"
2025-05-24T12:38:54.662Z  INFO 1 --- [consumer] [main] o.example.consumer.ConsumerApplication   : Starting ConsumerApplication v0.0.1-SNAPSHOT using Java 17.0.2 with PID 1 (/app/app.jar started by root in /app)
2025-05-24T12:38:54.664Z  INFO 1 --- [consumer] [main] o.example.consumer.ConsumerApplication   : No active profile set, falling back to 1 default profile: "default"
2025-05-24T12:38:54.858Z  INFO 1 --- [consumer] [main] o.example.consumer.ConsumerApplication   : Starting ConsumerApplication v0.0.1-SNAPSHOT using Java 17.0.2 with PID 1 (/app/app.jar started by root in /app)
2025-05-24T12:38:54.874Z  INFO 1 --- [consumer] [main] o.example.consumer.ConsumerApplication   : No active profile set, falling back to 1 default profile: "default"
2025-05-24T12:38:54.906Z  INFO 1 --- [consumer] [main] o.example.consumer.ConsumerApplication   : Starting ConsumerApplication v0.0.1-SNAPSHOT using Java 17.0.2 with PID 1 (/app/app.jar started by root in /app)
2025-05-24T12:38:54.932Z  INFO 1 --- [consumer] [main] o.example.consumer.ConsumerApplication   : No active profile set, falling back to 1 default profile: "default"
2025-05-24T12:38:56.331Z  INFO 1 --- [consumer] [main] o.example.consumer.ConsumerApplication   : Starting ConsumerApplication v0.0.1-SNAPSHOT using Java 17.0.2 with PID 1 (/app/app.jar started by root in /app)
2025-05-24T12:38:56.350Z  INFO 1 --- [consumer] [main] o.example.consumer.ConsumerApplication   : No active profile set, falling back to 1 default profile: "default"
2025-05-24T12:38:57.878Z  INFO 1 --- [consumer] [main] o.example.consumer.ConsumerApplication   : Started ConsumerApplication in 8.258 seconds (process running for 8.599)
2025-05-24T12:38:58.220Z  INFO 1 --- [consumer] [main] o.example.consumer.ConsumerApplication   : Started ConsumerApplication in 8.33 seconds (process running for 8.802)
2025-05-24T12:38:58.386Z  INFO 1 --- [consumer] [main] o.example.consumer.ConsumerApplication   : Started ConsumerApplication in 7.811 seconds (process running for 8.552)
2025-05-24T12:38:59.443Z  INFO 1 --- [consumer] [main] o.example.consumer.ConsumerApplication   : Started ConsumerApplication in 9.118 seconds (process running for 9.813)
2025-05-24T12:38:59.848Z  INFO 1 --- [consumer] [main] o.example.consumer.ConsumerApplication   : Started ConsumerApplication in 8.464 seconds (process running for 9.714)
2025-05-24T12:38:59.885Z  INFO 1 --- [consumer] [main] o.example.consumer.ConsumerApplication   : Started ConsumerApplication in 7.379 seconds (process running for 9.031)
2025-05-24T12:39:00.009Z  INFO 1 --- [consumer] [main] o.example.consumer.ConsumerApplication   : Started ConsumerApplication in 8.042 seconds (process running for 9.476)
2025-05-24T12:39:00.656Z  INFO 1 --- [consumer] [main] o.example.consumer.ConsumerApplication   : Started ConsumerApplication in 8.04 seconds (process running for 9.494)
2025-05-24T12:39:00.895Z  INFO 1 --- [consumer] [main] o.example.consumer.ConsumerApplication   : Started ConsumerApplication in 7.985 seconds (process running for 9.294)
2025-05-24T12:39:00.988Z  INFO 1 --- [consumer] [main] o.example.consumer.ConsumerApplication   : Started ConsumerApplication in 7.335 seconds (process running for 8.97)
2025-05-24T12:39:32.775Z  INFO 1 --- [consumer] [org.springframework.amqp.rabbit.RabbitListenerEndpointContainer#0-1] o.example.consumer.service.TaskConsumer  : Received task: Task(id=15, description=Task15, createdAt=1748090372513)
2025-05-24T12:39:32.778Z  INFO 1 --- [consumer] [org.springframework.amqp.rabbit.RabbitListenerEndpointContainer#0-1] o.example.consumer.service.TaskConsumer  : Received task: Task(id=11, description=Task11, createdAt=1748090372513)
2025-05-24T12:39:32.798Z  INFO 1 --- [consumer] [org.springframework.amqp.rabbit.RabbitListenerEndpointContainer#0-1] o.example.consumer.service.TaskConsumer  : Received task: Task(id=22, description=Task22, createdAt=1748090372530)
2025-05-24T12:39:32.773Z  INFO 1 --- [consumer] [org.springframework.amqp.rabbit.RabbitListenerEndpointContainer#0-1] o.example.consumer.service.TaskConsumer  : Received task: Task(id=27, description=Task27, createdAt=1748090372585)
2025-05-24T12:39:32.786Z  INFO 1 --- [consumer] [org.springframework.amqp.rabbit.RabbitListenerEndpointContainer#0-1] o.example.consumer.service.TaskConsumer  : Received task: Task(id=20, description=Task20, createdAt=1748090372514)
2025-05-24T12:39:32.855Z  INFO 1 --- [consumer] [org.springframework.amqp.rabbit.RabbitListenerEndpointContainer#0-1] o.example.consumer.service.TaskConsumer  : Received task: Task(id=18, description=Task18, createdAt=1748090372514)
2025-05-24T12:39:32.914Z  INFO 1 --- [consumer] [org.springframework.amqp.rabbit.RabbitListenerEndpointContainer#0-1] o.example.consumer.service.TaskConsumer  : Received task: Task(id=8, description=Task8, createdAt=1748090372513)
2025-05-24T12:39:32.910Z  INFO 1 --- [consumer] [org.springframework.amqp.rabbit.RabbitListenerEndpointContainer#0-1] o.example.consumer.service.TaskConsumer  : Received task: Task(id=12, description=Task12, createdAt=1748090372513)
2025-05-24T12:39:32.951Z  INFO 1 --- [consumer] [org.springframework.amqp.rabbit.RabbitListenerEndpointContainer#0-1] o.example.consumer.service.TaskConsumer  : Received task: Task(id=7, description=Task7, createdAt=1748090372513)
2025-05-24T12:39:32.969Z  INFO 1 --- [consumer] [org.springframework.amqp.rabbit.RabbitListenerEndpointContainer#0-1] o.example.consumer.service.TaskConsumer  : Received task: Task(id=26, description=Task26, createdAt=1748090372574)
2025-05-24T12:39:37.846Z  INFO 1 --- [consumer] [org.springframework.amqp.rabbit.RabbitListenerEndpointContainer#0-1] o.example.consumer.service.TaskConsumer  : Task 15 result sent to output queue
2025-05-24T12:39:37.851Z  INFO 1 --- [consumer] [org.springframework.amqp.rabbit.RabbitListenerEndpointContainer#0-1] o.example.consumer.service.TaskConsumer  : Task 15 processed in 5338 ms
2025-05-24T12:39:37.857Z  INFO 1 --- [consumer] [org.springframework.amqp.rabbit.RabbitListenerEndpointContainer#0-1] o.example.consumer.service.TaskConsumer  : Received task: Task(id=24, description=Task24, createdAt=1748090372551)
2025-05-24T12:39:37.859Z  INFO 1 --- [consumer] [org.springframework.amqp.rabbit.RabbitListenerEndpointContainer#0-1] o.example.consumer.service.TaskConsumer  : Task 27 result sent to output queue
2025-05-24T12:39:37.861Z  INFO 1 --- [consumer] [org.springframework.amqp.rabbit.RabbitListenerEndpointContainer#0-1] o.example.consumer.service.TaskConsumer  : Task 27 processed in 5275 ms
2025-05-24T12:39:37.859Z  INFO 1 --- [consumer] [org.springframework.amqp.rabbit.RabbitListenerEndpointContainer#0-1] o.example.consumer.service.TaskConsumer  : Task 11 result sent to output queue
2025-05-24T12:39:37.861Z  INFO 1 --- [consumer] [org.springframework.amqp.rabbit.RabbitListenerEndpointContainer#0-1] o.example.consumer.service.TaskConsumer  : Task 20 result sent to output queue
2025-05-24T12:39:37.863Z  INFO 1 --- [consumer] [org.springframework.amqp.rabbit.RabbitListenerEndpointContainer#0-1] o.example.consumer.service.TaskConsumer  : Task 22 result sent to output queue
2025-05-24T12:39:37.864Z  INFO 1 --- [consumer] [org.springframework.amqp.rabbit.RabbitListenerEndpointContainer#0-1] o.example.consumer.service.TaskConsumer  : Task 20 processed in 5350 ms
2025-05-24T12:39:37.865Z  INFO 1 --- [consumer] [org.springframework.amqp.rabbit.RabbitListenerEndpointContainer#0-1] o.example.consumer.service.TaskConsumer  : Task 22 processed in 5335 ms
2025-05-24T12:39:37.864Z  INFO 1 --- [consumer] [org.springframework.amqp.rabbit.RabbitListenerEndpointContainer#0-1] o.example.consumer.service.TaskConsumer  : Task 11 processed in 5351 ms
2025-05-24T12:39:37.866Z  INFO 1 --- [consumer] [org.springframework.amqp.rabbit.RabbitListenerEndpointContainer#0-1] o.example.consumer.service.TaskConsumer  : Received task: Task(id=19, description=Task19, createdAt=1748090372513)
2025-05-24T12:39:37.868Z  INFO 1 --- [consumer] [org.springframework.amqp.rabbit.RabbitListenerEndpointContainer#0-1] o.example.consumer.service.TaskConsumer  : Received task: Task(id=2, description=Task2, createdAt=1748090372513)
2025-05-24T12:39:37.869Z  INFO 1 --- [consumer] [org.springframework.amqp.rabbit.RabbitListenerEndpointContainer#0-1] o.example.consumer.service.TaskConsumer  : Received task: Task(id=25, description=Task25, createdAt=1748090372559)
2025-05-24T12:39:37.869Z  INFO 1 --- [consumer] [org.springframework.amqp.rabbit.RabbitListenerEndpointContainer#0-1] o.example.consumer.service.TaskConsumer  : Received task: Task(id=23, description=Task23, createdAt=1748090372542)
2025-05-24T12:39:37.877Z  INFO 1 --- [consumer] [org.springframework.amqp.rabbit.RabbitListenerEndpointContainer#0-1] o.example.consumer.service.TaskConsumer  : Task 18 result sent to output queue
2025-05-24T12:39:37.878Z  INFO 1 --- [consumer] [org.springframework.amqp.rabbit.RabbitListenerEndpointContainer#0-1] o.example.consumer.service.TaskConsumer  : Task 18 processed in 5364 ms
2025-05-24T12:39:37.880Z  INFO 1 --- [consumer] [org.springframework.amqp.rabbit.RabbitListenerEndpointContainer#0-1] o.example.consumer.service.TaskConsumer  : Received task: Task(id=4, description=Task4, createdAt=1748090372513)
2025-05-24T12:39:37.959Z  INFO 1 --- [consumer] [org.springframework.amqp.rabbit.RabbitListenerEndpointContainer#0-1] o.example.consumer.service.TaskConsumer  : Task 8 result sent to output queue
2025-05-24T12:39:37.960Z  INFO 1 --- [consumer] [org.springframework.amqp.rabbit.RabbitListenerEndpointContainer#0-1] o.example.consumer.service.TaskConsumer  : Task 8 processed in 5447 ms
2025-05-24T12:39:37.963Z  INFO 1 --- [consumer] [org.springframework.amqp.rabbit.RabbitListenerEndpointContainer#0-1] o.example.consumer.service.TaskConsumer  : Received task: Task(id=5, description=Task5, createdAt=1748090372514)
2025-05-24T12:39:37.970Z  INFO 1 --- [consumer] [org.springframework.amqp.rabbit.RabbitListenerEndpointContainer#0-1] o.example.consumer.service.TaskConsumer  : Task 12 result sent to output queue
2025-05-24T12:39:37.971Z  INFO 1 --- [consumer] [org.springframework.amqp.rabbit.RabbitListenerEndpointContainer#0-1] o.example.consumer.service.TaskConsumer  : Task 12 processed in 5458 ms
2025-05-24T12:39:37.973Z  INFO 1 --- [consumer] [org.springframework.amqp.rabbit.RabbitListenerEndpointContainer#0-1] o.example.consumer.service.TaskConsumer  : Received task: Task(id=9, description=Task9, createdAt=1748090372513)
2025-05-24T12:39:37.981Z  INFO 1 --- [consumer] [org.springframework.amqp.rabbit.RabbitListenerEndpointContainer#0-1] o.example.consumer.service.TaskConsumer  : Task 7 result sent to output queue
2025-05-24T12:39:37.982Z  INFO 1 --- [consumer] [org.springframework.amqp.rabbit.RabbitListenerEndpointContainer#0-1] o.example.consumer.service.TaskConsumer  : Task 7 processed in 5469 ms
2025-05-24T12:39:37.984Z  INFO 1 --- [consumer] [org.springframework.amqp.rabbit.RabbitListenerEndpointContainer#0-1] o.example.consumer.service.TaskConsumer  : Received task: Task(id=21, description=Task21, createdAt=1748090372519)
2025-05-24T12:39:38.023Z  INFO 1 --- [consumer] [org.springframework.amqp.rabbit.RabbitListenerEndpointContainer#0-1] o.example.consumer.service.TaskConsumer  : Task 26 result sent to output queue
2025-05-24T12:39:38.024Z  INFO 1 --- [consumer] [org.springframework.amqp.rabbit.RabbitListenerEndpointContainer#0-1] o.example.consumer.service.TaskConsumer  : Task 26 processed in 5450 ms
2025-05-24T12:39:38.026Z  INFO 1 --- [consumer] [org.springframework.amqp.rabbit.RabbitListenerEndpointContainer#0-1] o.example.consumer.service.TaskConsumer  : Received task: Task(id=17, description=Task17, createdAt=1748090372513)
2025-05-24T12:39:42.867Z  INFO 1 --- [consumer] [org.springframework.amqp.rabbit.RabbitListenerEndpointContainer#0-1] o.example.consumer.service.TaskConsumer  : Task 24 result sent to output queue
2025-05-24T12:39:42.870Z  INFO 1 --- [consumer] [org.springframework.amqp.rabbit.RabbitListenerEndpointContainer#0-1] o.example.consumer.service.TaskConsumer  : Task 24 processed in 10319 ms
2025-05-24T12:39:42.872Z  INFO 1 --- [consumer] [org.springframework.amqp.rabbit.RabbitListenerEndpointContainer#0-1] o.example.consumer.service.TaskConsumer  : Received task: Task(id=29, description=Task29, createdAt=1748090372629)
2025-05-24T12:39:42.872Z  INFO 1 --- [consumer] [org.springframework.amqp.rabbit.RabbitListenerEndpointContainer#0-1] o.example.consumer.service.TaskConsumer  : Task 19 result sent to output queue
2025-05-24T12:39:42.874Z  INFO 1 --- [consumer] [org.springframework.amqp.rabbit.RabbitListenerEndpointContainer#0-1] o.example.consumer.service.TaskConsumer  : Task 2 result sent to output queue
2025-05-24T12:39:42.874Z  INFO 1 --- [consumer] [org.springframework.amqp.rabbit.RabbitListenerEndpointContainer#0-1] o.example.consumer.service.TaskConsumer  : Task 23 result sent to output queue
2025-05-24T12:39:42.874Z  INFO 1 --- [consumer] [org.springframework.amqp.rabbit.RabbitListenerEndpointContainer#0-1] o.example.consumer.service.TaskConsumer  : Task 25 result sent to output queue
2025-05-24T12:39:42.876Z  INFO 1 --- [consumer] [org.springframework.amqp.rabbit.RabbitListenerEndpointContainer#0-1] o.example.consumer.service.TaskConsumer  : Task 19 processed in 10363 ms
2025-05-24T12:39:42.877Z  INFO 1 --- [consumer] [org.springframework.amqp.rabbit.RabbitListenerEndpointContainer#0-1] o.example.consumer.service.TaskConsumer  : Task 25 processed in 10318 ms
2025-05-24T12:39:42.876Z  INFO 1 --- [consumer] [org.springframework.amqp.rabbit.RabbitListenerEndpointContainer#0-1] o.example.consumer.service.TaskConsumer  : Task 2 processed in 10363 ms
2025-05-24T12:39:42.877Z  INFO 1 --- [consumer] [org.springframework.amqp.rabbit.RabbitListenerEndpointContainer#0-1] o.example.consumer.service.TaskConsumer  : Task 23 processed in 10335 ms
2025-05-24T12:39:42.879Z  INFO 1 --- [consumer] [org.springframework.amqp.rabbit.RabbitListenerEndpointContainer#0-1] o.example.consumer.service.TaskConsumer  : Received task: Task(id=40, description=Task40, createdAt=1748090372815)
2025-05-24T12:39:42.879Z  INFO 1 --- [consumer] [org.springframework.amqp.rabbit.RabbitListenerEndpointContainer#0-1] o.example.consumer.service.TaskConsumer  : Received task: Task(id=28, description=Task28, createdAt=1748090372604)
2025-05-24T12:39:42.880Z  INFO 1 --- [consumer] [org.springframework.amqp.rabbit.RabbitListenerEndpointContainer#0-1] o.example.consumer.service.TaskConsumer  : Received task: Task(id=6, description=Task6, createdAt=1748090372513)
2025-05-24T12:39:42.880Z  INFO 1 --- [consumer] [org.springframework.amqp.rabbit.RabbitListenerEndpointContainer#0-1] o.example.consumer.service.TaskConsumer  : Received task: Task(id=16, description=Task16, createdAt=1748090372513)
2025-05-24T12:39:42.883Z  INFO 1 --- [consumer] [org.springframework.amqp.rabbit.RabbitListenerEndpointContainer#0-1] o.example.consumer.service.TaskConsumer  : Task 4 result sent to output queue
2025-05-24T12:39:42.883Z  INFO 1 --- [consumer] [org.springframework.amqp.rabbit.RabbitListenerEndpointContainer#0-1] o.example.consumer.service.TaskConsumer  : Task 4 processed in 10370 ms
2025-05-24T12:39:42.884Z  INFO 1 --- [consumer] [org.springframework.amqp.rabbit.RabbitListenerEndpointContainer#0-1] o.example.consumer.service.TaskConsumer  : Received task: Task(id=13, description=Task13, createdAt=1748090372513)
2025-05-24T12:39:42.967Z  INFO 1 --- [consumer] [org.springframework.amqp.rabbit.RabbitListenerEndpointContainer#0-1] o.example.consumer.service.TaskConsumer  : Task 5 result sent to output queue
2025-05-24T12:39:42.967Z  INFO 1 --- [consumer] [org.springframework.amqp.rabbit.RabbitListenerEndpointContainer#0-1] o.example.consumer.service.TaskConsumer  : Task 5 processed in 10453 ms
2025-05-24T12:39:42.969Z  INFO 1 --- [consumer] [org.springframework.amqp.rabbit.RabbitListenerEndpointContainer#0-1] o.example.consumer.service.TaskConsumer  : Received task: Task(id=3, description=Task3, createdAt=1748090372513)
2025-05-24T12:39:42.977Z  INFO 1 --- [consumer] [org.springframework.amqp.rabbit.RabbitListenerEndpointContainer#0-1] o.example.consumer.service.TaskConsumer  : Task 9 result sent to output queue
2025-05-24T12:39:42.977Z  INFO 1 --- [consumer] [org.springframework.amqp.rabbit.RabbitListenerEndpointContainer#0-1] o.example.consumer.service.TaskConsumer  : Task 9 processed in 10464 ms
2025-05-24T12:39:42.979Z  INFO 1 --- [consumer] [org.springframework.amqp.rabbit.RabbitListenerEndpointContainer#0-1] o.example.consumer.service.TaskConsumer  : Received task: Task(id=14, description=Task14, createdAt=1748090372513)
2025-05-24T12:39:42.988Z  INFO 1 --- [consumer] [org.springframework.amqp.rabbit.RabbitListenerEndpointContainer#0-1] o.example.consumer.service.TaskConsumer  : Task 21 result sent to output queue
2025-05-24T12:39:42.989Z  INFO 1 --- [consumer] [org.springframework.amqp.rabbit.RabbitListenerEndpointContainer#0-1] o.example.consumer.service.TaskConsumer  : Task 21 processed in 10470 ms
2025-05-24T12:39:42.990Z  INFO 1 --- [consumer] [org.springframework.amqp.rabbit.RabbitListenerEndpointContainer#0-1] o.example.consumer.service.TaskConsumer  : Received task: Task(id=1, description=Task1, createdAt=1748090372513)
2025-05-24T12:39:43.029Z  INFO 1 --- [consumer] [org.springframework.amqp.rabbit.RabbitListenerEndpointContainer#0-1] o.example.consumer.service.TaskConsumer  : Task 17 result sent to output queue
2025-05-24T12:39:43.029Z  INFO 1 --- [consumer] [org.springframework.amqp.rabbit.RabbitListenerEndpointContainer#0-1] o.example.consumer.service.TaskConsumer  : Task 17 processed in 10516 ms
2025-05-24T12:39:43.030Z  INFO 1 --- [consumer] [org.springframework.amqp.rabbit.RabbitListenerEndpointContainer#0-1] o.example.consumer.service.TaskConsumer  : Received task: Task(id=10, description=Task10, createdAt=1748090372513)
2025-05-24T12:39:47.875Z  INFO 1 --- [consumer] [org.springframework.amqp.rabbit.RabbitListenerEndpointContainer#0-1] o.example.consumer.service.TaskConsumer  : Task 29 result sent to output queue
2025-05-24T12:39:47.877Z  INFO 1 --- [consumer] [org.springframework.amqp.rabbit.RabbitListenerEndpointContainer#0-1] o.example.consumer.service.TaskConsumer  : Task 29 processed in 15248 ms
2025-05-24T12:39:47.879Z  INFO 1 --- [consumer] [org.springframework.amqp.rabbit.RabbitListenerEndpointContainer#0-1] o.example.consumer.service.TaskConsumer  : Received task: Task(id=34, description=Task34, createdAt=1748090372752)
2025-05-24T12:39:47.881Z  INFO 1 --- [consumer] [org.springframework.amqp.rabbit.RabbitListenerEndpointContainer#0-1] o.example.consumer.service.TaskConsumer  : Task 40 result sent to output queue
2025-05-24T12:39:47.882Z  INFO 1 --- [consumer] [org.springframework.amqp.rabbit.RabbitListenerEndpointContainer#0-1] o.example.consumer.service.TaskConsumer  : Task 28 result sent to output queue
2025-05-24T12:39:47.882Z  INFO 1 --- [consumer] [org.springframework.amqp.rabbit.RabbitListenerEndpointContainer#0-1] o.example.consumer.service.TaskConsumer  : Task 16 result sent to output queue
2025-05-24T12:39:47.883Z  INFO 1 --- [consumer] [org.springframework.amqp.rabbit.RabbitListenerEndpointContainer#0-1] o.example.consumer.service.TaskConsumer  : Task 40 processed in 15068 ms
2025-05-24T12:39:47.882Z  INFO 1 --- [consumer] [org.springframework.amqp.rabbit.RabbitListenerEndpointContainer#0-1] o.example.consumer.service.TaskConsumer  : Task 6 result sent to output queue
2025-05-24T12:39:47.883Z  INFO 1 --- [consumer] [org.springframework.amqp.rabbit.RabbitListenerEndpointContainer#0-1] o.example.consumer.service.TaskConsumer  : Task 28 processed in 15279 ms
2025-05-24T12:39:47.885Z  INFO 1 --- [consumer] [org.springframework.amqp.rabbit.RabbitListenerEndpointContainer#0-1] o.example.consumer.service.TaskConsumer  : Received task: Task(id=43, description=Task43, createdAt=1748090372833)
2025-05-24T12:39:47.884Z  INFO 1 --- [consumer] [org.springframework.amqp.rabbit.RabbitListenerEndpointContainer#0-1] o.example.consumer.service.TaskConsumer  : Task 16 processed in 15371 ms
2025-05-24T12:39:47.885Z  INFO 1 --- [consumer] [org.springframework.amqp.rabbit.RabbitListenerEndpointContainer#0-1] o.example.consumer.service.TaskConsumer  : Task 13 result sent to output queue
2025-05-24T12:39:47.885Z  INFO 1 --- [consumer] [org.springframework.amqp.rabbit.RabbitListenerEndpointContainer#0-1] o.example.consumer.service.TaskConsumer  : Task 6 processed in 15372 ms
2025-05-24T12:39:47.887Z  INFO 1 --- [consumer] [org.springframework.amqp.rabbit.RabbitListenerEndpointContainer#0-1] o.example.consumer.service.TaskConsumer  : Received task: Task(id=30, description=Task30, createdAt=1748090372656)
2025-05-24T12:39:47.887Z  INFO 1 --- [consumer] [org.springframework.amqp.rabbit.RabbitListenerEndpointContainer#0-1] o.example.consumer.service.TaskConsumer  : Task 13 processed in 15374 ms
2025-05-24T12:39:47.888Z  INFO 1 --- [consumer] [org.springframework.amqp.rabbit.RabbitListenerEndpointContainer#0-1] o.example.consumer.service.TaskConsumer  : Received task: Task(id=35, description=Task35, createdAt=1748090372740)
2025-05-24T12:39:47.889Z  INFO 1 --- [consumer] [org.springframework.amqp.rabbit.RabbitListenerEndpointContainer#0-1] o.example.consumer.service.TaskConsumer  : Received task: Task(id=32, description=Task32, createdAt=1748090372729)
2025-05-24T12:39:47.889Z  INFO 1 --- [consumer] [org.springframework.amqp.rabbit.RabbitListenerEndpointContainer#0-1] o.example.consumer.service.TaskConsumer  : Received task: Task(id=31, description=Task31, createdAt=1748090372743)
2025-05-24T12:39:47.970Z  INFO 1 --- [consumer] [org.springframework.amqp.rabbit.RabbitListenerEndpointContainer#0-1] o.example.consumer.service.TaskConsumer  : Task 3 result sent to output queue
2025-05-24T12:39:47.971Z  INFO 1 --- [consumer] [org.springframework.amqp.rabbit.RabbitListenerEndpointContainer#0-1] o.example.consumer.service.TaskConsumer  : Task 3 processed in 15458 ms
2025-05-24T12:39:47.972Z  INFO 1 --- [consumer] [org.springframework.amqp.rabbit.RabbitListenerEndpointContainer#0-1] o.example.consumer.service.TaskConsumer  : Received task: Task(id=33, description=Task33, createdAt=1748090372739)
2025-05-24T12:39:47.980Z  INFO 1 --- [consumer] [org.springframework.amqp.rabbit.RabbitListenerEndpointContainer#0-1] o.example.consumer.service.TaskConsumer  : Task 14 result sent to output queue
2025-05-24T12:39:47.981Z  INFO 1 --- [consumer] [org.springframework.amqp.rabbit.RabbitListenerEndpointContainer#0-1] o.example.consumer.service.TaskConsumer  : Task 14 processed in 15468 ms
2025-05-24T12:39:47.982Z  INFO 1 --- [consumer] [org.springframework.amqp.rabbit.RabbitListenerEndpointContainer#0-1] o.example.consumer.service.TaskConsumer  : Received task: Task(id=39, description=Task39, createdAt=1748090372814)
2025-05-24T12:39:47.991Z  INFO 1 --- [consumer] [org.springframework.amqp.rabbit.RabbitListenerEndpointContainer#0-1] o.example.consumer.service.TaskConsumer  : Task 1 result sent to output queue
2025-05-24T12:39:47.991Z  INFO 1 --- [consumer] [org.springframework.amqp.rabbit.RabbitListenerEndpointContainer#0-1] o.example.consumer.service.TaskConsumer  : Task 1 processed in 15478 ms
2025-05-24T12:39:47.993Z  INFO 1 --- [consumer] [org.springframework.amqp.rabbit.RabbitListenerEndpointContainer#0-1] o.example.consumer.service.TaskConsumer  : Received task: Task(id=38, description=Task38, createdAt=1748090372821)
2025-05-24T12:39:48.031Z  INFO 1 --- [consumer] [org.springframework.amqp.rabbit.RabbitListenerEndpointContainer#0-1] o.example.consumer.service.TaskConsumer  : Task 10 result sent to output queue
2025-05-24T12:39:48.032Z  INFO 1 --- [consumer] [org.springframework.amqp.rabbit.RabbitListenerEndpointContainer#0-1] o.example.consumer.service.TaskConsumer  : Task 10 processed in 15519 ms
2025-05-24T12:39:48.033Z  INFO 1 --- [consumer] [org.springframework.amqp.rabbit.RabbitListenerEndpointContainer#0-1] o.example.consumer.service.TaskConsumer  : Received task: Task(id=44, description=Task44, createdAt=1748090372828)
2025-05-24T12:39:52.882Z  INFO 1 --- [consumer] [org.springframework.amqp.rabbit.RabbitListenerEndpointContainer#0-1] o.example.consumer.service.TaskConsumer  : Task 34 result sent to output queue
2025-05-24T12:39:52.883Z  INFO 1 --- [consumer] [org.springframework.amqp.rabbit.RabbitListenerEndpointContainer#0-1] o.example.consumer.service.TaskConsumer  : Task 34 processed in 20131 ms
2025-05-24T12:39:52.888Z  INFO 1 --- [consumer] [org.springframework.amqp.rabbit.RabbitListenerEndpointContainer#0-1] o.example.consumer.service.TaskConsumer  : Received task: Task(id=50, description=Task50, createdAt=1748090372871)
2025-05-24T12:39:52.890Z  INFO 1 --- [consumer] [org.springframework.amqp.rabbit.RabbitListenerEndpointContainer#0-1] o.example.consumer.service.TaskConsumer  : Task 43 result sent to output queue
2025-05-24T12:39:52.891Z  INFO 1 --- [consumer] [org.springframework.amqp.rabbit.RabbitListenerEndpointContainer#0-1] o.example.consumer.service.TaskConsumer  : Task 35 result sent to output queue
2025-05-24T12:39:52.891Z  INFO 1 --- [consumer] [org.springframework.amqp.rabbit.RabbitListenerEndpointContainer#0-1] o.example.consumer.service.TaskConsumer  : Task 43 processed in 20058 ms
2025-05-24T12:39:52.890Z  INFO 1 --- [consumer] [org.springframework.amqp.rabbit.RabbitListenerEndpointContainer#0-1] o.example.consumer.service.TaskConsumer  : Task 30 result sent to output queue
2025-05-24T12:39:52.891Z  INFO 1 --- [consumer] [org.springframework.amqp.rabbit.RabbitListenerEndpointContainer#0-1] o.example.consumer.service.TaskConsumer  : Task 31 result sent to output queue
2025-05-24T12:39:52.894Z  INFO 1 --- [consumer] [org.springframework.amqp.rabbit.RabbitListenerEndpointContainer#0-1] o.example.consumer.service.TaskConsumer  : Task 30 processed in 20238 ms
2025-05-24T12:39:52.891Z  INFO 1 --- [consumer] [org.springframework.amqp.rabbit.RabbitListenerEndpointContainer#0-1] o.example.consumer.service.TaskConsumer  : Task 32 result sent to output queue
2025-05-24T12:39:52.893Z  INFO 1 --- [consumer] [org.springframework.amqp.rabbit.RabbitListenerEndpointContainer#0-1] o.example.consumer.service.TaskConsumer  : Task 35 processed in 20153 ms
2025-05-24T12:39:52.894Z  INFO 1 --- [consumer] [org.springframework.amqp.rabbit.RabbitListenerEndpointContainer#0-1] o.example.consumer.service.TaskConsumer  : Task 31 processed in 20151 ms
2025-05-24T12:39:52.894Z  INFO 1 --- [consumer] [org.springframework.amqp.rabbit.RabbitListenerEndpointContainer#0-1] o.example.consumer.service.TaskConsumer  : Received task: Task(id=51, description=Task51, createdAt=1748090372910)
2025-05-24T12:39:52.895Z  INFO 1 --- [consumer] [org.springframework.amqp.rabbit.RabbitListenerEndpointContainer#0-1] o.example.consumer.service.TaskConsumer  : Task 32 processed in 20166 ms
2025-05-24T12:39:52.895Z  INFO 1 --- [consumer] [org.springframework.amqp.rabbit.RabbitListenerEndpointContainer#0-1] o.example.consumer.service.TaskConsumer  : Received task: Task(id=46, description=Task46, createdAt=1748090372829)
2025-05-24T12:39:52.898Z  INFO 1 --- [consumer] [org.springframework.amqp.rabbit.RabbitListenerEndpointContainer#0-1] o.example.consumer.service.TaskConsumer  : Received task: Task(id=41, description=Task41, createdAt=1748090372818)
2025-05-24T12:39:52.899Z  INFO 1 --- [consumer] [org.springframework.amqp.rabbit.RabbitListenerEndpointContainer#0-1] o.example.consumer.service.TaskConsumer  : Received task: Task(id=47, description=Task47, createdAt=1748090372830)
2025-05-24T12:39:52.899Z  INFO 1 --- [consumer] [org.springframework.amqp.rabbit.RabbitListenerEndpointContainer#0-1] o.example.consumer.service.TaskConsumer  : Received task: Task(id=37, description=Task37, createdAt=1748090372810)
2025-05-24T12:39:52.975Z  INFO 1 --- [consumer] [org.springframework.amqp.rabbit.RabbitListenerEndpointContainer#0-1] o.example.consumer.service.TaskConsumer  : Task 33 result sent to output queue
2025-05-24T12:39:52.976Z  INFO 1 --- [consumer] [org.springframework.amqp.rabbit.RabbitListenerEndpointContainer#0-1] o.example.consumer.service.TaskConsumer  : Task 33 processed in 20237 ms
2025-05-24T12:39:52.978Z  INFO 1 --- [consumer] [org.springframework.amqp.rabbit.RabbitListenerEndpointContainer#0-1] o.example.consumer.service.TaskConsumer  : Received task: Task(id=42, description=Task42, createdAt=1748090372806)
2025-05-24T12:39:52.984Z  INFO 1 --- [consumer] [org.springframework.amqp.rabbit.RabbitListenerEndpointContainer#0-1] o.example.consumer.service.TaskConsumer  : Task 39 result sent to output queue
2025-05-24T12:39:52.985Z  INFO 1 --- [consumer] [org.springframework.amqp.rabbit.RabbitListenerEndpointContainer#0-1] o.example.consumer.service.TaskConsumer  : Task 39 processed in 20171 ms
2025-05-24T12:39:52.986Z  INFO 1 --- [consumer] [org.springframework.amqp.rabbit.RabbitListenerEndpointContainer#0-1] o.example.consumer.service.TaskConsumer  : Received task: Task(id=48, description=Task48, createdAt=1748090372836)
2025-05-24T12:39:52.995Z  INFO 1 --- [consumer] [org.springframework.amqp.rabbit.RabbitListenerEndpointContainer#0-1] o.example.consumer.service.TaskConsumer  : Task 38 result sent to output queue
2025-05-24T12:39:52.996Z  INFO 1 --- [consumer] [org.springframework.amqp.rabbit.RabbitListenerEndpointContainer#0-1] o.example.consumer.service.TaskConsumer  : Task 38 processed in 20175 ms
2025-05-24T12:39:52.998Z  INFO 1 --- [consumer] [org.springframework.amqp.rabbit.RabbitListenerEndpointContainer#0-1] o.example.consumer.service.TaskConsumer  : Received task: Task(id=45, description=Task45, createdAt=1748090372824)
2025-05-24T12:39:53.036Z  INFO 1 --- [consumer] [org.springframework.amqp.rabbit.RabbitListenerEndpointContainer#0-1] o.example.consumer.service.TaskConsumer  : Task 44 result sent to output queue
2025-05-24T12:39:53.037Z  INFO 1 --- [consumer] [org.springframework.amqp.rabbit.RabbitListenerEndpointContainer#0-1] o.example.consumer.service.TaskConsumer  : Task 44 processed in 20209 ms
2025-05-24T12:39:53.038Z  INFO 1 --- [consumer] [org.springframework.amqp.rabbit.RabbitListenerEndpointContainer#0-1] o.example.consumer.service.TaskConsumer  : Received task: Task(id=36, description=Task36, createdAt=1748090372759)
2025-05-24T12:39:57.896Z  INFO 1 --- [consumer] [org.springframework.amqp.rabbit.RabbitListenerEndpointContainer#0-1] o.example.consumer.service.TaskConsumer  : Task 50 result sent to output queue
2025-05-24T12:39:57.899Z  INFO 1 --- [consumer] [org.springframework.amqp.rabbit.RabbitListenerEndpointContainer#0-1] o.example.consumer.service.TaskConsumer  : Task 51 result sent to output queue
2025-05-24T12:39:57.901Z  INFO 1 --- [consumer] [org.springframework.amqp.rabbit.RabbitListenerEndpointContainer#0-1] o.example.consumer.service.TaskConsumer  : Task 46 result sent to output queue
2025-05-24T12:39:57.901Z  INFO 1 --- [consumer] [org.springframework.amqp.rabbit.RabbitListenerEndpointContainer#0-1] o.example.consumer.service.TaskConsumer  : Task 47 result sent to output queue
2025-05-24T12:39:57.904Z  INFO 1 --- [consumer] [org.springframework.amqp.rabbit.RabbitListenerEndpointContainer#0-1] o.example.consumer.service.TaskConsumer  : Task 37 result sent to output queue
2025-05-24T12:39:57.906Z  INFO 1 --- [consumer] [org.springframework.amqp.rabbit.RabbitListenerEndpointContainer#0-1] o.example.consumer.service.TaskConsumer  : Task 41 result sent to output queue
2025-05-24T12:39:57.910Z  INFO 1 --- [consumer] [org.springframework.amqp.rabbit.RabbitListenerEndpointContainer#0-1] o.example.consumer.service.TaskConsumer  : Task 50 processed in 25039 ms
2025-05-24T12:39:57.911Z  INFO 1 --- [consumer] [org.springframework.amqp.rabbit.RabbitListenerEndpointContainer#0-1] o.example.consumer.service.TaskConsumer  : Task 51 processed in 25001 ms
2025-05-24T12:39:57.911Z  INFO 1 --- [consumer] [org.springframework.amqp.rabbit.RabbitListenerEndpointContainer#0-1] o.example.consumer.service.TaskConsumer  : Task 46 processed in 25082 ms
2025-05-24T12:39:57.912Z  INFO 1 --- [consumer] [org.springframework.amqp.rabbit.RabbitListenerEndpointContainer#0-1] o.example.consumer.service.TaskConsumer  : Task 47 processed in 25082 ms
2025-05-24T12:39:57.913Z  INFO 1 --- [consumer] [org.springframework.amqp.rabbit.RabbitListenerEndpointContainer#0-1] o.example.consumer.service.TaskConsumer  : Received task: Task(id=56, description=Task56, createdAt=1748090372895)
2025-05-24T12:39:57.912Z  INFO 1 --- [consumer] [org.springframework.amqp.rabbit.RabbitListenerEndpointContainer#0-1] o.example.consumer.service.TaskConsumer  : Task 37 processed in 25102 ms
2025-05-24T12:39:57.912Z  INFO 1 --- [consumer] [org.springframework.amqp.rabbit.RabbitListenerEndpointContainer#0-1] o.example.consumer.service.TaskConsumer  : Task 41 processed in 25094 ms
2025-05-24T12:39:57.914Z  INFO 1 --- [consumer] [org.springframework.amqp.rabbit.RabbitListenerEndpointContainer#0-1] o.example.consumer.service.TaskConsumer  : Received task: Task(id=54, description=Task54, createdAt=1748090372874)
2025-05-24T12:39:57.914Z  INFO 1 --- [consumer] [org.springframework.amqp.rabbit.RabbitListenerEndpointContainer#0-1] o.example.consumer.service.TaskConsumer  : Received task: Task(id=49, description=Task49, createdAt=1748090372895)
2025-05-24T12:39:57.914Z  INFO 1 --- [consumer] [org.springframework.amqp.rabbit.RabbitListenerEndpointContainer#0-1] o.example.consumer.service.TaskConsumer  : Received task: Task(id=68, description=Task68, createdAt=1748090373002)
2025-05-24T12:39:57.920Z  INFO 1 --- [consumer] [org.springframework.amqp.rabbit.RabbitListenerEndpointContainer#0-1] o.example.consumer.service.TaskConsumer  : Received task: Task(id=52, description=Task52, createdAt=1748090372893)
2025-05-24T12:39:57.920Z  INFO 1 --- [consumer] [org.springframework.amqp.rabbit.RabbitListenerEndpointContainer#0-1] o.example.consumer.service.TaskConsumer  : Received task: Task(id=57, description=Task57, createdAt=1748090372896)
2025-05-24T12:39:57.984Z  INFO 1 --- [consumer] [org.springframework.amqp.rabbit.RabbitListenerEndpointContainer#0-1] o.example.consumer.service.TaskConsumer  : Task 42 result sent to output queue
2025-05-24T12:39:57.986Z  INFO 1 --- [consumer] [org.springframework.amqp.rabbit.RabbitListenerEndpointContainer#0-1] o.example.consumer.service.TaskConsumer  : Task 42 processed in 25180 ms
2025-05-24T12:39:57.989Z  INFO 1 --- [consumer] [org.springframework.amqp.rabbit.RabbitListenerEndpointContainer#0-1] o.example.consumer.service.TaskConsumer  : Task 48 result sent to output queue
2025-05-24T12:39:57.990Z  INFO 1 --- [consumer] [org.springframework.amqp.rabbit.RabbitListenerEndpointContainer#0-1] o.example.consumer.service.TaskConsumer  : Received task: Task(id=55, description=Task55, createdAt=1748090372894)
2025-05-24T12:39:57.992Z  INFO 1 --- [consumer] [org.springframework.amqp.rabbit.RabbitListenerEndpointContainer#0-1] o.example.consumer.service.TaskConsumer  : Task 48 processed in 25155 ms
2025-05-24T12:39:57.992Z  INFO 1 --- [consumer] [org.springframework.amqp.rabbit.RabbitListenerEndpointContainer#0-1] o.example.consumer.service.TaskConsumer  : Received task: Task(id=60, description=Task60, createdAt=1748090372947)
2025-05-24T12:39:58.000Z  INFO 1 --- [consumer] [org.springframework.amqp.rabbit.RabbitListenerEndpointContainer#0-1] o.example.consumer.service.TaskConsumer  : Task 45 result sent to output queue
2025-05-24T12:39:58.000Z  INFO 1 --- [consumer] [org.springframework.amqp.rabbit.RabbitListenerEndpointContainer#0-1] o.example.consumer.service.TaskConsumer  : Task 45 processed in 25176 ms
2025-05-24T12:39:58.001Z  INFO 1 --- [consumer] [org.springframework.amqp.rabbit.RabbitListenerEndpointContainer#0-1] o.example.consumer.service.TaskConsumer  : Received task: Task(id=53, description=Task53, createdAt=1748090372878)
2025-05-24T12:39:58.041Z  INFO 1 --- [consumer] [org.springframework.amqp.rabbit.RabbitListenerEndpointContainer#0-1] o.example.consumer.service.TaskConsumer  : Task 36 result sent to output queue
2025-05-24T12:39:58.045Z  INFO 1 --- [consumer] [org.springframework.amqp.rabbit.RabbitListenerEndpointContainer#0-1] o.example.consumer.service.TaskConsumer  : Task 36 processed in 25286 ms
2025-05-24T12:39:58.050Z  INFO 1 --- [consumer] [org.springframework.amqp.rabbit.RabbitListenerEndpointContainer#0-1] o.example.consumer.service.TaskConsumer  : Received task: Task(id=61, description=Task61, createdAt=1748090372954)
2025-05-24T12:40:02.920Z  INFO 1 --- [consumer] [org.springframework.amqp.rabbit.RabbitListenerEndpointContainer#0-1] o.example.consumer.service.TaskConsumer  : Task 56 result sent to output queue
2025-05-24T12:40:02.930Z  INFO 1 --- [consumer] [org.springframework.amqp.rabbit.RabbitListenerEndpointContainer#0-1] o.example.consumer.service.TaskConsumer  : Task 52 result sent to output queue
2025-05-24T12:40:02.922Z  INFO 1 --- [consumer] [org.springframework.amqp.rabbit.RabbitListenerEndpointContainer#0-1] o.example.consumer.service.TaskConsumer  : Task 49 result sent to output queue
2025-05-24T12:40:02.923Z  INFO 1 --- [consumer] [org.springframework.amqp.rabbit.RabbitListenerEndpointContainer#0-1] o.example.consumer.service.TaskConsumer  : Task 54 result sent to output queue
2025-05-24T12:40:02.924Z  INFO 1 --- [consumer] [org.springframework.amqp.rabbit.RabbitListenerEndpointContainer#0-1] o.example.consumer.service.TaskConsumer  : Task 57 result sent to output queue
2025-05-24T12:40:02.925Z  INFO 1 --- [consumer] [org.springframework.amqp.rabbit.RabbitListenerEndpointContainer#0-1] o.example.consumer.service.TaskConsumer  : Task 68 result sent to output queue
2025-05-24T12:40:02.931Z  INFO 1 --- [consumer] [org.springframework.amqp.rabbit.RabbitListenerEndpointContainer#0-1] o.example.consumer.service.TaskConsumer  : Task 56 processed in 30036 ms
2025-05-24T12:40:02.934Z  INFO 1 --- [consumer] [org.springframework.amqp.rabbit.RabbitListenerEndpointContainer#0-1] o.example.consumer.service.TaskConsumer  : Task 52 processed in 30041 ms
2025-05-24T12:40:02.935Z  INFO 1 --- [consumer] [org.springframework.amqp.rabbit.RabbitListenerEndpointContainer#0-1] o.example.consumer.service.TaskConsumer  : Task 49 processed in 30040 ms
2025-05-24T12:40:02.938Z  INFO 1 --- [consumer] [org.springframework.amqp.rabbit.RabbitListenerEndpointContainer#0-1] o.example.consumer.service.TaskConsumer  : Task 54 processed in 30064 ms
2025-05-24T12:40:02.939Z  INFO 1 --- [consumer] [org.springframework.amqp.rabbit.RabbitListenerEndpointContainer#0-1] o.example.consumer.service.TaskConsumer  : Task 57 processed in 30043 ms
2025-05-24T12:40:02.941Z  INFO 1 --- [consumer] [org.springframework.amqp.rabbit.RabbitListenerEndpointContainer#0-1] o.example.consumer.service.TaskConsumer  : Task 68 processed in 29939 ms
2025-05-24T12:40:02.946Z  INFO 1 --- [consumer] [org.springframework.amqp.rabbit.RabbitListenerEndpointContainer#0-1] o.example.consumer.service.TaskConsumer  : Received task: Task(id=67, description=Task67, createdAt=1748090372997)
2025-05-24T12:40:02.952Z  INFO 1 --- [consumer] [org.springframework.amqp.rabbit.RabbitListenerEndpointContainer#0-1] o.example.consumer.service.TaskConsumer  : Received task: Task(id=65, description=Task65, createdAt=1748090372967)
2025-05-24T12:40:02.962Z  INFO 1 --- [consumer] [org.springframework.amqp.rabbit.RabbitListenerEndpointContainer#0-1] o.example.consumer.service.TaskConsumer  : Received task: Task(id=72, description=Task72, createdAt=1748090373035)
2025-05-24T12:40:02.955Z  INFO 1 --- [consumer] [org.springframework.amqp.rabbit.RabbitListenerEndpointContainer#0-1] o.example.consumer.service.TaskConsumer  : Received task: Task(id=66, description=Task66, createdAt=1748090372977)
2025-05-24T12:40:02.956Z  INFO 1 --- [consumer] [org.springframework.amqp.rabbit.RabbitListenerEndpointContainer#0-1] o.example.consumer.service.TaskConsumer  : Received task: Task(id=62, description=Task62, createdAt=1748090372972)
2025-05-24T12:40:02.959Z  INFO 1 --- [consumer] [org.springframework.amqp.rabbit.RabbitListenerEndpointContainer#0-1] o.example.consumer.service.TaskConsumer  : Received task: Task(id=71, description=Task71, createdAt=1748090373030)
2025-05-24T12:40:02.997Z  INFO 1 --- [consumer] [org.springframework.amqp.rabbit.RabbitListenerEndpointContainer#0-1] o.example.consumer.service.TaskConsumer  : Task 55 result sent to output queue
2025-05-24T12:40:02.997Z  INFO 1 --- [consumer] [org.springframework.amqp.rabbit.RabbitListenerEndpointContainer#0-1] o.example.consumer.service.TaskConsumer  : Task 60 result sent to output queue
2025-05-24T12:40:03.001Z  INFO 1 --- [consumer] [org.springframework.amqp.rabbit.RabbitListenerEndpointContainer#0-1] o.example.consumer.service.TaskConsumer  : Task 60 processed in 30054 ms
2025-05-24T12:40:03.001Z  INFO 1 --- [consumer] [org.springframework.amqp.rabbit.RabbitListenerEndpointContainer#0-1] o.example.consumer.service.TaskConsumer  : Task 55 processed in 30107 ms
2025-05-24T12:40:03.003Z  INFO 1 --- [consumer] [org.springframework.amqp.rabbit.RabbitListenerEndpointContainer#0-1] o.example.consumer.service.TaskConsumer  : Task 53 result sent to output queue
2025-05-24T12:40:03.003Z  INFO 1 --- [consumer] [org.springframework.amqp.rabbit.RabbitListenerEndpointContainer#0-1] o.example.consumer.service.TaskConsumer  : Received task: Task(id=58, description=Task58, createdAt=1748090372939)
2025-05-24T12:40:03.005Z  INFO 1 --- [consumer] [org.springframework.amqp.rabbit.RabbitListenerEndpointContainer#0-1] o.example.consumer.service.TaskConsumer  : Task 53 processed in 30127 ms
2025-05-24T12:40:03.005Z  INFO 1 --- [consumer] [org.springframework.amqp.rabbit.RabbitListenerEndpointContainer#0-1] o.example.consumer.service.TaskConsumer  : Received task: Task(id=63, description=Task63, createdAt=1748090372964)
2025-05-24T12:40:03.007Z  INFO 1 --- [consumer] [org.springframework.amqp.rabbit.RabbitListenerEndpointContainer#0-1] o.example.consumer.service.TaskConsumer  : Received task: Task(id=64, description=Task64, createdAt=1748090372960)
2025-05-24T12:40:03.055Z  INFO 1 --- [consumer] [org.springframework.amqp.rabbit.RabbitListenerEndpointContainer#0-1] o.example.consumer.service.TaskConsumer  : Task 61 result sent to output queue
2025-05-24T12:40:03.056Z  INFO 1 --- [consumer] [org.springframework.amqp.rabbit.RabbitListenerEndpointContainer#0-1] o.example.consumer.service.TaskConsumer  : Task 61 processed in 30102 ms
2025-05-24T12:40:03.058Z  INFO 1 --- [consumer] [org.springframework.amqp.rabbit.RabbitListenerEndpointContainer#0-1] o.example.consumer.service.TaskConsumer  : Received task: Task(id=59, description=Task59, createdAt=1748090372960)
2025-05-24T12:40:07.970Z  INFO 1 --- [consumer] [org.springframework.amqp.rabbit.RabbitListenerEndpointContainer#0-1] o.example.consumer.service.TaskConsumer  : Task 65 result sent to output queue
2025-05-24T12:40:07.973Z  INFO 1 --- [consumer] [org.springframework.amqp.rabbit.RabbitListenerEndpointContainer#0-1] o.example.consumer.service.TaskConsumer  : Task 67 result sent to output queue
2025-05-24T12:40:07.973Z  INFO 1 --- [consumer] [org.springframework.amqp.rabbit.RabbitListenerEndpointContainer#0-1] o.example.consumer.service.TaskConsumer  : Task 62 result sent to output queue
2025-05-24T12:40:07.976Z  INFO 1 --- [consumer] [org.springframework.amqp.rabbit.RabbitListenerEndpointContainer#0-1] o.example.consumer.service.TaskConsumer  : Task 71 result sent to output queue
2025-05-24T12:40:07.978Z  INFO 1 --- [consumer] [org.springframework.amqp.rabbit.RabbitListenerEndpointContainer#0-1] o.example.consumer.service.TaskConsumer  : Task 62 processed in 35006 ms
2025-05-24T12:40:07.976Z  INFO 1 --- [consumer] [org.springframework.amqp.rabbit.RabbitListenerEndpointContainer#0-1] o.example.consumer.service.TaskConsumer  : Task 66 result sent to output queue
2025-05-24T12:40:07.976Z  INFO 1 --- [consumer] [org.springframework.amqp.rabbit.RabbitListenerEndpointContainer#0-1] o.example.consumer.service.TaskConsumer  : Task 65 processed in 35009 ms
2025-05-24T12:40:07.977Z  INFO 1 --- [consumer] [org.springframework.amqp.rabbit.RabbitListenerEndpointContainer#0-1] o.example.consumer.service.TaskConsumer  : Task 72 result sent to output queue
2025-05-24T12:40:07.977Z  INFO 1 --- [consumer] [org.springframework.amqp.rabbit.RabbitListenerEndpointContainer#0-1] o.example.consumer.service.TaskConsumer  : Task 67 processed in 34980 ms
2025-05-24T12:40:07.981Z  INFO 1 --- [consumer] [org.springframework.amqp.rabbit.RabbitListenerEndpointContainer#0-1] o.example.consumer.service.TaskConsumer  : Task 72 processed in 34946 ms
2025-05-24T12:40:07.978Z  INFO 1 --- [consumer] [org.springframework.amqp.rabbit.RabbitListenerEndpointContainer#0-1] o.example.consumer.service.TaskConsumer  : Task 71 processed in 34948 ms
2025-05-24T12:40:07.979Z  INFO 1 --- [consumer] [org.springframework.amqp.rabbit.RabbitListenerEndpointContainer#0-1] o.example.consumer.service.TaskConsumer  : Task 66 processed in 35002 ms
2025-05-24T12:40:07.980Z  INFO 1 --- [consumer] [org.springframework.amqp.rabbit.RabbitListenerEndpointContainer#0-1] o.example.consumer.service.TaskConsumer  : Received task: Task(id=80, description=Task80, createdAt=1748090373111)
2025-05-24T12:40:07.981Z  INFO 1 --- [consumer] [org.springframework.amqp.rabbit.RabbitListenerEndpointContainer#0-1] o.example.consumer.service.TaskConsumer  : Received task: Task(id=75, description=Task75, createdAt=1748090373087)
2025-05-24T12:40:07.982Z  INFO 1 --- [consumer] [org.springframework.amqp.rabbit.RabbitListenerEndpointContainer#0-1] o.example.consumer.service.TaskConsumer  : Received task: Task(id=79, description=Task79, createdAt=1748090373107)
2025-05-24T12:40:07.983Z  INFO 1 --- [consumer] [org.springframework.amqp.rabbit.RabbitListenerEndpointContainer#0-1] o.example.consumer.service.TaskConsumer  : Received task: Task(id=78, description=Task78, createdAt=1748090373105)
2025-05-24T12:40:07.983Z  INFO 1 --- [consumer] [org.springframework.amqp.rabbit.RabbitListenerEndpointContainer#0-1] o.example.consumer.service.TaskConsumer  : Received task: Task(id=76, description=Task76, createdAt=1748090373106)
2025-05-24T12:40:07.984Z  INFO 1 --- [consumer] [org.springframework.amqp.rabbit.RabbitListenerEndpointContainer#0-1] o.example.consumer.service.TaskConsumer  : Received task: Task(id=73, description=Task73, createdAt=1748090373077)
2025-05-24T12:40:08.008Z  INFO 1 --- [consumer] [org.springframework.amqp.rabbit.RabbitListenerEndpointContainer#0-1] o.example.consumer.service.TaskConsumer  : Task 58 result sent to output queue
2025-05-24T12:40:08.009Z  INFO 1 --- [consumer] [org.springframework.amqp.rabbit.RabbitListenerEndpointContainer#0-1] o.example.consumer.service.TaskConsumer  : Task 63 result sent to output queue
2025-05-24T12:40:08.018Z  INFO 1 --- [consumer] [org.springframework.amqp.rabbit.RabbitListenerEndpointContainer#0-1] o.example.consumer.service.TaskConsumer  : Task 58 processed in 35079 ms
2025-05-24T12:40:08.018Z  INFO 1 --- [consumer] [org.springframework.amqp.rabbit.RabbitListenerEndpointContainer#0-1] o.example.consumer.service.TaskConsumer  : Task 64 result sent to output queue
2025-05-24T12:40:08.019Z  INFO 1 --- [consumer] [org.springframework.amqp.rabbit.RabbitListenerEndpointContainer#0-1] o.example.consumer.service.TaskConsumer  : Task 63 processed in 35055 ms
2025-05-24T12:40:08.020Z  INFO 1 --- [consumer] [org.springframework.amqp.rabbit.RabbitListenerEndpointContainer#0-1] o.example.consumer.service.TaskConsumer  : Task 64 processed in 35060 ms
2025-05-24T12:40:08.020Z  INFO 1 --- [consumer] [org.springframework.amqp.rabbit.RabbitListenerEndpointContainer#0-1] o.example.consumer.service.TaskConsumer  : Received task: Task(id=70, description=Task70, createdAt=1748090373018)
2025-05-24T12:40:08.021Z  INFO 1 --- [consumer] [org.springframework.amqp.rabbit.RabbitListenerEndpointContainer#0-1] o.example.consumer.service.TaskConsumer  : Received task: Task(id=77, description=Task77, createdAt=1748090373104)
2025-05-24T12:40:08.021Z  INFO 1 --- [consumer] [org.springframework.amqp.rabbit.RabbitListenerEndpointContainer#0-1] o.example.consumer.service.TaskConsumer  : Received task: Task(id=69, description=Task69, createdAt=1748090373025)
2025-05-24T12:40:08.060Z  INFO 1 --- [consumer] [org.springframework.amqp.rabbit.RabbitListenerEndpointContainer#0-1] o.example.consumer.service.TaskConsumer  : Task 59 result sent to output queue
2025-05-24T12:40:08.062Z  INFO 1 --- [consumer] [org.springframework.amqp.rabbit.RabbitListenerEndpointContainer#0-1] o.example.consumer.service.TaskConsumer  : Task 59 processed in 35102 ms
2025-05-24T12:40:08.065Z  INFO 1 --- [consumer] [org.springframework.amqp.rabbit.RabbitListenerEndpointContainer#0-1] o.example.consumer.service.TaskConsumer  : Received task: Task(id=74, description=Task74, createdAt=1748090373066)
2025-05-24T12:40:12.986Z  INFO 1 --- [consumer] [org.springframework.amqp.rabbit.RabbitListenerEndpointContainer#0-1] o.example.consumer.service.TaskConsumer  : Task 80 result sent to output queue
2025-05-24T12:40:12.987Z  INFO 1 --- [consumer] [org.springframework.amqp.rabbit.RabbitListenerEndpointContainer#0-1] o.example.consumer.service.TaskConsumer  : Task 79 result sent to output queue
2025-05-24T12:40:12.990Z  INFO 1 --- [consumer] [org.springframework.amqp.rabbit.RabbitListenerEndpointContainer#0-1] o.example.consumer.service.TaskConsumer  : Task 76 result sent to output queue
2025-05-24T12:40:12.993Z  INFO 1 --- [consumer] [org.springframework.amqp.rabbit.RabbitListenerEndpointContainer#0-1] o.example.consumer.service.TaskConsumer  : Task 78 result sent to output queue
2025-05-24T12:40:12.998Z  INFO 1 --- [consumer] [org.springframework.amqp.rabbit.RabbitListenerEndpointContainer#0-1] o.example.consumer.service.TaskConsumer  : Task 73 result sent to output queue
2025-05-24T12:40:13.001Z  INFO 1 --- [consumer] [org.springframework.amqp.rabbit.RabbitListenerEndpointContainer#0-1] o.example.consumer.service.TaskConsumer  : Task 78 processed in 39895 ms
2025-05-24T12:40:12.998Z  INFO 1 --- [consumer] [org.springframework.amqp.rabbit.RabbitListenerEndpointContainer#0-1] o.example.consumer.service.TaskConsumer  : Task 75 result sent to output queue
2025-05-24T12:40:12.999Z  INFO 1 --- [consumer] [org.springframework.amqp.rabbit.RabbitListenerEndpointContainer#0-1] o.example.consumer.service.TaskConsumer  : Task 80 processed in 39888 ms
2025-05-24T12:40:13.000Z  INFO 1 --- [consumer] [org.springframework.amqp.rabbit.RabbitListenerEndpointContainer#0-1] o.example.consumer.service.TaskConsumer  : Task 79 processed in 39893 ms
2025-05-24T12:40:13.000Z  INFO 1 --- [consumer] [org.springframework.amqp.rabbit.RabbitListenerEndpointContainer#0-1] o.example.consumer.service.TaskConsumer  : Task 76 processed in 39894 ms
2025-05-24T12:40:13.001Z  INFO 1 --- [consumer] [org.springframework.amqp.rabbit.RabbitListenerEndpointContainer#0-1] o.example.consumer.service.TaskConsumer  : Task 73 processed in 39924 ms
2025-05-24T12:40:13.002Z  INFO 1 --- [consumer] [org.springframework.amqp.rabbit.RabbitListenerEndpointContainer#0-1] o.example.consumer.service.TaskConsumer  : Task 75 processed in 39915 ms
2025-05-24T12:40:13.002Z  INFO 1 --- [consumer] [org.springframework.amqp.rabbit.RabbitListenerEndpointContainer#0-1] o.example.consumer.service.TaskConsumer  : Received task: Task(id=87, description=Task87, createdAt=1748090373182)
2025-05-24T12:40:13.003Z  INFO 1 --- [consumer] [org.springframework.amqp.rabbit.RabbitListenerEndpointContainer#0-1] o.example.consumer.service.TaskConsumer  : Received task: Task(id=90, description=Task90, createdAt=1748090373213)
2025-05-24T12:40:13.003Z  INFO 1 --- [consumer] [org.springframework.amqp.rabbit.RabbitListenerEndpointContainer#0-1] o.example.consumer.service.TaskConsumer  : Received task: Task(id=89, description=Task89, createdAt=1748090373202)
2025-05-24T12:40:13.004Z  INFO 1 --- [consumer] [org.springframework.amqp.rabbit.RabbitListenerEndpointContainer#0-1] o.example.consumer.service.TaskConsumer  : Received task: Task(id=88, description=Task88, createdAt=1748090373191)
2025-05-24T12:40:13.004Z  INFO 1 --- [consumer] [org.springframework.amqp.rabbit.RabbitListenerEndpointContainer#0-1] o.example.consumer.service.TaskConsumer  : Received task: Task(id=85, description=Task85, createdAt=1748090373163)
2025-05-24T12:40:13.005Z  INFO 1 --- [consumer] [org.springframework.amqp.rabbit.RabbitListenerEndpointContainer#0-1] o.example.consumer.service.TaskConsumer  : Received task: Task(id=84, description=Task84, createdAt=1748090373153)
2025-05-24T12:40:13.023Z  INFO 1 --- [consumer] [org.springframework.amqp.rabbit.RabbitListenerEndpointContainer#0-1] o.example.consumer.service.TaskConsumer  : Task 69 result sent to output queue
2025-05-24T12:40:13.028Z  INFO 1 --- [consumer] [org.springframework.amqp.rabbit.RabbitListenerEndpointContainer#0-1] o.example.consumer.service.TaskConsumer  : Task 69 processed in 40003 ms
2025-05-24T12:40:13.023Z  INFO 1 --- [consumer] [org.springframework.amqp.rabbit.RabbitListenerEndpointContainer#0-1] o.example.consumer.service.TaskConsumer  : Task 70 result sent to output queue
2025-05-24T12:40:13.032Z  INFO 1 --- [consumer] [org.springframework.amqp.rabbit.RabbitListenerEndpointContainer#0-1] o.example.consumer.service.TaskConsumer  : Received task: Task(id=81, description=Task81, createdAt=1748090373121)
2025-05-24T12:40:13.027Z  INFO 1 --- [consumer] [org.springframework.amqp.rabbit.RabbitListenerEndpointContainer#0-1] o.example.consumer.service.TaskConsumer  : Task 77 result sent to output queue
2025-05-24T12:40:13.033Z  INFO 1 --- [consumer] [org.springframework.amqp.rabbit.RabbitListenerEndpointContainer#0-1] o.example.consumer.service.TaskConsumer  : Task 70 processed in 40015 ms
2025-05-24T12:40:13.033Z  INFO 1 --- [consumer] [org.springframework.amqp.rabbit.RabbitListenerEndpointContainer#0-1] o.example.consumer.service.TaskConsumer  : Task 77 processed in 39929 ms
2025-05-24T12:40:13.034Z  INFO 1 --- [consumer] [org.springframework.amqp.rabbit.RabbitListenerEndpointContainer#0-1] o.example.consumer.service.TaskConsumer  : Received task: Task(id=82, description=Task82, createdAt=1748090373133)
2025-05-24T12:40:13.035Z  INFO 1 --- [consumer] [org.springframework.amqp.rabbit.RabbitListenerEndpointContainer#0-1] o.example.consumer.service.TaskConsumer  : Received task: Task(id=86, description=Task86, createdAt=1748090373169)
2025-05-24T12:40:13.069Z  INFO 1 --- [consumer] [org.springframework.amqp.rabbit.RabbitListenerEndpointContainer#0-1] o.example.consumer.service.TaskConsumer  : Task 74 result sent to output queue
2025-05-24T12:40:13.071Z  INFO 1 --- [consumer] [org.springframework.amqp.rabbit.RabbitListenerEndpointContainer#0-1] o.example.consumer.service.TaskConsumer  : Task 74 processed in 40005 ms
2025-05-24T12:40:13.075Z  INFO 1 --- [consumer] [org.springframework.amqp.rabbit.RabbitListenerEndpointContainer#0-1] o.example.consumer.service.TaskConsumer  : Received task: Task(id=83, description=Task83, createdAt=1748090373141)
2025-05-24T12:40:18.006Z  INFO 1 --- [consumer] [org.springframework.amqp.rabbit.RabbitListenerEndpointContainer#0-1] o.example.consumer.service.TaskConsumer  : Task 90 result sent to output queue
2025-05-24T12:40:18.006Z  INFO 1 --- [consumer] [org.springframework.amqp.rabbit.RabbitListenerEndpointContainer#0-1] o.example.consumer.service.TaskConsumer  : Task 87 result sent to output queue
2025-05-24T12:40:18.011Z  INFO 1 --- [consumer] [org.springframework.amqp.rabbit.RabbitListenerEndpointContainer#0-1] o.example.consumer.service.TaskConsumer  : Task 89 result sent to output queue
2025-05-24T12:40:18.024Z  INFO 1 --- [consumer] [org.springframework.amqp.rabbit.RabbitListenerEndpointContainer#0-1] o.example.consumer.service.TaskConsumer  : Task 89 processed in 44822 ms
2025-05-24T12:40:18.012Z  INFO 1 --- [consumer] [org.springframework.amqp.rabbit.RabbitListenerEndpointContainer#0-1] o.example.consumer.service.TaskConsumer  : Task 88 result sent to output queue
2025-05-24T12:40:18.029Z  INFO 1 --- [consumer] [org.springframework.amqp.rabbit.RabbitListenerEndpointContainer#0-1] o.example.consumer.service.TaskConsumer  : Task 88 processed in 44838 ms
2025-05-24T12:40:18.014Z  INFO 1 --- [consumer] [org.springframework.amqp.rabbit.RabbitListenerEndpointContainer#0-1] o.example.consumer.service.TaskConsumer  : Task 84 result sent to output queue
2025-05-24T12:40:18.016Z  INFO 1 --- [consumer] [org.springframework.amqp.rabbit.RabbitListenerEndpointContainer#0-1] o.example.consumer.service.TaskConsumer  : Task 85 result sent to output queue
2025-05-24T12:40:18.021Z  INFO 1 --- [consumer] [org.springframework.amqp.rabbit.RabbitListenerEndpointContainer#0-1] o.example.consumer.service.TaskConsumer  : Task 90 processed in 44808 ms
2025-05-24T12:40:18.035Z  INFO 1 --- [consumer] [org.springframework.amqp.rabbit.RabbitListenerEndpointContainer#0-1] o.example.consumer.service.TaskConsumer  : Task 82 result sent to output queue
2025-05-24T12:40:18.035Z  INFO 1 --- [consumer] [org.springframework.amqp.rabbit.RabbitListenerEndpointContainer#0-1] o.example.consumer.service.TaskConsumer  : Task 81 result sent to output queue
2025-05-24T12:40:18.022Z  INFO 1 --- [consumer] [org.springframework.amqp.rabbit.RabbitListenerEndpointContainer#0-1] o.example.consumer.service.TaskConsumer  : Task 87 processed in 44840 ms
2025-05-24T12:40:18.037Z  INFO 1 --- [consumer] [org.springframework.amqp.rabbit.RabbitListenerEndpointContainer#0-1] o.example.consumer.service.TaskConsumer  : Task 81 processed in 44916 ms
2025-05-24T12:40:18.029Z  INFO 1 --- [consumer] [org.springframework.amqp.rabbit.RabbitListenerEndpointContainer#0-1] o.example.consumer.service.TaskConsumer  : Received task: Task(id=99, description=Task99, createdAt=1748090373302)
2025-05-24T12:40:18.032Z  INFO 1 --- [consumer] [org.springframework.amqp.rabbit.RabbitListenerEndpointContainer#0-1] o.example.consumer.service.TaskConsumer  : Received task: Task(id=98, description=Task98, createdAt=1748090373291)
2025-05-24T12:40:18.034Z  INFO 1 --- [consumer] [org.springframework.amqp.rabbit.RabbitListenerEndpointContainer#0-1] o.example.consumer.service.TaskConsumer  : Task 84 processed in 44881 ms
2025-05-24T12:40:18.038Z  INFO 1 --- [consumer] [org.springframework.amqp.rabbit.RabbitListenerEndpointContainer#0-1] o.example.consumer.service.TaskConsumer  : Received task: Task(id=91, description=Task91, createdAt=1748090373220)
2025-05-24T12:40:18.034Z  INFO 1 --- [consumer] [org.springframework.amqp.rabbit.RabbitListenerEndpointContainer#0-1] o.example.consumer.service.TaskConsumer  : Task 85 processed in 44871 ms
2025-05-24T12:40:18.036Z  INFO 1 --- [consumer] [org.springframework.amqp.rabbit.RabbitListenerEndpointContainer#0-1] o.example.consumer.service.TaskConsumer  : Task 82 processed in 44903 ms
2025-05-24T12:40:18.036Z  INFO 1 --- [consumer] [org.springframework.amqp.rabbit.RabbitListenerEndpointContainer#0-1] o.example.consumer.service.TaskConsumer  : Received task: Task(id=100, description=Task100, createdAt=1748090373310)
2025-05-24T12:40:18.036Z  INFO 1 --- [consumer] [org.springframework.amqp.rabbit.RabbitListenerEndpointContainer#0-1] o.example.consumer.service.TaskConsumer  : Task 86 result sent to output queue
2025-05-24T12:40:18.038Z  INFO 1 --- [consumer] [org.springframework.amqp.rabbit.RabbitListenerEndpointContainer#0-1] o.example.consumer.service.TaskConsumer  : Received task: Task(id=97, description=Task97, createdAt=1748090373277)
2025-05-24T12:40:18.039Z  INFO 1 --- [consumer] [org.springframework.amqp.rabbit.RabbitListenerEndpointContainer#0-1] o.example.consumer.service.TaskConsumer  : Received task: Task(id=94, description=Task94, createdAt=1748090373252)
2025-05-24T12:40:18.040Z  INFO 1 --- [consumer] [org.springframework.amqp.rabbit.RabbitListenerEndpointContainer#0-1] o.example.consumer.service.TaskConsumer  : Received task: Task(id=95, description=Task95, createdAt=1748090373259)
2025-05-24T12:40:18.040Z  INFO 1 --- [consumer] [org.springframework.amqp.rabbit.RabbitListenerEndpointContainer#0-1] o.example.consumer.service.TaskConsumer  : Received task: Task(id=92, description=Task92, createdAt=1748090373230)
2025-05-24T12:40:18.041Z  INFO 1 --- [consumer] [org.springframework.amqp.rabbit.RabbitListenerEndpointContainer#0-1] o.example.consumer.service.TaskConsumer  : Task 86 processed in 44872 ms
2025-05-24T12:40:18.042Z  INFO 1 --- [consumer] [org.springframework.amqp.rabbit.RabbitListenerEndpointContainer#0-1] o.example.consumer.service.TaskConsumer  : Received task: Task(id=96, description=Task96, createdAt=1748090373272)
2025-05-24T12:40:18.077Z  INFO 1 --- [consumer] [org.springframework.amqp.rabbit.RabbitListenerEndpointContainer#0-1] o.example.consumer.service.TaskConsumer  : Task 83 result sent to output queue
2025-05-24T12:40:18.078Z  INFO 1 --- [consumer] [org.springframework.amqp.rabbit.RabbitListenerEndpointContainer#0-1] o.example.consumer.service.TaskConsumer  : Task 83 processed in 44937 ms
2025-05-24T12:40:18.081Z  INFO 1 --- [consumer] [org.springframework.amqp.rabbit.RabbitListenerEndpointContainer#0-1] o.example.consumer.service.TaskConsumer  : Received task: Task(id=93, description=Task93, createdAt=1748090373239)
2025-05-24T12:40:23.039Z  INFO 1 --- [consumer] [org.springframework.amqp.rabbit.RabbitListenerEndpointContainer#0-1] o.example.consumer.service.TaskConsumer  : Task 99 result sent to output queue
2025-05-24T12:40:23.044Z  INFO 1 --- [consumer] [org.springframework.amqp.rabbit.RabbitListenerEndpointContainer#0-1] o.example.consumer.service.TaskConsumer  : Task 96 result sent to output queue
2025-05-24T12:40:23.040Z  INFO 1 --- [consumer] [org.springframework.amqp.rabbit.RabbitListenerEndpointContainer#0-1] o.example.consumer.service.TaskConsumer  : Task 98 result sent to output queue
2025-05-24T12:40:23.043Z  INFO 1 --- [consumer] [org.springframework.amqp.rabbit.RabbitListenerEndpointContainer#0-1] o.example.consumer.service.TaskConsumer  : Task 91 result sent to output queue
2025-05-24T12:40:23.043Z  INFO 1 --- [consumer] [org.springframework.amqp.rabbit.RabbitListenerEndpointContainer#0-1] o.example.consumer.service.TaskConsumer  : Task 100 result sent to output queue
2025-05-24T12:40:23.047Z  INFO 1 --- [consumer] [org.springframework.amqp.rabbit.RabbitListenerEndpointContainer#0-1] o.example.consumer.service.TaskConsumer  : Task 91 processed in 49827 ms
2025-05-24T12:40:23.044Z  INFO 1 --- [consumer] [org.springframework.amqp.rabbit.RabbitListenerEndpointContainer#0-1] o.example.consumer.service.TaskConsumer  : Task 95 result sent to output queue
2025-05-24T12:40:23.044Z  INFO 1 --- [consumer] [org.springframework.amqp.rabbit.RabbitListenerEndpointContainer#0-1] o.example.consumer.service.TaskConsumer  : Task 97 result sent to output queue
2025-05-24T12:40:23.045Z  INFO 1 --- [consumer] [org.springframework.amqp.rabbit.RabbitListenerEndpointContainer#0-1] o.example.consumer.service.TaskConsumer  : Task 99 processed in 49743 ms
2025-05-24T12:40:23.048Z  INFO 1 --- [consumer] [org.springframework.amqp.rabbit.RabbitListenerEndpointContainer#0-1] o.example.consumer.service.TaskConsumer  : Task 97 processed in 49771 ms
2025-05-24T12:40:23.043Z  INFO 1 --- [consumer] [org.springframework.amqp.rabbit.RabbitListenerEndpointContainer#0-1] o.example.consumer.service.TaskConsumer  : Task 92 result sent to output queue
2025-05-24T12:40:23.043Z  INFO 1 --- [consumer] [org.springframework.amqp.rabbit.RabbitListenerEndpointContainer#0-1] o.example.consumer.service.TaskConsumer  : Task 94 result sent to output queue
2025-05-24T12:40:23.046Z  INFO 1 --- [consumer] [org.springframework.amqp.rabbit.RabbitListenerEndpointContainer#0-1] o.example.consumer.service.TaskConsumer  : Task 96 processed in 49774 ms
2025-05-24T12:40:23.047Z  INFO 1 --- [consumer] [org.springframework.amqp.rabbit.RabbitListenerEndpointContainer#0-1] o.example.consumer.service.TaskConsumer  : Task 98 processed in 49756 ms
2025-05-24T12:40:23.047Z  INFO 1 --- [consumer] [org.springframework.amqp.rabbit.RabbitListenerEndpointContainer#0-1] o.example.consumer.service.TaskConsumer  : Task 100 processed in 49737 ms
2025-05-24T12:40:23.048Z  INFO 1 --- [consumer] [org.springframework.amqp.rabbit.RabbitListenerEndpointContainer#0-1] o.example.consumer.service.TaskConsumer  : Task 95 processed in 49789 ms
2025-05-24T12:40:23.050Z  INFO 1 --- [consumer] [org.springframework.amqp.rabbit.RabbitListenerEndpointContainer#0-1] o.example.consumer.service.TaskConsumer  : Task 92 processed in 49820 ms
2025-05-24T12:40:23.050Z  INFO 1 --- [consumer] [org.springframework.amqp.rabbit.RabbitListenerEndpointContainer#0-1] o.example.consumer.service.TaskConsumer  : Task 94 processed in 49798 ms
2025-05-24T12:40:23.090Z  INFO 1 --- [consumer] [org.springframework.amqp.rabbit.RabbitListenerEndpointContainer#0-1] o.example.consumer.service.TaskConsumer  : Task 93 result sent to output queue
2025-05-24T12:40:23.090Z  INFO 1 --- [consumer] [org.springframework.amqp.rabbit.RabbitListenerEndpointContainer#0-1] o.example.consumer.service.TaskConsumer  : Task 93 processed in 49851 ms
