2025-05-24T09:38:11.553Z  INFO 1 --- [consumer] [main] o.example.consumer.ConsumerApplication   : Starting ConsumerApplication v0.0.1-SNAPSHOT using Java 17.0.2 with PID 1 (/app/app.jar started by root in /app)
2025-05-24T09:38:11.555Z  INFO 1 --- [consumer] [main] o.example.consumer.ConsumerApplication   : No active profile set, falling back to 1 default profile: "default"
2025-05-24T09:38:12.567Z  INFO 1 --- [consumer] [main] o.example.consumer.ConsumerApplication   : Started ConsumerApplication in 1.296 seconds (process running for 1.524)
2025-05-24T09:38:17.918Z  INFO 1 --- [consumer] [org.springframework.amqp.rabbit.RabbitListenerEndpointContainer#0-1] o.example.consumer.service.TaskConsumer  : Received task: Task(id=9, description=Task9, createdAt=1748079497775)
2025-05-24T09:38:22.948Z  INFO 1 --- [consumer] [org.springframework.amqp.rabbit.RabbitListenerEndpointContainer#0-1] o.example.consumer.service.TaskConsumer  : Task 9 result sent to output queue
2025-05-24T09:38:22.949Z  INFO 1 --- [consumer] [org.springframework.amqp.rabbit.RabbitListenerEndpointContainer#0-1] o.example.consumer.service.TaskConsumer  : Task 9 processed in 5174 ms
2025-05-24T09:38:22.952Z  INFO 1 --- [consumer] [org.springframework.amqp.rabbit.RabbitListenerEndpointContainer#0-1] o.example.consumer.service.TaskConsumer  : Received task: Task(id=13, description=Task13, createdAt=1748079497775)
2025-05-24T09:38:27.959Z  INFO 1 --- [consumer] [org.springframework.amqp.rabbit.RabbitListenerEndpointContainer#0-1] o.example.consumer.service.TaskConsumer  : Task 13 result sent to output queue
2025-05-24T09:38:27.960Z  INFO 1 --- [consumer] [org.springframework.amqp.rabbit.RabbitListenerEndpointContainer#0-1] o.example.consumer.service.TaskConsumer  : Task 13 processed in 10185 ms
2025-05-24T09:38:27.962Z  INFO 1 --- [consumer] [org.springframework.amqp.rabbit.RabbitListenerEndpointContainer#0-1] o.example.consumer.service.TaskConsumer  : Received task: Task(id=7, description=Task7, createdAt=1748079497775)
2025-05-24T09:38:32.969Z  INFO 1 --- [consumer] [org.springframework.amqp.rabbit.RabbitListenerEndpointContainer#0-1] o.example.consumer.service.TaskConsumer  : Task 7 result sent to output queue
2025-05-24T09:38:32.970Z  INFO 1 --- [consumer] [org.springframework.amqp.rabbit.RabbitListenerEndpointContainer#0-1] o.example.consumer.service.TaskConsumer  : Task 7 processed in 15195 ms
2025-05-24T09:38:32.972Z  INFO 1 --- [consumer] [org.springframework.amqp.rabbit.RabbitListenerEndpointContainer#0-1] o.example.consumer.service.TaskConsumer  : Received task: Task(id=3, description=Task3, createdAt=1748079497775)
2025-05-24T09:38:37.974Z  INFO 1 --- [consumer] [org.springframework.amqp.rabbit.RabbitListenerEndpointContainer#0-1] o.example.consumer.service.TaskConsumer  : Task 3 result sent to output queue
2025-05-24T09:38:37.974Z  INFO 1 --- [consumer] [org.springframework.amqp.rabbit.RabbitListenerEndpointContainer#0-1] o.example.consumer.service.TaskConsumer  : Task 3 processed in 20199 ms
2025-05-24T09:38:37.975Z  INFO 1 --- [consumer] [org.springframework.amqp.rabbit.RabbitListenerEndpointContainer#0-1] o.example.consumer.service.TaskConsumer  : Received task: Task(id=12, description=Task12, createdAt=1748079497775)
2025-05-24T09:38:42.977Z  INFO 1 --- [consumer] [org.springframework.amqp.rabbit.RabbitListenerEndpointContainer#0-1] o.example.consumer.service.TaskConsumer  : Task 12 result sent to output queue
2025-05-24T09:38:42.977Z  INFO 1 --- [consumer] [org.springframework.amqp.rabbit.RabbitListenerEndpointContainer#0-1] o.example.consumer.service.TaskConsumer  : Task 12 processed in 25202 ms
2025-05-24T09:38:42.978Z  INFO 1 --- [consumer] [org.springframework.amqp.rabbit.RabbitListenerEndpointContainer#0-1] o.example.consumer.service.TaskConsumer  : Received task: Task(id=6, description=Task6, createdAt=1748079497775)
2025-05-24T09:38:47.982Z  INFO 1 --- [consumer] [org.springframework.amqp.rabbit.RabbitListenerEndpointContainer#0-1] o.example.consumer.service.TaskConsumer  : Task 6 result sent to output queue
2025-05-24T09:38:47.989Z  INFO 1 --- [consumer] [org.springframework.amqp.rabbit.RabbitListenerEndpointContainer#0-1] o.example.consumer.service.TaskConsumer  : Task 6 processed in 30214 ms
2025-05-24T09:38:48.000Z  INFO 1 --- [consumer] [org.springframework.amqp.rabbit.RabbitListenerEndpointContainer#0-1] o.example.consumer.service.TaskConsumer  : Received task: Task(id=10, description=Task10, createdAt=1748079497775)
2025-05-24T09:38:53.011Z  INFO 1 --- [consumer] [org.springframework.amqp.rabbit.RabbitListenerEndpointContainer#0-1] o.example.consumer.service.TaskConsumer  : Task 10 result sent to output queue
2025-05-24T09:38:53.015Z  INFO 1 --- [consumer] [org.springframework.amqp.rabbit.RabbitListenerEndpointContainer#0-1] o.example.consumer.service.TaskConsumer  : Task 10 processed in 35240 ms
2025-05-24T09:38:53.024Z  INFO 1 --- [consumer] [org.springframework.amqp.rabbit.RabbitListenerEndpointContainer#0-1] o.example.consumer.service.TaskConsumer  : Received task: Task(id=2, description=Task2, createdAt=1748079497775)
2025-05-24T09:38:58.034Z  INFO 1 --- [consumer] [org.springframework.amqp.rabbit.RabbitListenerEndpointContainer#0-1] o.example.consumer.service.TaskConsumer  : Task 2 result sent to output queue
2025-05-24T09:38:58.040Z  INFO 1 --- [consumer] [org.springframework.amqp.rabbit.RabbitListenerEndpointContainer#0-1] o.example.consumer.service.TaskConsumer  : Task 2 processed in 40264 ms
2025-05-24T09:38:58.048Z  INFO 1 --- [consumer] [org.springframework.amqp.rabbit.RabbitListenerEndpointContainer#0-1] o.example.consumer.service.TaskConsumer  : Received task: Task(id=1, description=Task1, createdAt=1748079497775)
2025-05-24T09:39:03.055Z  INFO 1 --- [consumer] [org.springframework.amqp.rabbit.RabbitListenerEndpointContainer#0-1] o.example.consumer.service.TaskConsumer  : Task 1 result sent to output queue
2025-05-24T09:39:03.066Z  INFO 1 --- [consumer] [org.springframework.amqp.rabbit.RabbitListenerEndpointContainer#0-1] o.example.consumer.service.TaskConsumer  : Task 1 processed in 45291 ms
2025-05-24T09:39:03.071Z  INFO 1 --- [consumer] [org.springframework.amqp.rabbit.RabbitListenerEndpointContainer#0-1] o.example.consumer.service.TaskConsumer  : Received task: Task(id=20, description=Task20, createdAt=1748079497837)
2025-05-24T09:39:08.077Z  INFO 1 --- [consumer] [org.springframework.amqp.rabbit.RabbitListenerEndpointContainer#0-1] o.example.consumer.service.TaskConsumer  : Task 20 result sent to output queue
2025-05-24T09:39:08.082Z  INFO 1 --- [consumer] [org.springframework.amqp.rabbit.RabbitListenerEndpointContainer#0-1] o.example.consumer.service.TaskConsumer  : Task 20 processed in 50245 ms
2025-05-24T09:39:08.088Z  INFO 1 --- [consumer] [org.springframework.amqp.rabbit.RabbitListenerEndpointContainer#0-1] o.example.consumer.service.TaskConsumer  : Received task: Task(id=14, description=Task14, createdAt=1748079497776)
2025-05-24T09:39:13.092Z  INFO 1 --- [consumer] [org.springframework.amqp.rabbit.RabbitListenerEndpointContainer#0-1] o.example.consumer.service.TaskConsumer  : Task 14 result sent to output queue
2025-05-24T09:39:13.094Z  INFO 1 --- [consumer] [org.springframework.amqp.rabbit.RabbitListenerEndpointContainer#0-1] o.example.consumer.service.TaskConsumer  : Task 14 processed in 55318 ms
2025-05-24T09:39:13.097Z  INFO 1 --- [consumer] [org.springframework.amqp.rabbit.RabbitListenerEndpointContainer#0-1] o.example.consumer.service.TaskConsumer  : Received task: Task(id=19, description=Task19, createdAt=1748079497826)
2025-05-24T09:39:18.108Z  INFO 1 --- [consumer] [org.springframework.amqp.rabbit.RabbitListenerEndpointContainer#0-1] o.example.consumer.service.TaskConsumer  : Task 19 result sent to output queue
2025-05-24T09:39:18.112Z  INFO 1 --- [consumer] [org.springframework.amqp.rabbit.RabbitListenerEndpointContainer#0-1] o.example.consumer.service.TaskConsumer  : Task 19 processed in 60286 ms
2025-05-24T09:39:18.121Z  INFO 1 --- [consumer] [org.springframework.amqp.rabbit.RabbitListenerEndpointContainer#0-1] o.example.consumer.service.TaskConsumer  : Received task: Task(id=8, description=Task8, createdAt=1748079497775)
2025-05-24T09:39:23.134Z  INFO 1 --- [consumer] [org.springframework.amqp.rabbit.RabbitListenerEndpointContainer#0-1] o.example.consumer.service.TaskConsumer  : Task 8 result sent to output queue
2025-05-24T09:39:23.136Z  INFO 1 --- [consumer] [org.springframework.amqp.rabbit.RabbitListenerEndpointContainer#0-1] o.example.consumer.service.TaskConsumer  : Task 8 processed in 65361 ms
2025-05-24T09:39:23.143Z  INFO 1 --- [consumer] [org.springframework.amqp.rabbit.RabbitListenerEndpointContainer#0-1] o.example.consumer.service.TaskConsumer  : Received task: Task(id=18, description=Task18, createdAt=1748079497820)
2025-05-24T09:39:28.152Z  INFO 1 --- [consumer] [org.springframework.amqp.rabbit.RabbitListenerEndpointContainer#0-1] o.example.consumer.service.TaskConsumer  : Task 18 result sent to output queue
2025-05-24T09:39:28.159Z  INFO 1 --- [consumer] [org.springframework.amqp.rabbit.RabbitListenerEndpointContainer#0-1] o.example.consumer.service.TaskConsumer  : Task 18 processed in 70339 ms
2025-05-24T09:39:28.170Z  INFO 1 --- [consumer] [org.springframework.amqp.rabbit.RabbitListenerEndpointContainer#0-1] o.example.consumer.service.TaskConsumer  : Received task: Task(id=4, description=Task4, createdAt=1748079497775)
2025-05-24T09:39:33.175Z  INFO 1 --- [consumer] [org.springframework.amqp.rabbit.RabbitListenerEndpointContainer#0-1] o.example.consumer.service.TaskConsumer  : Task 4 result sent to output queue
2025-05-24T09:39:33.178Z  INFO 1 --- [consumer] [org.springframework.amqp.rabbit.RabbitListenerEndpointContainer#0-1] o.example.consumer.service.TaskConsumer  : Task 4 processed in 75403 ms
2025-05-24T09:39:33.197Z  INFO 1 --- [consumer] [org.springframework.amqp.rabbit.RabbitListenerEndpointContainer#0-1] o.example.consumer.service.TaskConsumer  : Received task: Task(id=16, description=Task16, createdAt=1748079497797)
2025-05-24T09:39:38.207Z  INFO 1 --- [consumer] [org.springframework.amqp.rabbit.RabbitListenerEndpointContainer#0-1] o.example.consumer.service.TaskConsumer  : Task 16 result sent to output queue
2025-05-24T09:39:38.211Z  INFO 1 --- [consumer] [org.springframework.amqp.rabbit.RabbitListenerEndpointContainer#0-1] o.example.consumer.service.TaskConsumer  : Task 16 processed in 80414 ms
2025-05-24T09:39:38.219Z  INFO 1 --- [consumer] [org.springframework.amqp.rabbit.RabbitListenerEndpointContainer#0-1] o.example.consumer.service.TaskConsumer  : Received task: Task(id=15, description=Task15, createdAt=1748079497792)
2025-05-24T09:39:43.225Z  INFO 1 --- [consumer] [org.springframework.amqp.rabbit.RabbitListenerEndpointContainer#0-1] o.example.consumer.service.TaskConsumer  : Task 15 result sent to output queue
2025-05-24T09:39:43.227Z  INFO 1 --- [consumer] [org.springframework.amqp.rabbit.RabbitListenerEndpointContainer#0-1] o.example.consumer.service.TaskConsumer  : Task 15 processed in 85435 ms
2025-05-24T09:39:43.230Z  INFO 1 --- [consumer] [org.springframework.amqp.rabbit.RabbitListenerEndpointContainer#0-1] o.example.consumer.service.TaskConsumer  : Received task: Task(id=11, description=Task11, createdAt=1748079497775)
2025-05-24T09:39:48.234Z  INFO 1 --- [consumer] [org.springframework.amqp.rabbit.RabbitListenerEndpointContainer#0-1] o.example.consumer.service.TaskConsumer  : Task 11 result sent to output queue
2025-05-24T09:39:48.234Z  INFO 1 --- [consumer] [org.springframework.amqp.rabbit.RabbitListenerEndpointContainer#0-1] o.example.consumer.service.TaskConsumer  : Task 11 processed in 90459 ms
2025-05-24T09:39:48.236Z  INFO 1 --- [consumer] [org.springframework.amqp.rabbit.RabbitListenerEndpointContainer#0-1] o.example.consumer.service.TaskConsumer  : Received task: Task(id=22, description=Task22, createdAt=1748079497862)
2025-05-24T09:39:53.239Z  INFO 1 --- [consumer] [org.springframework.amqp.rabbit.RabbitListenerEndpointContainer#0-1] o.example.consumer.service.TaskConsumer  : Task 22 result sent to output queue
2025-05-24T09:39:53.250Z  INFO 1 --- [consumer] [org.springframework.amqp.rabbit.RabbitListenerEndpointContainer#0-1] o.example.consumer.service.TaskConsumer  : Task 22 processed in 95388 ms
2025-05-24T09:39:53.262Z  INFO 1 --- [consumer] [org.springframework.amqp.rabbit.RabbitListenerEndpointContainer#0-1] o.example.consumer.service.TaskConsumer  : Received task: Task(id=17, description=Task17, createdAt=1748079497809)
2025-05-24T09:39:58.276Z  INFO 1 --- [consumer] [org.springframework.amqp.rabbit.RabbitListenerEndpointContainer#0-1] o.example.consumer.service.TaskConsumer  : Task 17 result sent to output queue
2025-05-24T09:39:58.283Z  INFO 1 --- [consumer] [org.springframework.amqp.rabbit.RabbitListenerEndpointContainer#0-1] o.example.consumer.service.TaskConsumer  : Task 17 processed in 100474 ms
2025-05-24T09:39:58.293Z  INFO 1 --- [consumer] [org.springframework.amqp.rabbit.RabbitListenerEndpointContainer#0-1] o.example.consumer.service.TaskConsumer  : Received task: Task(id=5, description=Task5, createdAt=1748079497775)
2025-05-24T09:40:03.297Z  INFO 1 --- [consumer] [org.springframework.amqp.rabbit.RabbitListenerEndpointContainer#0-1] o.example.consumer.service.TaskConsumer  : Task 5 result sent to output queue
2025-05-24T09:40:03.301Z  INFO 1 --- [consumer] [org.springframework.amqp.rabbit.RabbitListenerEndpointContainer#0-1] o.example.consumer.service.TaskConsumer  : Task 5 processed in 105526 ms
2025-05-24T09:40:03.308Z  INFO 1 --- [consumer] [org.springframework.amqp.rabbit.RabbitListenerEndpointContainer#0-1] o.example.consumer.service.TaskConsumer  : Received task: Task(id=21, description=Task21, createdAt=1748079497860)
2025-05-24T09:40:08.313Z  INFO 1 --- [consumer] [org.springframework.amqp.rabbit.RabbitListenerEndpointContainer#0-1] o.example.consumer.service.TaskConsumer  : Task 21 result sent to output queue
2025-05-24T09:40:08.316Z  INFO 1 --- [consumer] [org.springframework.amqp.rabbit.RabbitListenerEndpointContainer#0-1] o.example.consumer.service.TaskConsumer  : Task 21 processed in 110456 ms
2025-05-24T09:40:08.319Z  INFO 1 --- [consumer] [org.springframework.amqp.rabbit.RabbitListenerEndpointContainer#0-1] o.example.consumer.service.TaskConsumer  : Received task: Task(id=23, description=Task23, createdAt=1748079497870)
2025-05-24T09:40:13.326Z  INFO 1 --- [consumer] [org.springframework.amqp.rabbit.RabbitListenerEndpointContainer#0-1] o.example.consumer.service.TaskConsumer  : Task 23 result sent to output queue
2025-05-24T09:40:13.332Z  INFO 1 --- [consumer] [org.springframework.amqp.rabbit.RabbitListenerEndpointContainer#0-1] o.example.consumer.service.TaskConsumer  : Task 23 processed in 115462 ms
2025-05-24T09:40:13.335Z  INFO 1 --- [consumer] [org.springframework.amqp.rabbit.RabbitListenerEndpointContainer#0-1] o.example.consumer.service.TaskConsumer  : Received task: Task(id=24, description=Task24, createdAt=1748079497885)
2025-05-24T09:40:18.343Z  INFO 1 --- [consumer] [org.springframework.amqp.rabbit.RabbitListenerEndpointContainer#0-1] o.example.consumer.service.TaskConsumer  : Task 24 result sent to output queue
2025-05-24T09:40:18.351Z  INFO 1 --- [consumer] [org.springframework.amqp.rabbit.RabbitListenerEndpointContainer#0-1] o.example.consumer.service.TaskConsumer  : Task 24 processed in 120466 ms
2025-05-24T09:40:18.353Z  INFO 1 --- [consumer] [org.springframework.amqp.rabbit.RabbitListenerEndpointContainer#0-1] o.example.consumer.service.TaskConsumer  : Received task: Task(id=25, description=Task25, createdAt=1748079497885)
2025-05-24T09:40:23.356Z  INFO 1 --- [consumer] [org.springframework.amqp.rabbit.RabbitListenerEndpointContainer#0-1] o.example.consumer.service.TaskConsumer  : Task 25 result sent to output queue
2025-05-24T09:40:23.358Z  INFO 1 --- [consumer] [org.springframework.amqp.rabbit.RabbitListenerEndpointContainer#0-1] o.example.consumer.service.TaskConsumer  : Task 25 processed in 125473 ms
2025-05-24T09:40:23.361Z  INFO 1 --- [consumer] [org.springframework.amqp.rabbit.RabbitListenerEndpointContainer#0-1] o.example.consumer.service.TaskConsumer  : Received task: Task(id=26, description=Task26, createdAt=1748079497897)
2025-05-24T09:40:28.371Z  INFO 1 --- [consumer] [org.springframework.amqp.rabbit.RabbitListenerEndpointContainer#0-1] o.example.consumer.service.TaskConsumer  : Task 26 result sent to output queue
2025-05-24T09:40:28.381Z  INFO 1 --- [consumer] [org.springframework.amqp.rabbit.RabbitListenerEndpointContainer#0-1] o.example.consumer.service.TaskConsumer  : Task 26 processed in 130484 ms
2025-05-24T09:40:28.384Z  INFO 1 --- [consumer] [org.springframework.amqp.rabbit.RabbitListenerEndpointContainer#0-1] o.example.consumer.service.TaskConsumer  : Received task: Task(id=27, description=Task27, createdAt=1748079497902)
2025-05-24T09:40:33.390Z  INFO 1 --- [consumer] [org.springframework.amqp.rabbit.RabbitListenerEndpointContainer#0-1] o.example.consumer.service.TaskConsumer  : Task 27 result sent to output queue
2025-05-24T09:40:33.395Z  INFO 1 --- [consumer] [org.springframework.amqp.rabbit.RabbitListenerEndpointContainer#0-1] o.example.consumer.service.TaskConsumer  : Task 27 processed in 135493 ms
2025-05-24T09:40:33.401Z  INFO 1 --- [consumer] [org.springframework.amqp.rabbit.RabbitListenerEndpointContainer#0-1] o.example.consumer.service.TaskConsumer  : Received task: Task(id=28, description=Task28, createdAt=1748079497915)
2025-05-24T09:40:38.409Z  INFO 1 --- [consumer] [org.springframework.amqp.rabbit.RabbitListenerEndpointContainer#0-1] o.example.consumer.service.TaskConsumer  : Task 28 result sent to output queue
2025-05-24T09:40:38.414Z  INFO 1 --- [consumer] [org.springframework.amqp.rabbit.RabbitListenerEndpointContainer#0-1] o.example.consumer.service.TaskConsumer  : Task 28 processed in 140498 ms
2025-05-24T09:40:38.417Z  INFO 1 --- [consumer] [org.springframework.amqp.rabbit.RabbitListenerEndpointContainer#0-1] o.example.consumer.service.TaskConsumer  : Received task: Task(id=29, description=Task29, createdAt=1748079497927)
2025-05-24T09:40:43.422Z  INFO 1 --- [consumer] [org.springframework.amqp.rabbit.RabbitListenerEndpointContainer#0-1] o.example.consumer.service.TaskConsumer  : Task 29 result sent to output queue
2025-05-24T09:40:43.423Z  INFO 1 --- [consumer] [org.springframework.amqp.rabbit.RabbitListenerEndpointContainer#0-1] o.example.consumer.service.TaskConsumer  : Task 29 processed in 145496 ms
2025-05-24T09:40:43.427Z  INFO 1 --- [consumer] [org.springframework.amqp.rabbit.RabbitListenerEndpointContainer#0-1] o.example.consumer.service.TaskConsumer  : Received task: Task(id=30, description=Task30, createdAt=1748079497937)
2025-05-24T09:40:48.434Z  INFO 1 --- [consumer] [org.springframework.amqp.rabbit.RabbitListenerEndpointContainer#0-1] o.example.consumer.service.TaskConsumer  : Task 30 result sent to output queue
2025-05-24T09:40:48.435Z  INFO 1 --- [consumer] [org.springframework.amqp.rabbit.RabbitListenerEndpointContainer#0-1] o.example.consumer.service.TaskConsumer  : Task 30 processed in 150498 ms
2025-05-24T09:40:48.436Z  INFO 1 --- [consumer] [org.springframework.amqp.rabbit.RabbitListenerEndpointContainer#0-1] o.example.consumer.service.TaskConsumer  : Received task: Task(id=31, description=Task31, createdAt=1748079497943)
2025-05-24T09:40:53.438Z  INFO 1 --- [consumer] [org.springframework.amqp.rabbit.RabbitListenerEndpointContainer#0-1] o.example.consumer.service.TaskConsumer  : Task 31 result sent to output queue
2025-05-24T09:40:53.439Z  INFO 1 --- [consumer] [org.springframework.amqp.rabbit.RabbitListenerEndpointContainer#0-1] o.example.consumer.service.TaskConsumer  : Task 31 processed in 155496 ms
2025-05-24T09:40:53.441Z  INFO 1 --- [consumer] [org.springframework.amqp.rabbit.RabbitListenerEndpointContainer#0-1] o.example.consumer.service.TaskConsumer  : Received task: Task(id=32, description=Task32, createdAt=1748079497957)
2025-05-24T09:40:58.451Z  INFO 1 --- [consumer] [org.springframework.amqp.rabbit.RabbitListenerEndpointContainer#0-1] o.example.consumer.service.TaskConsumer  : Task 32 result sent to output queue
2025-05-24T09:40:58.454Z  INFO 1 --- [consumer] [org.springframework.amqp.rabbit.RabbitListenerEndpointContainer#0-1] o.example.consumer.service.TaskConsumer  : Task 32 processed in 160497 ms
2025-05-24T09:40:58.460Z  INFO 1 --- [consumer] [org.springframework.amqp.rabbit.RabbitListenerEndpointContainer#0-1] o.example.consumer.service.TaskConsumer  : Received task: Task(id=33, description=Task33, createdAt=1748079497969)
2025-05-24T09:41:03.470Z  INFO 1 --- [consumer] [org.springframework.amqp.rabbit.RabbitListenerEndpointContainer#0-1] o.example.consumer.service.TaskConsumer  : Task 33 result sent to output queue
2025-05-24T09:41:03.476Z  INFO 1 --- [consumer] [org.springframework.amqp.rabbit.RabbitListenerEndpointContainer#0-1] o.example.consumer.service.TaskConsumer  : Task 33 processed in 165507 ms
2025-05-24T09:41:03.482Z  INFO 1 --- [consumer] [org.springframework.amqp.rabbit.RabbitListenerEndpointContainer#0-1] o.example.consumer.service.TaskConsumer  : Received task: Task(id=34, description=Task34, createdAt=1748079497974)
2025-05-24T09:41:08.486Z  INFO 1 --- [consumer] [org.springframework.amqp.rabbit.RabbitListenerEndpointContainer#0-1] o.example.consumer.service.TaskConsumer  : Task 34 result sent to output queue
2025-05-24T09:41:08.493Z  INFO 1 --- [consumer] [org.springframework.amqp.rabbit.RabbitListenerEndpointContainer#0-1] o.example.consumer.service.TaskConsumer  : Task 34 processed in 170518 ms
2025-05-24T09:41:08.504Z  INFO 1 --- [consumer] [org.springframework.amqp.rabbit.RabbitListenerEndpointContainer#0-1] o.example.consumer.service.TaskConsumer  : Received task: Task(id=35, description=Task35, createdAt=1748079497987)
2025-05-24T09:41:13.514Z  INFO 1 --- [consumer] [org.springframework.amqp.rabbit.RabbitListenerEndpointContainer#0-1] o.example.consumer.service.TaskConsumer  : Task 35 result sent to output queue
2025-05-24T09:41:13.519Z  INFO 1 --- [consumer] [org.springframework.amqp.rabbit.RabbitListenerEndpointContainer#0-1] o.example.consumer.service.TaskConsumer  : Task 35 processed in 175532 ms
2025-05-24T09:41:13.523Z  INFO 1 --- [consumer] [org.springframework.amqp.rabbit.RabbitListenerEndpointContainer#0-1] o.example.consumer.service.TaskConsumer  : Received task: Task(id=36, description=Task36, createdAt=1748079497993)
2025-05-24T09:41:18.528Z  INFO 1 --- [consumer] [org.springframework.amqp.rabbit.RabbitListenerEndpointContainer#0-1] o.example.consumer.service.TaskConsumer  : Task 36 result sent to output queue
2025-05-24T09:41:18.533Z  INFO 1 --- [consumer] [org.springframework.amqp.rabbit.RabbitListenerEndpointContainer#0-1] o.example.consumer.service.TaskConsumer  : Task 36 processed in 180540 ms
2025-05-24T09:41:18.538Z  INFO 1 --- [consumer] [org.springframework.amqp.rabbit.RabbitListenerEndpointContainer#0-1] o.example.consumer.service.TaskConsumer  : Received task: Task(id=37, description=Task37, createdAt=1748079498008)
2025-05-24T09:41:23.544Z  INFO 1 --- [consumer] [org.springframework.amqp.rabbit.RabbitListenerEndpointContainer#0-1] o.example.consumer.service.TaskConsumer  : Task 37 result sent to output queue
2025-05-24T09:41:23.549Z  INFO 1 --- [consumer] [org.springframework.amqp.rabbit.RabbitListenerEndpointContainer#0-1] o.example.consumer.service.TaskConsumer  : Task 37 processed in 185541 ms
2025-05-24T09:41:23.556Z  INFO 1 --- [consumer] [org.springframework.amqp.rabbit.RabbitListenerEndpointContainer#0-1] o.example.consumer.service.TaskConsumer  : Received task: Task(id=38, description=Task38, createdAt=1748079498013)
2025-05-24T09:41:28.571Z  INFO 1 --- [consumer] [org.springframework.amqp.rabbit.RabbitListenerEndpointContainer#0-1] o.example.consumer.service.TaskConsumer  : Task 38 result sent to output queue
2025-05-24T09:41:28.576Z  INFO 1 --- [consumer] [org.springframework.amqp.rabbit.RabbitListenerEndpointContainer#0-1] o.example.consumer.service.TaskConsumer  : Task 38 processed in 190563 ms
2025-05-24T09:41:28.585Z  INFO 1 --- [consumer] [org.springframework.amqp.rabbit.RabbitListenerEndpointContainer#0-1] o.example.consumer.service.TaskConsumer  : Received task: Task(id=39, description=Task39, createdAt=1748079498027)
2025-05-24T09:41:33.595Z  INFO 1 --- [consumer] [org.springframework.amqp.rabbit.RabbitListenerEndpointContainer#0-1] o.example.consumer.service.TaskConsumer  : Task 39 result sent to output queue
2025-05-24T09:41:33.597Z  INFO 1 --- [consumer] [org.springframework.amqp.rabbit.RabbitListenerEndpointContainer#0-1] o.example.consumer.service.TaskConsumer  : Task 39 processed in 195570 ms
2025-05-24T09:41:33.601Z  INFO 1 --- [consumer] [org.springframework.amqp.rabbit.RabbitListenerEndpointContainer#0-1] o.example.consumer.service.TaskConsumer  : Received task: Task(id=40, description=Task40, createdAt=1748079498035)
2025-05-24T09:41:38.611Z  INFO 1 --- [consumer] [org.springframework.amqp.rabbit.RabbitListenerEndpointContainer#0-1] o.example.consumer.service.TaskConsumer  : Task 40 result sent to output queue
2025-05-24T09:41:38.622Z  INFO 1 --- [consumer] [org.springframework.amqp.rabbit.RabbitListenerEndpointContainer#0-1] o.example.consumer.service.TaskConsumer  : Task 40 processed in 200587 ms
2025-05-24T09:41:38.628Z  INFO 1 --- [consumer] [org.springframework.amqp.rabbit.RabbitListenerEndpointContainer#0-1] o.example.consumer.service.TaskConsumer  : Received task: Task(id=41, description=Task41, createdAt=1748079498047)
2025-05-24T09:41:43.636Z  INFO 1 --- [consumer] [org.springframework.amqp.rabbit.RabbitListenerEndpointContainer#0-1] o.example.consumer.service.TaskConsumer  : Task 41 result sent to output queue
2025-05-24T09:41:43.652Z  INFO 1 --- [consumer] [org.springframework.amqp.rabbit.RabbitListenerEndpointContainer#0-1] o.example.consumer.service.TaskConsumer  : Task 41 processed in 205605 ms
2025-05-24T09:41:43.654Z  INFO 1 --- [consumer] [org.springframework.amqp.rabbit.RabbitListenerEndpointContainer#0-1] o.example.consumer.service.TaskConsumer  : Received task: Task(id=42, description=Task42, createdAt=1748079498052)
2025-05-24T09:41:48.658Z  INFO 1 --- [consumer] [org.springframework.amqp.rabbit.RabbitListenerEndpointContainer#0-1] o.example.consumer.service.TaskConsumer  : Task 42 result sent to output queue
2025-05-24T09:41:48.664Z  INFO 1 --- [consumer] [org.springframework.amqp.rabbit.RabbitListenerEndpointContainer#0-1] o.example.consumer.service.TaskConsumer  : Task 42 processed in 210612 ms
2025-05-24T09:41:48.681Z  INFO 1 --- [consumer] [org.springframework.amqp.rabbit.RabbitListenerEndpointContainer#0-1] o.example.consumer.service.TaskConsumer  : Received task: Task(id=43, description=Task43, createdAt=1748079498065)
2025-05-24T09:41:53.688Z  INFO 1 --- [consumer] [org.springframework.amqp.rabbit.RabbitListenerEndpointContainer#0-1] o.example.consumer.service.TaskConsumer  : Task 43 result sent to output queue
2025-05-24T09:41:53.695Z  INFO 1 --- [consumer] [org.springframework.amqp.rabbit.RabbitListenerEndpointContainer#0-1] o.example.consumer.service.TaskConsumer  : Task 43 processed in 215630 ms
2025-05-24T09:41:53.699Z  INFO 1 --- [consumer] [org.springframework.amqp.rabbit.RabbitListenerEndpointContainer#0-1] o.example.consumer.service.TaskConsumer  : Received task: Task(id=44, description=Task44, createdAt=1748079498073)
2025-05-24T09:41:58.705Z  INFO 1 --- [consumer] [org.springframework.amqp.rabbit.RabbitListenerEndpointContainer#0-1] o.example.consumer.service.TaskConsumer  : Task 44 result sent to output queue
2025-05-24T09:41:58.707Z  INFO 1 --- [consumer] [org.springframework.amqp.rabbit.RabbitListenerEndpointContainer#0-1] o.example.consumer.service.TaskConsumer  : Task 44 processed in 220634 ms
2025-05-24T09:41:58.716Z  INFO 1 --- [consumer] [org.springframework.amqp.rabbit.RabbitListenerEndpointContainer#0-1] o.example.consumer.service.TaskConsumer  : Received task: Task(id=45, description=Task45, createdAt=1748079498087)
2025-05-24T09:42:03.726Z  INFO 1 --- [consumer] [org.springframework.amqp.rabbit.RabbitListenerEndpointContainer#0-1] o.example.consumer.service.TaskConsumer  : Task 45 result sent to output queue
2025-05-24T09:42:03.728Z  INFO 1 --- [consumer] [org.springframework.amqp.rabbit.RabbitListenerEndpointContainer#0-1] o.example.consumer.service.TaskConsumer  : Task 45 processed in 225641 ms
2025-05-24T09:42:03.736Z  INFO 1 --- [consumer] [org.springframework.amqp.rabbit.RabbitListenerEndpointContainer#0-1] o.example.consumer.service.TaskConsumer  : Received task: Task(id=46, description=Task46, createdAt=1748079498095)
2025-05-24T09:42:08.747Z  INFO 1 --- [consumer] [org.springframework.amqp.rabbit.RabbitListenerEndpointContainer#0-1] o.example.consumer.service.TaskConsumer  : Task 46 result sent to output queue
2025-05-24T09:42:08.752Z  INFO 1 --- [consumer] [org.springframework.amqp.rabbit.RabbitListenerEndpointContainer#0-1] o.example.consumer.service.TaskConsumer  : Task 46 processed in 230657 ms
2025-05-24T09:42:08.760Z  INFO 1 --- [consumer] [org.springframework.amqp.rabbit.RabbitListenerEndpointContainer#0-1] o.example.consumer.service.TaskConsumer  : Received task: Task(id=47, description=Task47, createdAt=1748079498104)
2025-05-24T09:42:13.768Z  INFO 1 --- [consumer] [org.springframework.amqp.rabbit.RabbitListenerEndpointContainer#0-1] o.example.consumer.service.TaskConsumer  : Task 47 result sent to output queue
2025-05-24T09:42:13.772Z  INFO 1 --- [consumer] [org.springframework.amqp.rabbit.RabbitListenerEndpointContainer#0-1] o.example.consumer.service.TaskConsumer  : Task 47 processed in 235668 ms
2025-05-24T09:42:13.778Z  INFO 1 --- [consumer] [org.springframework.amqp.rabbit.RabbitListenerEndpointContainer#0-1] o.example.consumer.service.TaskConsumer  : Received task: Task(id=48, description=Task48, createdAt=1748079498119)
2025-05-24T09:42:18.790Z  INFO 1 --- [consumer] [org.springframework.amqp.rabbit.RabbitListenerEndpointContainer#0-1] o.example.consumer.service.TaskConsumer  : Task 48 result sent to output queue
2025-05-24T09:42:18.793Z  INFO 1 --- [consumer] [org.springframework.amqp.rabbit.RabbitListenerEndpointContainer#0-1] o.example.consumer.service.TaskConsumer  : Task 48 processed in 240673 ms
2025-05-24T09:42:18.800Z  INFO 1 --- [consumer] [org.springframework.amqp.rabbit.RabbitListenerEndpointContainer#0-1] o.example.consumer.service.TaskConsumer  : Received task: Task(id=49, description=Task49, createdAt=1748079498126)
2025-05-24T09:42:23.804Z  INFO 1 --- [consumer] [org.springframework.amqp.rabbit.RabbitListenerEndpointContainer#0-1] o.example.consumer.service.TaskConsumer  : Task 49 result sent to output queue
2025-05-24T09:42:23.809Z  INFO 1 --- [consumer] [org.springframework.amqp.rabbit.RabbitListenerEndpointContainer#0-1] o.example.consumer.service.TaskConsumer  : Task 49 processed in 245683 ms
2025-05-24T09:42:23.816Z  INFO 1 --- [consumer] [org.springframework.amqp.rabbit.RabbitListenerEndpointContainer#0-1] o.example.consumer.service.TaskConsumer  : Received task: Task(id=50, description=Task50, createdAt=1748079498139)
2025-05-24T09:42:28.820Z  INFO 1 --- [consumer] [org.springframework.amqp.rabbit.RabbitListenerEndpointContainer#0-1] o.example.consumer.service.TaskConsumer  : Task 50 result sent to output queue
2025-05-24T09:42:28.823Z  INFO 1 --- [consumer] [org.springframework.amqp.rabbit.RabbitListenerEndpointContainer#0-1] o.example.consumer.service.TaskConsumer  : Task 50 processed in 250684 ms
2025-05-24T09:42:28.827Z  INFO 1 --- [consumer] [org.springframework.amqp.rabbit.RabbitListenerEndpointContainer#0-1] o.example.consumer.service.TaskConsumer  : Received task: Task(id=51, description=Task51, createdAt=1748079498143)
2025-05-24T09:42:33.836Z  INFO 1 --- [consumer] [org.springframework.amqp.rabbit.RabbitListenerEndpointContainer#0-1] o.example.consumer.service.TaskConsumer  : Task 51 result sent to output queue
2025-05-24T09:42:33.839Z  INFO 1 --- [consumer] [org.springframework.amqp.rabbit.RabbitListenerEndpointContainer#0-1] o.example.consumer.service.TaskConsumer  : Task 51 processed in 255696 ms
2025-05-24T09:42:33.845Z  INFO 1 --- [consumer] [org.springframework.amqp.rabbit.RabbitListenerEndpointContainer#0-1] o.example.consumer.service.TaskConsumer  : Received task: Task(id=52, description=Task52, createdAt=1748079498158)
2025-05-24T09:42:38.854Z  INFO 1 --- [consumer] [org.springframework.amqp.rabbit.RabbitListenerEndpointContainer#0-1] o.example.consumer.service.TaskConsumer  : Task 52 result sent to output queue
2025-05-24T09:42:38.856Z  INFO 1 --- [consumer] [org.springframework.amqp.rabbit.RabbitListenerEndpointContainer#0-1] o.example.consumer.service.TaskConsumer  : Task 52 processed in 260698 ms
2025-05-24T09:42:38.862Z  INFO 1 --- [consumer] [org.springframework.amqp.rabbit.RabbitListenerEndpointContainer#0-1] o.example.consumer.service.TaskConsumer  : Received task: Task(id=53, description=Task53, createdAt=1748079498168)
2025-05-24T09:42:43.868Z  INFO 1 --- [consumer] [org.springframework.amqp.rabbit.RabbitListenerEndpointContainer#0-1] o.example.consumer.service.TaskConsumer  : Task 53 result sent to output queue
2025-05-24T09:42:43.880Z  INFO 1 --- [consumer] [org.springframework.amqp.rabbit.RabbitListenerEndpointContainer#0-1] o.example.consumer.service.TaskConsumer  : Task 53 processed in 265712 ms
2025-05-24T09:42:43.883Z  INFO 1 --- [consumer] [org.springframework.amqp.rabbit.RabbitListenerEndpointContainer#0-1] o.example.consumer.service.TaskConsumer  : Received task: Task(id=54, description=Task54, createdAt=1748079498177)
2025-05-24T09:42:48.889Z  INFO 1 --- [consumer] [org.springframework.amqp.rabbit.RabbitListenerEndpointContainer#0-1] o.example.consumer.service.TaskConsumer  : Task 54 result sent to output queue
2025-05-24T09:42:48.895Z  INFO 1 --- [consumer] [org.springframework.amqp.rabbit.RabbitListenerEndpointContainer#0-1] o.example.consumer.service.TaskConsumer  : Task 54 processed in 270717 ms
2025-05-24T09:42:48.901Z  INFO 1 --- [consumer] [org.springframework.amqp.rabbit.RabbitListenerEndpointContainer#0-1] o.example.consumer.service.TaskConsumer  : Received task: Task(id=55, description=Task55, createdAt=1748079498186)
2025-05-24T09:42:53.908Z  INFO 1 --- [consumer] [org.springframework.amqp.rabbit.RabbitListenerEndpointContainer#0-1] o.example.consumer.service.TaskConsumer  : Task 55 result sent to output queue
2025-05-24T09:42:53.909Z  INFO 1 --- [consumer] [org.springframework.amqp.rabbit.RabbitListenerEndpointContainer#0-1] o.example.consumer.service.TaskConsumer  : Task 55 processed in 275723 ms
2025-05-24T09:42:53.911Z  INFO 1 --- [consumer] [org.springframework.amqp.rabbit.RabbitListenerEndpointContainer#0-1] o.example.consumer.service.TaskConsumer  : Received task: Task(id=56, description=Task56, createdAt=1748079498194)
2025-05-24T09:42:58.913Z  INFO 1 --- [consumer] [org.springframework.amqp.rabbit.RabbitListenerEndpointContainer#0-1] o.example.consumer.service.TaskConsumer  : Task 56 result sent to output queue
2025-05-24T09:42:58.913Z  INFO 1 --- [consumer] [org.springframework.amqp.rabbit.RabbitListenerEndpointContainer#0-1] o.example.consumer.service.TaskConsumer  : Task 56 processed in 280719 ms
2025-05-24T09:42:58.914Z  INFO 1 --- [consumer] [org.springframework.amqp.rabbit.RabbitListenerEndpointContainer#0-1] o.example.consumer.service.TaskConsumer  : Received task: Task(id=57, description=Task57, createdAt=1748079498208)
2025-05-24T09:43:03.924Z  INFO 1 --- [consumer] [org.springframework.amqp.rabbit.RabbitListenerEndpointContainer#0-1] o.example.consumer.service.TaskConsumer  : Task 57 result sent to output queue
2025-05-24T09:43:03.930Z  INFO 1 --- [consumer] [org.springframework.amqp.rabbit.RabbitListenerEndpointContainer#0-1] o.example.consumer.service.TaskConsumer  : Task 57 processed in 285722 ms
2025-05-24T09:43:03.938Z  INFO 1 --- [consumer] [org.springframework.amqp.rabbit.RabbitListenerEndpointContainer#0-1] o.example.consumer.service.TaskConsumer  : Received task: Task(id=58, description=Task58, createdAt=1748079498218)
2025-05-24T09:43:08.950Z  INFO 1 --- [consumer] [org.springframework.amqp.rabbit.RabbitListenerEndpointContainer#0-1] o.example.consumer.service.TaskConsumer  : Task 58 result sent to output queue
2025-05-24T09:43:08.953Z  INFO 1 --- [consumer] [org.springframework.amqp.rabbit.RabbitListenerEndpointContainer#0-1] o.example.consumer.service.TaskConsumer  : Task 58 processed in 290735 ms
2025-05-24T09:43:08.955Z  INFO 1 --- [consumer] [org.springframework.amqp.rabbit.RabbitListenerEndpointContainer#0-1] o.example.consumer.service.TaskConsumer  : Received task: Task(id=59, description=Task59, createdAt=1748079498228)
2025-05-24T09:43:13.961Z  INFO 1 --- [consumer] [org.springframework.amqp.rabbit.RabbitListenerEndpointContainer#0-1] o.example.consumer.service.TaskConsumer  : Task 59 result sent to output queue
2025-05-24T09:43:13.970Z  INFO 1 --- [consumer] [org.springframework.amqp.rabbit.RabbitListenerEndpointContainer#0-1] o.example.consumer.service.TaskConsumer  : Task 59 processed in 295742 ms
2025-05-24T09:43:13.976Z  INFO 1 --- [consumer] [org.springframework.amqp.rabbit.RabbitListenerEndpointContainer#0-1] o.example.consumer.service.TaskConsumer  : Received task: Task(id=60, description=Task60, createdAt=1748079498234)
2025-05-24T09:43:18.981Z  INFO 1 --- [consumer] [org.springframework.amqp.rabbit.RabbitListenerEndpointContainer#0-1] o.example.consumer.service.TaskConsumer  : Task 60 result sent to output queue
2025-05-24T09:43:18.989Z  INFO 1 --- [consumer] [org.springframework.amqp.rabbit.RabbitListenerEndpointContainer#0-1] o.example.consumer.service.TaskConsumer  : Task 60 processed in 300755 ms
2025-05-24T09:43:19.004Z  INFO 1 --- [consumer] [org.springframework.amqp.rabbit.RabbitListenerEndpointContainer#0-1] o.example.consumer.service.TaskConsumer  : Received task: Task(id=61, description=Task61, createdAt=1748079498248)
2025-05-24T09:43:24.009Z  INFO 1 --- [consumer] [org.springframework.amqp.rabbit.RabbitListenerEndpointContainer#0-1] o.example.consumer.service.TaskConsumer  : Task 61 result sent to output queue
2025-05-24T09:43:24.011Z  INFO 1 --- [consumer] [org.springframework.amqp.rabbit.RabbitListenerEndpointContainer#0-1] o.example.consumer.service.TaskConsumer  : Task 61 processed in 305763 ms
2025-05-24T09:43:24.015Z  INFO 1 --- [consumer] [org.springframework.amqp.rabbit.RabbitListenerEndpointContainer#0-1] o.example.consumer.service.TaskConsumer  : Received task: Task(id=62, description=Task62, createdAt=1748079498255)
2025-05-24T09:43:29.030Z  INFO 1 --- [consumer] [org.springframework.amqp.rabbit.RabbitListenerEndpointContainer#0-1] o.example.consumer.service.TaskConsumer  : Task 62 result sent to output queue
2025-05-24T09:43:29.040Z  INFO 1 --- [consumer] [org.springframework.amqp.rabbit.RabbitListenerEndpointContainer#0-1] o.example.consumer.service.TaskConsumer  : Task 62 processed in 310785 ms
2025-05-24T09:43:29.051Z  INFO 1 --- [consumer] [org.springframework.amqp.rabbit.RabbitListenerEndpointContainer#0-1] o.example.consumer.service.TaskConsumer  : Received task: Task(id=63, description=Task63, createdAt=1748079498267)
2025-05-24T09:43:34.060Z  INFO 1 --- [consumer] [org.springframework.amqp.rabbit.RabbitListenerEndpointContainer#0-1] o.example.consumer.service.TaskConsumer  : Task 63 result sent to output queue
2025-05-24T09:43:34.070Z  INFO 1 --- [consumer] [org.springframework.amqp.rabbit.RabbitListenerEndpointContainer#0-1] o.example.consumer.service.TaskConsumer  : Task 63 processed in 315803 ms
2025-05-24T09:43:34.086Z  INFO 1 --- [consumer] [org.springframework.amqp.rabbit.RabbitListenerEndpointContainer#0-1] o.example.consumer.service.TaskConsumer  : Received task: Task(id=64, description=Task64, createdAt=1748079498276)
2025-05-24T09:43:39.092Z  INFO 1 --- [consumer] [org.springframework.amqp.rabbit.RabbitListenerEndpointContainer#0-1] o.example.consumer.service.TaskConsumer  : Task 64 result sent to output queue
2025-05-24T09:43:39.097Z  INFO 1 --- [consumer] [org.springframework.amqp.rabbit.RabbitListenerEndpointContainer#0-1] o.example.consumer.service.TaskConsumer  : Task 64 processed in 320821 ms
2025-05-24T09:43:39.101Z  INFO 1 --- [consumer] [org.springframework.amqp.rabbit.RabbitListenerEndpointContainer#0-1] o.example.consumer.service.TaskConsumer  : Received task: Task(id=65, description=Task65, createdAt=1748079498288)
2025-05-24T09:43:44.110Z  INFO 1 --- [consumer] [org.springframework.amqp.rabbit.RabbitListenerEndpointContainer#0-1] o.example.consumer.service.TaskConsumer  : Task 65 result sent to output queue
2025-05-24T09:43:44.115Z  INFO 1 --- [consumer] [org.springframework.amqp.rabbit.RabbitListenerEndpointContainer#0-1] o.example.consumer.service.TaskConsumer  : Task 65 processed in 325827 ms
2025-05-24T09:43:44.121Z  INFO 1 --- [consumer] [org.springframework.amqp.rabbit.RabbitListenerEndpointContainer#0-1] o.example.consumer.service.TaskConsumer  : Received task: Task(id=66, description=Task66, createdAt=1748079498297)
2025-05-24T09:43:49.133Z  INFO 1 --- [consumer] [org.springframework.amqp.rabbit.RabbitListenerEndpointContainer#0-1] o.example.consumer.service.TaskConsumer  : Task 66 result sent to output queue
2025-05-24T09:43:49.137Z  INFO 1 --- [consumer] [org.springframework.amqp.rabbit.RabbitListenerEndpointContainer#0-1] o.example.consumer.service.TaskConsumer  : Task 66 processed in 330840 ms
2025-05-24T09:43:49.143Z  INFO 1 --- [consumer] [org.springframework.amqp.rabbit.RabbitListenerEndpointContainer#0-1] o.example.consumer.service.TaskConsumer  : Received task: Task(id=67, description=Task67, createdAt=1748079498306)
2025-05-24T09:43:54.151Z  INFO 1 --- [consumer] [org.springframework.amqp.rabbit.RabbitListenerEndpointContainer#0-1] o.example.consumer.service.TaskConsumer  : Task 67 result sent to output queue
2025-05-24T09:43:54.157Z  INFO 1 --- [consumer] [org.springframework.amqp.rabbit.RabbitListenerEndpointContainer#0-1] o.example.consumer.service.TaskConsumer  : Task 67 processed in 335851 ms
2025-05-24T09:43:54.165Z  INFO 1 --- [consumer] [org.springframework.amqp.rabbit.RabbitListenerEndpointContainer#0-1] o.example.consumer.service.TaskConsumer  : Received task: Task(id=68, description=Task68, createdAt=1748079498318)
2025-05-24T09:43:59.173Z  INFO 1 --- [consumer] [org.springframework.amqp.rabbit.RabbitListenerEndpointContainer#0-1] o.example.consumer.service.TaskConsumer  : Task 68 result sent to output queue
2025-05-24T09:43:59.175Z  INFO 1 --- [consumer] [org.springframework.amqp.rabbit.RabbitListenerEndpointContainer#0-1] o.example.consumer.service.TaskConsumer  : Task 68 processed in 340857 ms
2025-05-24T09:43:59.177Z  INFO 1 --- [consumer] [org.springframework.amqp.rabbit.RabbitListenerEndpointContainer#0-1] o.example.consumer.service.TaskConsumer  : Received task: Task(id=69, description=Task69, createdAt=1748079498327)
2025-05-24T09:44:04.180Z  INFO 1 --- [consumer] [org.springframework.amqp.rabbit.RabbitListenerEndpointContainer#0-1] o.example.consumer.service.TaskConsumer  : Task 69 result sent to output queue
2025-05-24T09:44:04.180Z  INFO 1 --- [consumer] [org.springframework.amqp.rabbit.RabbitListenerEndpointContainer#0-1] o.example.consumer.service.TaskConsumer  : Task 69 processed in 345853 ms
2025-05-24T09:44:04.181Z  INFO 1 --- [consumer] [org.springframework.amqp.rabbit.RabbitListenerEndpointContainer#0-1] o.example.consumer.service.TaskConsumer  : Received task: Task(id=70, description=Task70, createdAt=1748079498336)
2025-05-24T09:44:09.182Z  INFO 1 --- [consumer] [org.springframework.amqp.rabbit.RabbitListenerEndpointContainer#0-1] o.example.consumer.service.TaskConsumer  : Task 70 result sent to output queue
2025-05-24T09:44:09.183Z  INFO 1 --- [consumer] [org.springframework.amqp.rabbit.RabbitListenerEndpointContainer#0-1] o.example.consumer.service.TaskConsumer  : Task 70 processed in 350847 ms
2025-05-24T09:44:09.184Z  INFO 1 --- [consumer] [org.springframework.amqp.rabbit.RabbitListenerEndpointContainer#0-1] o.example.consumer.service.TaskConsumer  : Received task: Task(id=71, description=Task71, createdAt=1748079498348)
2025-05-24T09:44:14.189Z  INFO 1 --- [consumer] [org.springframework.amqp.rabbit.RabbitListenerEndpointContainer#0-1] o.example.consumer.service.TaskConsumer  : Task 71 result sent to output queue
2025-05-24T09:44:14.196Z  INFO 1 --- [consumer] [org.springframework.amqp.rabbit.RabbitListenerEndpointContainer#0-1] o.example.consumer.service.TaskConsumer  : Task 71 processed in 355848 ms
2025-05-24T09:44:14.203Z  INFO 1 --- [consumer] [org.springframework.amqp.rabbit.RabbitListenerEndpointContainer#0-1] o.example.consumer.service.TaskConsumer  : Received task: Task(id=72, description=Task72, createdAt=1748079498356)
2025-05-24T09:44:19.213Z  INFO 1 --- [consumer] [org.springframework.amqp.rabbit.RabbitListenerEndpointContainer#0-1] o.example.consumer.service.TaskConsumer  : Task 72 result sent to output queue
2025-05-24T09:44:19.217Z  INFO 1 --- [consumer] [org.springframework.amqp.rabbit.RabbitListenerEndpointContainer#0-1] o.example.consumer.service.TaskConsumer  : Task 72 processed in 360860 ms
2025-05-24T09:44:19.219Z  INFO 1 --- [consumer] [org.springframework.amqp.rabbit.RabbitListenerEndpointContainer#0-1] o.example.consumer.service.TaskConsumer  : Received task: Task(id=73, description=Task73, createdAt=1748079498363)
2025-05-24T09:44:24.225Z  INFO 1 --- [consumer] [org.springframework.amqp.rabbit.RabbitListenerEndpointContainer#0-1] o.example.consumer.service.TaskConsumer  : Task 73 result sent to output queue
2025-05-24T09:44:24.241Z  INFO 1 --- [consumer] [org.springframework.amqp.rabbit.RabbitListenerEndpointContainer#0-1] o.example.consumer.service.TaskConsumer  : Task 73 processed in 365878 ms
2025-05-24T09:44:24.245Z  INFO 1 --- [consumer] [org.springframework.amqp.rabbit.RabbitListenerEndpointContainer#0-1] o.example.consumer.service.TaskConsumer  : Received task: Task(id=74, description=Task74, createdAt=1748079498378)
2025-05-24T09:44:29.251Z  INFO 1 --- [consumer] [org.springframework.amqp.rabbit.RabbitListenerEndpointContainer#0-1] o.example.consumer.service.TaskConsumer  : Task 74 result sent to output queue
2025-05-24T09:44:29.257Z  INFO 1 --- [consumer] [org.springframework.amqp.rabbit.RabbitListenerEndpointContainer#0-1] o.example.consumer.service.TaskConsumer  : Task 74 processed in 370879 ms
2025-05-24T09:44:29.265Z  INFO 1 --- [consumer] [org.springframework.amqp.rabbit.RabbitListenerEndpointContainer#0-1] o.example.consumer.service.TaskConsumer  : Received task: Task(id=75, description=Task75, createdAt=1748079498388)
2025-05-24T09:44:34.270Z  INFO 1 --- [consumer] [org.springframework.amqp.rabbit.RabbitListenerEndpointContainer#0-1] o.example.consumer.service.TaskConsumer  : Task 75 result sent to output queue
2025-05-24T09:44:34.273Z  INFO 1 --- [consumer] [org.springframework.amqp.rabbit.RabbitListenerEndpointContainer#0-1] o.example.consumer.service.TaskConsumer  : Task 75 processed in 375885 ms
2025-05-24T09:44:34.277Z  INFO 1 --- [consumer] [org.springframework.amqp.rabbit.RabbitListenerEndpointContainer#0-1] o.example.consumer.service.TaskConsumer  : Received task: Task(id=76, description=Task76, createdAt=1748079498398)
2025-05-24T09:44:39.280Z  INFO 1 --- [consumer] [org.springframework.amqp.rabbit.RabbitListenerEndpointContainer#0-1] o.example.consumer.service.TaskConsumer  : Task 76 result sent to output queue
2025-05-24T09:44:39.281Z  INFO 1 --- [consumer] [org.springframework.amqp.rabbit.RabbitListenerEndpointContainer#0-1] o.example.consumer.service.TaskConsumer  : Task 76 processed in 380883 ms
2025-05-24T09:44:39.284Z  INFO 1 --- [consumer] [org.springframework.amqp.rabbit.RabbitListenerEndpointContainer#0-1] o.example.consumer.service.TaskConsumer  : Received task: Task(id=77, description=Task77, createdAt=1748079498409)
2025-05-24T09:44:44.290Z  INFO 1 --- [consumer] [org.springframework.amqp.rabbit.RabbitListenerEndpointContainer#0-1] o.example.consumer.service.TaskConsumer  : Task 77 result sent to output queue
2025-05-24T09:44:44.291Z  INFO 1 --- [consumer] [org.springframework.amqp.rabbit.RabbitListenerEndpointContainer#0-1] o.example.consumer.service.TaskConsumer  : Task 77 processed in 385882 ms
2025-05-24T09:44:44.294Z  INFO 1 --- [consumer] [org.springframework.amqp.rabbit.RabbitListenerEndpointContainer#0-1] o.example.consumer.service.TaskConsumer  : Received task: Task(id=78, description=Task78, createdAt=1748079498414)
2025-05-24T09:44:49.297Z  INFO 1 --- [consumer] [org.springframework.amqp.rabbit.RabbitListenerEndpointContainer#0-1] o.example.consumer.service.TaskConsumer  : Task 78 result sent to output queue
2025-05-24T09:44:49.299Z  INFO 1 --- [consumer] [org.springframework.amqp.rabbit.RabbitListenerEndpointContainer#0-1] o.example.consumer.service.TaskConsumer  : Task 78 processed in 390885 ms
2025-05-24T09:44:49.303Z  INFO 1 --- [consumer] [org.springframework.amqp.rabbit.RabbitListenerEndpointContainer#0-1] o.example.consumer.service.TaskConsumer  : Received task: Task(id=79, description=Task79, createdAt=1748079498424)
2025-05-24T09:44:54.311Z  INFO 1 --- [consumer] [org.springframework.amqp.rabbit.RabbitListenerEndpointContainer#0-1] o.example.consumer.service.TaskConsumer  : Task 79 result sent to output queue
2025-05-24T09:44:54.314Z  INFO 1 --- [consumer] [org.springframework.amqp.rabbit.RabbitListenerEndpointContainer#0-1] o.example.consumer.service.TaskConsumer  : Task 79 processed in 395890 ms
2025-05-24T09:44:54.318Z  INFO 1 --- [consumer] [org.springframework.amqp.rabbit.RabbitListenerEndpointContainer#0-1] o.example.consumer.service.TaskConsumer  : Received task: Task(id=80, description=Task80, createdAt=1748079498434)
2025-05-24T09:44:59.325Z  INFO 1 --- [consumer] [org.springframework.amqp.rabbit.RabbitListenerEndpointContainer#0-1] o.example.consumer.service.TaskConsumer  : Task 80 result sent to output queue
2025-05-24T09:44:59.329Z  INFO 1 --- [consumer] [org.springframework.amqp.rabbit.RabbitListenerEndpointContainer#0-1] o.example.consumer.service.TaskConsumer  : Task 80 processed in 400894 ms
2025-05-24T09:44:59.338Z  INFO 1 --- [consumer] [org.springframework.amqp.rabbit.RabbitListenerEndpointContainer#0-1] o.example.consumer.service.TaskConsumer  : Received task: Task(id=81, description=Task81, createdAt=1748079498444)
2025-05-24T09:45:04.349Z  INFO 1 --- [consumer] [org.springframework.amqp.rabbit.RabbitListenerEndpointContainer#0-1] o.example.consumer.service.TaskConsumer  : Task 81 result sent to output queue
2025-05-24T09:45:04.360Z  INFO 1 --- [consumer] [org.springframework.amqp.rabbit.RabbitListenerEndpointContainer#0-1] o.example.consumer.service.TaskConsumer  : Task 81 processed in 405916 ms
2025-05-24T09:45:04.362Z  INFO 1 --- [consumer] [org.springframework.amqp.rabbit.RabbitListenerEndpointContainer#0-1] o.example.consumer.service.TaskConsumer  : Received task: Task(id=82, description=Task82, createdAt=1748079498455)
2025-05-24T09:45:09.363Z  INFO 1 --- [consumer] [org.springframework.amqp.rabbit.RabbitListenerEndpointContainer#0-1] o.example.consumer.service.TaskConsumer  : Task 82 result sent to output queue
2025-05-24T09:45:09.364Z  INFO 1 --- [consumer] [org.springframework.amqp.rabbit.RabbitListenerEndpointContainer#0-1] o.example.consumer.service.TaskConsumer  : Task 82 processed in 410909 ms
2025-05-24T09:45:09.365Z  INFO 1 --- [consumer] [org.springframework.amqp.rabbit.RabbitListenerEndpointContainer#0-1] o.example.consumer.service.TaskConsumer  : Received task: Task(id=83, description=Task83, createdAt=1748079498469)
2025-05-24T09:45:14.370Z  INFO 1 --- [consumer] [org.springframework.amqp.rabbit.RabbitListenerEndpointContainer#0-1] o.example.consumer.service.TaskConsumer  : Task 83 result sent to output queue
2025-05-24T09:45:14.387Z  INFO 1 --- [consumer] [org.springframework.amqp.rabbit.RabbitListenerEndpointContainer#0-1] o.example.consumer.service.TaskConsumer  : Task 83 processed in 415918 ms
2025-05-24T09:45:14.391Z  INFO 1 --- [consumer] [org.springframework.amqp.rabbit.RabbitListenerEndpointContainer#0-1] o.example.consumer.service.TaskConsumer  : Received task: Task(id=84, description=Task84, createdAt=1748079498478)
2025-05-24T09:45:19.398Z  INFO 1 --- [consumer] [org.springframework.amqp.rabbit.RabbitListenerEndpointContainer#0-1] o.example.consumer.service.TaskConsumer  : Task 84 result sent to output queue
2025-05-24T09:45:19.407Z  INFO 1 --- [consumer] [org.springframework.amqp.rabbit.RabbitListenerEndpointContainer#0-1] o.example.consumer.service.TaskConsumer  : Task 84 processed in 420928 ms
2025-05-24T09:45:19.416Z  INFO 1 --- [consumer] [org.springframework.amqp.rabbit.RabbitListenerEndpointContainer#0-1] o.example.consumer.service.TaskConsumer  : Received task: Task(id=85, description=Task85, createdAt=1748079498484)
2025-05-24T09:45:24.423Z  INFO 1 --- [consumer] [org.springframework.amqp.rabbit.RabbitListenerEndpointContainer#0-1] o.example.consumer.service.TaskConsumer  : Task 85 result sent to output queue
2025-05-24T09:45:24.439Z  INFO 1 --- [consumer] [org.springframework.amqp.rabbit.RabbitListenerEndpointContainer#0-1] o.example.consumer.service.TaskConsumer  : Task 85 processed in 425955 ms
2025-05-24T09:45:24.444Z  INFO 1 --- [consumer] [org.springframework.amqp.rabbit.RabbitListenerEndpointContainer#0-1] o.example.consumer.service.TaskConsumer  : Received task: Task(id=86, description=Task86, createdAt=1748079498494)
2025-05-24T09:45:29.454Z  INFO 1 --- [consumer] [org.springframework.amqp.rabbit.RabbitListenerEndpointContainer#0-1] o.example.consumer.service.TaskConsumer  : Task 86 result sent to output queue
2025-05-24T09:45:29.464Z  INFO 1 --- [consumer] [org.springframework.amqp.rabbit.RabbitListenerEndpointContainer#0-1] o.example.consumer.service.TaskConsumer  : Task 86 processed in 430970 ms
2025-05-24T09:45:29.472Z  INFO 1 --- [consumer] [org.springframework.amqp.rabbit.RabbitListenerEndpointContainer#0-1] o.example.consumer.service.TaskConsumer  : Received task: Task(id=87, description=Task87, createdAt=1748079498507)
2025-05-24T09:45:34.478Z  INFO 1 --- [consumer] [org.springframework.amqp.rabbit.RabbitListenerEndpointContainer#0-1] o.example.consumer.service.TaskConsumer  : Task 87 result sent to output queue
2025-05-24T09:45:34.482Z  INFO 1 --- [consumer] [org.springframework.amqp.rabbit.RabbitListenerEndpointContainer#0-1] o.example.consumer.service.TaskConsumer  : Task 87 processed in 435975 ms
2025-05-24T09:45:34.487Z  INFO 1 --- [consumer] [org.springframework.amqp.rabbit.RabbitListenerEndpointContainer#0-1] o.example.consumer.service.TaskConsumer  : Received task: Task(id=88, description=Task88, createdAt=1748079498517)
2025-05-24T09:45:39.513Z  INFO 1 --- [consumer] [org.springframework.amqp.rabbit.RabbitListenerEndpointContainer#0-1] o.example.consumer.service.TaskConsumer  : Task 88 result sent to output queue
2025-05-24T09:45:39.517Z  INFO 1 --- [consumer] [org.springframework.amqp.rabbit.RabbitListenerEndpointContainer#0-1] o.example.consumer.service.TaskConsumer  : Task 88 processed in 441000 ms
2025-05-24T09:45:39.524Z  INFO 1 --- [consumer] [org.springframework.amqp.rabbit.RabbitListenerEndpointContainer#0-1] o.example.consumer.service.TaskConsumer  : Received task: Task(id=89, description=Task89, createdAt=1748079498523)
2025-05-24T09:45:44.531Z  INFO 1 --- [consumer] [org.springframework.amqp.rabbit.RabbitListenerEndpointContainer#0-1] o.example.consumer.service.TaskConsumer  : Task 89 result sent to output queue
2025-05-24T09:45:44.533Z  INFO 1 --- [consumer] [org.springframework.amqp.rabbit.RabbitListenerEndpointContainer#0-1] o.example.consumer.service.TaskConsumer  : Task 89 processed in 446010 ms
2025-05-24T09:45:44.534Z  INFO 1 --- [consumer] [org.springframework.amqp.rabbit.RabbitListenerEndpointContainer#0-1] o.example.consumer.service.TaskConsumer  : Received task: Task(id=90, description=Task90, createdAt=1748079498535)
2025-05-24T09:45:49.538Z  INFO 1 --- [consumer] [org.springframework.amqp.rabbit.RabbitListenerEndpointContainer#0-1] o.example.consumer.service.TaskConsumer  : Task 90 result sent to output queue
2025-05-24T09:45:49.553Z  INFO 1 --- [consumer] [org.springframework.amqp.rabbit.RabbitListenerEndpointContainer#0-1] o.example.consumer.service.TaskConsumer  : Task 90 processed in 451018 ms
2025-05-24T09:45:49.555Z  INFO 1 --- [consumer] [org.springframework.amqp.rabbit.RabbitListenerEndpointContainer#0-1] o.example.consumer.service.TaskConsumer  : Received task: Task(id=91, description=Task91, createdAt=1748079498547)
2025-05-24T09:45:54.559Z  INFO 1 --- [consumer] [org.springframework.amqp.rabbit.RabbitListenerEndpointContainer#0-1] o.example.consumer.service.TaskConsumer  : Task 91 result sent to output queue
2025-05-24T09:45:54.562Z  INFO 1 --- [consumer] [org.springframework.amqp.rabbit.RabbitListenerEndpointContainer#0-1] o.example.consumer.service.TaskConsumer  : Task 91 processed in 456015 ms
2025-05-24T09:45:54.568Z  INFO 1 --- [consumer] [org.springframework.amqp.rabbit.RabbitListenerEndpointContainer#0-1] o.example.consumer.service.TaskConsumer  : Received task: Task(id=92, description=Task92, createdAt=1748079498556)
2025-05-24T09:45:59.572Z  INFO 1 --- [consumer] [org.springframework.amqp.rabbit.RabbitListenerEndpointContainer#0-1] o.example.consumer.service.TaskConsumer  : Task 92 result sent to output queue
2025-05-24T09:45:59.575Z  INFO 1 --- [consumer] [org.springframework.amqp.rabbit.RabbitListenerEndpointContainer#0-1] o.example.consumer.service.TaskConsumer  : Task 92 processed in 461019 ms
2025-05-24T09:45:59.577Z  INFO 1 --- [consumer] [org.springframework.amqp.rabbit.RabbitListenerEndpointContainer#0-1] o.example.consumer.service.TaskConsumer  : Received task: Task(id=93, description=Task93, createdAt=1748079498568)
2025-05-24T09:46:04.583Z  INFO 1 --- [consumer] [org.springframework.amqp.rabbit.RabbitListenerEndpointContainer#0-1] o.example.consumer.service.TaskConsumer  : Task 93 result sent to output queue
2025-05-24T09:46:04.585Z  INFO 1 --- [consumer] [org.springframework.amqp.rabbit.RabbitListenerEndpointContainer#0-1] o.example.consumer.service.TaskConsumer  : Task 93 processed in 466017 ms
2025-05-24T09:46:04.587Z  INFO 1 --- [consumer] [org.springframework.amqp.rabbit.RabbitListenerEndpointContainer#0-1] o.example.consumer.service.TaskConsumer  : Received task: Task(id=94, description=Task94, createdAt=1748079498577)
2025-05-24T09:46:09.593Z  INFO 1 --- [consumer] [org.springframework.amqp.rabbit.RabbitListenerEndpointContainer#0-1] o.example.consumer.service.TaskConsumer  : Task 94 result sent to output queue
2025-05-24T09:46:09.595Z  INFO 1 --- [consumer] [org.springframework.amqp.rabbit.RabbitListenerEndpointContainer#0-1] o.example.consumer.service.TaskConsumer  : Task 94 processed in 471018 ms
2025-05-24T09:46:09.601Z  INFO 1 --- [consumer] [org.springframework.amqp.rabbit.RabbitListenerEndpointContainer#0-1] o.example.consumer.service.TaskConsumer  : Received task: Task(id=95, description=Task95, createdAt=1748079498588)
2025-05-24T09:46:14.605Z  INFO 1 --- [consumer] [org.springframework.amqp.rabbit.RabbitListenerEndpointContainer#0-1] o.example.consumer.service.TaskConsumer  : Task 95 result sent to output queue
2025-05-24T09:46:14.605Z  INFO 1 --- [consumer] [org.springframework.amqp.rabbit.RabbitListenerEndpointContainer#0-1] o.example.consumer.service.TaskConsumer  : Task 95 processed in 476017 ms
2025-05-24T09:46:14.606Z  INFO 1 --- [consumer] [org.springframework.amqp.rabbit.RabbitListenerEndpointContainer#0-1] o.example.consumer.service.TaskConsumer  : Received task: Task(id=96, description=Task96, createdAt=1748079498596)
2025-05-24T09:46:19.610Z  INFO 1 --- [consumer] [org.springframework.amqp.rabbit.RabbitListenerEndpointContainer#0-1] o.example.consumer.service.TaskConsumer  : Task 96 result sent to output queue
2025-05-24T09:46:19.615Z  INFO 1 --- [consumer] [org.springframework.amqp.rabbit.RabbitListenerEndpointContainer#0-1] o.example.consumer.service.TaskConsumer  : Task 96 processed in 481019 ms
2025-05-24T09:46:19.622Z  INFO 1 --- [consumer] [org.springframework.amqp.rabbit.RabbitListenerEndpointContainer#0-1] o.example.consumer.service.TaskConsumer  : Received task: Task(id=97, description=Task97, createdAt=1748079498610)
2025-05-24T09:46:24.629Z  INFO 1 --- [consumer] [org.springframework.amqp.rabbit.RabbitListenerEndpointContainer#0-1] o.example.consumer.service.TaskConsumer  : Task 97 result sent to output queue
2025-05-24T09:46:24.632Z  INFO 1 --- [consumer] [org.springframework.amqp.rabbit.RabbitListenerEndpointContainer#0-1] o.example.consumer.service.TaskConsumer  : Task 97 processed in 486022 ms
2025-05-24T09:46:24.638Z  INFO 1 --- [consumer] [org.springframework.amqp.rabbit.RabbitListenerEndpointContainer#0-1] o.example.consumer.service.TaskConsumer  : Received task: Task(id=98, description=Task98, createdAt=1748079498614)
2025-05-24T09:46:29.646Z  INFO 1 --- [consumer] [org.springframework.amqp.rabbit.RabbitListenerEndpointContainer#0-1] o.example.consumer.service.TaskConsumer  : Task 98 result sent to output queue
2025-05-24T09:46:29.650Z  INFO 1 --- [consumer] [org.springframework.amqp.rabbit.RabbitListenerEndpointContainer#0-1] o.example.consumer.service.TaskConsumer  : Task 98 processed in 491036 ms
2025-05-24T09:46:29.655Z  INFO 1 --- [consumer] [org.springframework.amqp.rabbit.RabbitListenerEndpointContainer#0-1] o.example.consumer.service.TaskConsumer  : Received task: Task(id=99, description=Task99, createdAt=1748079498626)
2025-05-24T09:46:34.664Z  INFO 1 --- [consumer] [org.springframework.amqp.rabbit.RabbitListenerEndpointContainer#0-1] o.example.consumer.service.TaskConsumer  : Task 99 result sent to output queue
2025-05-24T09:46:34.668Z  INFO 1 --- [consumer] [org.springframework.amqp.rabbit.RabbitListenerEndpointContainer#0-1] o.example.consumer.service.TaskConsumer  : Task 99 processed in 496042 ms
2025-05-24T09:46:34.674Z  INFO 1 --- [consumer] [org.springframework.amqp.rabbit.RabbitListenerEndpointContainer#0-1] o.example.consumer.service.TaskConsumer  : Received task: Task(id=100, description=Task100, createdAt=1748079498635)
2025-05-24T09:46:39.680Z  INFO 1 --- [consumer] [org.springframework.amqp.rabbit.RabbitListenerEndpointContainer#0-1] o.example.consumer.service.TaskConsumer  : Task 100 result sent to output queue
2025-05-24T09:46:39.683Z  INFO 1 --- [consumer] [org.springframework.amqp.rabbit.RabbitListenerEndpointContainer#0-1] o.example.consumer.service.TaskConsumer  : Task 100 processed in 501048 ms
