2025-05-24T09:38:00.645Z  INFO 1 --- [producer] [main] o.example.producer.ProducerApplication   : Starting ProducerApplication v0.0.1-SNAPSHOT using Java 17.0.2 with PID 1 (/app/app.jar started by root in /app)
2025-05-24T09:38:00.648Z  INFO 1 --- [producer] [main] o.example.producer.ProducerApplication   : No active profile set, falling back to 1 default profile: "default"
2025-05-24T09:38:01.239Z  INFO 1 --- [producer] [main] o.s.b.w.embedded.tomcat.TomcatWebServer  : Tomcat initialized with port 8080 (http)
2025-05-24T09:38:01.247Z  INFO 1 --- [producer] [main] o.apache.catalina.core.StandardService   : Starting service [Tomcat]
2025-05-24T09:38:01.247Z  INFO 1 --- [producer] [main] o.apache.catalina.core.StandardEngine    : Starting Servlet engine: [Apache Tomcat/10.1.40]
2025-05-24T09:38:01.262Z  INFO 1 --- [producer] [main] o.a.c.c.C.[Tomcat].[localhost].[/]       : Initializing Spring embedded WebApplicationContext
2025-05-24T09:38:01.262Z  INFO 1 --- [producer] [main] w.s.c.ServletWebServerApplicationContext : Root WebApplicationContext: initialization completed in 581 ms
2025-05-24T09:38:01.622Z  INFO 1 --- [producer] [main] o.s.b.w.embedded.tomcat.TomcatWebServer  : Tomcat started on port 8080 (http) with context path '/'
2025-05-24T09:38:01.633Z  INFO 1 --- [producer] [main] o.example.producer.ProducerApplication   : Started ProducerApplication in 1.307 seconds (process running for 1.556)
2025-05-24T09:38:17.697Z  INFO 1 --- [producer] [http-nio-8080-exec-1] o.a.c.c.C.[Tomcat].[localhost].[/]       : Initializing Spring DispatcherServlet 'dispatcherServlet'
2025-05-24T09:38:17.698Z  INFO 1 --- [producer] [http-nio-8080-exec-1] o.s.web.servlet.DispatcherServlet        : Initializing Servlet 'dispatcherServlet'
2025-05-24T09:38:17.701Z  INFO 1 --- [producer] [http-nio-8080-exec-1] o.s.web.servlet.DispatcherServlet        : Completed initialization in 0 ms
2025-05-24T09:38:17.775Z  INFO 1 --- [producer] [http-nio-8080-exec-6] o.example.producer.service.TaskProducer  : Using message converter: class org.springframework.amqp.support.converter.Jackson2JsonMessageConverter
2025-05-24T09:38:17.775Z  INFO 1 --- [producer] [http-nio-8080-exec-1] o.example.producer.service.TaskProducer  : Using message converter: class org.springframework.amqp.support.converter.Jackson2JsonMessageConverter
2025-05-24T09:38:17.775Z  INFO 1 --- [producer] [http-nio-8080-exec-10] o.example.producer.service.TaskProducer  : Using message converter: class org.springframework.amqp.support.converter.Jackson2JsonMessageConverter
2025-05-24T09:38:17.775Z  INFO 1 --- [producer] [http-nio-8080-exec-11] o.example.producer.service.TaskProducer  : Using message converter: class org.springframework.amqp.support.converter.Jackson2JsonMessageConverter
2025-05-24T09:38:17.775Z  INFO 1 --- [producer] [http-nio-8080-exec-2] o.example.producer.service.TaskProducer  : Using message converter: class org.springframework.amqp.support.converter.Jackson2JsonMessageConverter
2025-05-24T09:38:17.775Z  INFO 1 --- [producer] [http-nio-8080-exec-13] o.example.producer.service.TaskProducer  : Using message converter: class org.springframework.amqp.support.converter.Jackson2JsonMessageConverter
2025-05-24T09:38:17.775Z  INFO 1 --- [producer] [http-nio-8080-exec-8] o.example.producer.service.TaskProducer  : Using message converter: class org.springframework.amqp.support.converter.Jackson2JsonMessageConverter
2025-05-24T09:38:17.775Z  INFO 1 --- [producer] [http-nio-8080-exec-12] o.example.producer.service.TaskProducer  : Using message converter: class org.springframework.amqp.support.converter.Jackson2JsonMessageConverter
2025-05-24T09:38:17.775Z  INFO 1 --- [producer] [http-nio-8080-exec-5] o.example.producer.service.TaskProducer  : Using message converter: class org.springframework.amqp.support.converter.Jackson2JsonMessageConverter
2025-05-24T09:38:17.776Z  INFO 1 --- [producer] [http-nio-8080-exec-14] o.example.producer.service.TaskProducer  : Using message converter: class org.springframework.amqp.support.converter.Jackson2JsonMessageConverter
2025-05-24T09:38:17.775Z  INFO 1 --- [producer] [http-nio-8080-exec-3] o.example.producer.service.TaskProducer  : Using message converter: class org.springframework.amqp.support.converter.Jackson2JsonMessageConverter
2025-05-24T09:38:17.775Z  INFO 1 --- [producer] [http-nio-8080-exec-9] o.example.producer.service.TaskProducer  : Using message converter: class org.springframework.amqp.support.converter.Jackson2JsonMessageConverter
2025-05-24T09:38:17.775Z  INFO 1 --- [producer] [http-nio-8080-exec-7] o.example.producer.service.TaskProducer  : Using message converter: class org.springframework.amqp.support.converter.Jackson2JsonMessageConverter
2025-05-24T09:38:17.775Z  INFO 1 --- [producer] [http-nio-8080-exec-4] o.example.producer.service.TaskProducer  : Using message converter: class org.springframework.amqp.support.converter.Jackson2JsonMessageConverter
2025-05-24T09:38:17.791Z  INFO 1 --- [producer] [http-nio-8080-exec-13] o.s.a.r.c.CachingConnectionFactory       : Attempting to connect to: [rabbitmq:5672]
2025-05-24T09:38:17.792Z  INFO 1 --- [producer] [http-nio-8080-exec-15] o.example.producer.service.TaskProducer  : Using message converter: class org.springframework.amqp.support.converter.Jackson2JsonMessageConverter
2025-05-24T09:38:17.797Z  INFO 1 --- [producer] [http-nio-8080-exec-16] o.example.producer.service.TaskProducer  : Using message converter: class org.springframework.amqp.support.converter.Jackson2JsonMessageConverter
2025-05-24T09:38:17.809Z  INFO 1 --- [producer] [http-nio-8080-exec-17] o.example.producer.service.TaskProducer  : Using message converter: class org.springframework.amqp.support.converter.Jackson2JsonMessageConverter
2025-05-24T09:38:17.820Z  INFO 1 --- [producer] [http-nio-8080-exec-18] o.example.producer.service.TaskProducer  : Using message converter: class org.springframework.amqp.support.converter.Jackson2JsonMessageConverter
2025-05-24T09:38:17.823Z  INFO 1 --- [producer] [http-nio-8080-exec-13] o.s.a.r.c.CachingConnectionFactory       : Created new connection: rabbitConnectionFactory#44784e2f:0/SimpleConnection@620b6883 [delegate=amqp://guest@172.21.0.2:5672/, localPort=33634]
2025-05-24T09:38:17.826Z  INFO 1 --- [producer] [http-nio-8080-exec-19] o.example.producer.service.TaskProducer  : Using message converter: class org.springframework.amqp.support.converter.Jackson2JsonMessageConverter
2025-05-24T09:38:17.837Z  INFO 1 --- [producer] [http-nio-8080-exec-20] o.example.producer.service.TaskProducer  : Using message converter: class org.springframework.amqp.support.converter.Jackson2JsonMessageConverter
2025-05-24T09:38:17.860Z  INFO 1 --- [producer] [http-nio-8080-exec-21] o.example.producer.service.TaskProducer  : Using message converter: class org.springframework.amqp.support.converter.Jackson2JsonMessageConverter
2025-05-24T09:38:17.862Z  INFO 1 --- [producer] [http-nio-8080-exec-22] o.example.producer.service.TaskProducer  : Using message converter: class org.springframework.amqp.support.converter.Jackson2JsonMessageConverter
2025-05-24T09:38:17.870Z  INFO 1 --- [producer] [http-nio-8080-exec-23] o.example.producer.service.TaskProducer  : Using message converter: class org.springframework.amqp.support.converter.Jackson2JsonMessageConverter
2025-05-24T09:38:17.885Z  INFO 1 --- [producer] [http-nio-8080-exec-15] o.example.producer.service.TaskProducer  : Using message converter: class org.springframework.amqp.support.converter.Jackson2JsonMessageConverter
2025-05-24T09:38:17.885Z  INFO 1 --- [producer] [http-nio-8080-exec-8] o.example.producer.service.TaskProducer  : Using message converter: class org.springframework.amqp.support.converter.Jackson2JsonMessageConverter
2025-05-24T09:38:17.897Z  INFO 1 --- [producer] [http-nio-8080-exec-11] o.example.producer.service.TaskProducer  : Using message converter: class org.springframework.amqp.support.converter.Jackson2JsonMessageConverter
2025-05-24T09:38:17.902Z  INFO 1 --- [producer] [http-nio-8080-exec-7] o.example.producer.service.TaskProducer  : Using message converter: class org.springframework.amqp.support.converter.Jackson2JsonMessageConverter
2025-05-24T09:38:17.915Z  INFO 1 --- [producer] [http-nio-8080-exec-3] o.example.producer.service.TaskProducer  : Using message converter: class org.springframework.amqp.support.converter.Jackson2JsonMessageConverter
2025-05-24T09:38:17.927Z  INFO 1 --- [producer] [http-nio-8080-exec-1] o.example.producer.service.TaskProducer  : Using message converter: class org.springframework.amqp.support.converter.Jackson2JsonMessageConverter
2025-05-24T09:38:17.937Z  INFO 1 --- [producer] [http-nio-8080-exec-2] o.example.producer.service.TaskProducer  : Using message converter: class org.springframework.amqp.support.converter.Jackson2JsonMessageConverter
2025-05-24T09:38:17.943Z  INFO 1 --- [producer] [http-nio-8080-exec-13] o.example.producer.service.TaskProducer  : Using message converter: class org.springframework.amqp.support.converter.Jackson2JsonMessageConverter
2025-05-24T09:38:17.957Z  INFO 1 --- [producer] [http-nio-8080-exec-6] o.example.producer.service.TaskProducer  : Using message converter: class org.springframework.amqp.support.converter.Jackson2JsonMessageConverter
2025-05-24T09:38:17.969Z  INFO 1 --- [producer] [http-nio-8080-exec-21] o.example.producer.service.TaskProducer  : Using message converter: class org.springframework.amqp.support.converter.Jackson2JsonMessageConverter
2025-05-24T09:38:17.974Z  INFO 1 --- [producer] [http-nio-8080-exec-10] o.example.producer.service.TaskProducer  : Using message converter: class org.springframework.amqp.support.converter.Jackson2JsonMessageConverter
2025-05-24T09:38:17.987Z  INFO 1 --- [producer] [http-nio-8080-exec-5] o.example.producer.service.TaskProducer  : Using message converter: class org.springframework.amqp.support.converter.Jackson2JsonMessageConverter
2025-05-24T09:38:17.993Z  INFO 1 --- [producer] [http-nio-8080-exec-8] o.example.producer.service.TaskProducer  : Using message converter: class org.springframework.amqp.support.converter.Jackson2JsonMessageConverter
2025-05-24T09:38:18.008Z  INFO 1 --- [producer] [http-nio-8080-exec-19] o.example.producer.service.TaskProducer  : Using message converter: class org.springframework.amqp.support.converter.Jackson2JsonMessageConverter
2025-05-24T09:38:18.013Z  INFO 1 --- [producer] [http-nio-8080-exec-4] o.example.producer.service.TaskProducer  : Using message converter: class org.springframework.amqp.support.converter.Jackson2JsonMessageConverter
2025-05-24T09:38:18.027Z  INFO 1 --- [producer] [http-nio-8080-exec-17] o.example.producer.service.TaskProducer  : Using message converter: class org.springframework.amqp.support.converter.Jackson2JsonMessageConverter
2025-05-24T09:38:18.035Z  INFO 1 --- [producer] [http-nio-8080-exec-18] o.example.producer.service.TaskProducer  : Using message converter: class org.springframework.amqp.support.converter.Jackson2JsonMessageConverter
2025-05-24T09:38:18.047Z  INFO 1 --- [producer] [http-nio-8080-exec-9] o.example.producer.service.TaskProducer  : Using message converter: class org.springframework.amqp.support.converter.Jackson2JsonMessageConverter
2025-05-24T09:38:18.052Z  INFO 1 --- [producer] [http-nio-8080-exec-22] o.example.producer.service.TaskProducer  : Using message converter: class org.springframework.amqp.support.converter.Jackson2JsonMessageConverter
2025-05-24T09:38:18.065Z  INFO 1 --- [producer] [http-nio-8080-exec-20] o.example.producer.service.TaskProducer  : Using message converter: class org.springframework.amqp.support.converter.Jackson2JsonMessageConverter
2025-05-24T09:38:18.073Z  INFO 1 --- [producer] [http-nio-8080-exec-16] o.example.producer.service.TaskProducer  : Using message converter: class org.springframework.amqp.support.converter.Jackson2JsonMessageConverter
2025-05-24T09:38:18.087Z  INFO 1 --- [producer] [http-nio-8080-exec-14] o.example.producer.service.TaskProducer  : Using message converter: class org.springframework.amqp.support.converter.Jackson2JsonMessageConverter
2025-05-24T09:38:18.095Z  INFO 1 --- [producer] [http-nio-8080-exec-12] o.example.producer.service.TaskProducer  : Using message converter: class org.springframework.amqp.support.converter.Jackson2JsonMessageConverter
2025-05-24T09:38:18.104Z  INFO 1 --- [producer] [http-nio-8080-exec-15] o.example.producer.service.TaskProducer  : Using message converter: class org.springframework.amqp.support.converter.Jackson2JsonMessageConverter
2025-05-24T09:38:18.119Z  INFO 1 --- [producer] [http-nio-8080-exec-23] o.example.producer.service.TaskProducer  : Using message converter: class org.springframework.amqp.support.converter.Jackson2JsonMessageConverter
2025-05-24T09:38:18.126Z  INFO 1 --- [producer] [http-nio-8080-exec-11] o.example.producer.service.TaskProducer  : Using message converter: class org.springframework.amqp.support.converter.Jackson2JsonMessageConverter
2025-05-24T09:38:18.139Z  INFO 1 --- [producer] [http-nio-8080-exec-7] o.example.producer.service.TaskProducer  : Using message converter: class org.springframework.amqp.support.converter.Jackson2JsonMessageConverter
2025-05-24T09:38:18.143Z  INFO 1 --- [producer] [http-nio-8080-exec-3] o.example.producer.service.TaskProducer  : Using message converter: class org.springframework.amqp.support.converter.Jackson2JsonMessageConverter
2025-05-24T09:38:18.158Z  INFO 1 --- [producer] [http-nio-8080-exec-1] o.example.producer.service.TaskProducer  : Using message converter: class org.springframework.amqp.support.converter.Jackson2JsonMessageConverter
2025-05-24T09:38:18.168Z  INFO 1 --- [producer] [http-nio-8080-exec-2] o.example.producer.service.TaskProducer  : Using message converter: class org.springframework.amqp.support.converter.Jackson2JsonMessageConverter
2025-05-24T09:38:18.177Z  INFO 1 --- [producer] [http-nio-8080-exec-13] o.example.producer.service.TaskProducer  : Using message converter: class org.springframework.amqp.support.converter.Jackson2JsonMessageConverter
2025-05-24T09:38:18.186Z  INFO 1 --- [producer] [http-nio-8080-exec-6] o.example.producer.service.TaskProducer  : Using message converter: class org.springframework.amqp.support.converter.Jackson2JsonMessageConverter
2025-05-24T09:38:18.194Z  INFO 1 --- [producer] [http-nio-8080-exec-21] o.example.producer.service.TaskProducer  : Using message converter: class org.springframework.amqp.support.converter.Jackson2JsonMessageConverter
2025-05-24T09:38:18.208Z  INFO 1 --- [producer] [http-nio-8080-exec-10] o.example.producer.service.TaskProducer  : Using message converter: class org.springframework.amqp.support.converter.Jackson2JsonMessageConverter
2025-05-24T09:38:18.218Z  INFO 1 --- [producer] [http-nio-8080-exec-5] o.example.producer.service.TaskProducer  : Using message converter: class org.springframework.amqp.support.converter.Jackson2JsonMessageConverter
2025-05-24T09:38:18.228Z  INFO 1 --- [producer] [http-nio-8080-exec-8] o.example.producer.service.TaskProducer  : Using message converter: class org.springframework.amqp.support.converter.Jackson2JsonMessageConverter
2025-05-24T09:38:18.234Z  INFO 1 --- [producer] [http-nio-8080-exec-19] o.example.producer.service.TaskProducer  : Using message converter: class org.springframework.amqp.support.converter.Jackson2JsonMessageConverter
2025-05-24T09:38:18.248Z  INFO 1 --- [producer] [http-nio-8080-exec-4] o.example.producer.service.TaskProducer  : Using message converter: class org.springframework.amqp.support.converter.Jackson2JsonMessageConverter
2025-05-24T09:38:18.255Z  INFO 1 --- [producer] [http-nio-8080-exec-17] o.example.producer.service.TaskProducer  : Using message converter: class org.springframework.amqp.support.converter.Jackson2JsonMessageConverter
2025-05-24T09:38:18.267Z  INFO 1 --- [producer] [http-nio-8080-exec-18] o.example.producer.service.TaskProducer  : Using message converter: class org.springframework.amqp.support.converter.Jackson2JsonMessageConverter
2025-05-24T09:38:18.276Z  INFO 1 --- [producer] [http-nio-8080-exec-9] o.example.producer.service.TaskProducer  : Using message converter: class org.springframework.amqp.support.converter.Jackson2JsonMessageConverter
2025-05-24T09:38:18.288Z  INFO 1 --- [producer] [http-nio-8080-exec-22] o.example.producer.service.TaskProducer  : Using message converter: class org.springframework.amqp.support.converter.Jackson2JsonMessageConverter
2025-05-24T09:38:18.298Z  INFO 1 --- [producer] [http-nio-8080-exec-20] o.example.producer.service.TaskProducer  : Using message converter: class org.springframework.amqp.support.converter.Jackson2JsonMessageConverter
2025-05-24T09:38:18.306Z  INFO 1 --- [producer] [http-nio-8080-exec-16] o.example.producer.service.TaskProducer  : Using message converter: class org.springframework.amqp.support.converter.Jackson2JsonMessageConverter
2025-05-24T09:38:18.318Z  INFO 1 --- [producer] [http-nio-8080-exec-14] o.example.producer.service.TaskProducer  : Using message converter: class org.springframework.amqp.support.converter.Jackson2JsonMessageConverter
2025-05-24T09:38:18.327Z  INFO 1 --- [producer] [http-nio-8080-exec-12] o.example.producer.service.TaskProducer  : Using message converter: class org.springframework.amqp.support.converter.Jackson2JsonMessageConverter
2025-05-24T09:38:18.336Z  INFO 1 --- [producer] [http-nio-8080-exec-15] o.example.producer.service.TaskProducer  : Using message converter: class org.springframework.amqp.support.converter.Jackson2JsonMessageConverter
2025-05-24T09:38:18.348Z  INFO 1 --- [producer] [http-nio-8080-exec-23] o.example.producer.service.TaskProducer  : Using message converter: class org.springframework.amqp.support.converter.Jackson2JsonMessageConverter
2025-05-24T09:38:18.356Z  INFO 1 --- [producer] [http-nio-8080-exec-11] o.example.producer.service.TaskProducer  : Using message converter: class org.springframework.amqp.support.converter.Jackson2JsonMessageConverter
2025-05-24T09:38:18.363Z  INFO 1 --- [producer] [http-nio-8080-exec-7] o.example.producer.service.TaskProducer  : Using message converter: class org.springframework.amqp.support.converter.Jackson2JsonMessageConverter
2025-05-24T09:38:18.378Z  INFO 1 --- [producer] [http-nio-8080-exec-3] o.example.producer.service.TaskProducer  : Using message converter: class org.springframework.amqp.support.converter.Jackson2JsonMessageConverter
2025-05-24T09:38:18.388Z  INFO 1 --- [producer] [http-nio-8080-exec-1] o.example.producer.service.TaskProducer  : Using message converter: class org.springframework.amqp.support.converter.Jackson2JsonMessageConverter
2025-05-24T09:38:18.398Z  INFO 1 --- [producer] [http-nio-8080-exec-2] o.example.producer.service.TaskProducer  : Using message converter: class org.springframework.amqp.support.converter.Jackson2JsonMessageConverter
2025-05-24T09:38:18.409Z  INFO 1 --- [producer] [http-nio-8080-exec-13] o.example.producer.service.TaskProducer  : Using message converter: class org.springframework.amqp.support.converter.Jackson2JsonMessageConverter
2025-05-24T09:38:18.414Z  INFO 1 --- [producer] [http-nio-8080-exec-6] o.example.producer.service.TaskProducer  : Using message converter: class org.springframework.amqp.support.converter.Jackson2JsonMessageConverter
2025-05-24T09:38:18.424Z  INFO 1 --- [producer] [http-nio-8080-exec-21] o.example.producer.service.TaskProducer  : Using message converter: class org.springframework.amqp.support.converter.Jackson2JsonMessageConverter
2025-05-24T09:38:18.434Z  INFO 1 --- [producer] [http-nio-8080-exec-10] o.example.producer.service.TaskProducer  : Using message converter: class org.springframework.amqp.support.converter.Jackson2JsonMessageConverter
2025-05-24T09:38:18.444Z  INFO 1 --- [producer] [http-nio-8080-exec-5] o.example.producer.service.TaskProducer  : Using message converter: class org.springframework.amqp.support.converter.Jackson2JsonMessageConverter
2025-05-24T09:38:18.455Z  INFO 1 --- [producer] [http-nio-8080-exec-8] o.example.producer.service.TaskProducer  : Using message converter: class org.springframework.amqp.support.converter.Jackson2JsonMessageConverter
2025-05-24T09:38:18.469Z  INFO 1 --- [producer] [http-nio-8080-exec-19] o.example.producer.service.TaskProducer  : Using message converter: class org.springframework.amqp.support.converter.Jackson2JsonMessageConverter
2025-05-24T09:38:18.478Z  INFO 1 --- [producer] [http-nio-8080-exec-4] o.example.producer.service.TaskProducer  : Using message converter: class org.springframework.amqp.support.converter.Jackson2JsonMessageConverter
2025-05-24T09:38:18.484Z  INFO 1 --- [producer] [http-nio-8080-exec-17] o.example.producer.service.TaskProducer  : Using message converter: class org.springframework.amqp.support.converter.Jackson2JsonMessageConverter
2025-05-24T09:38:18.494Z  INFO 1 --- [producer] [http-nio-8080-exec-18] o.example.producer.service.TaskProducer  : Using message converter: class org.springframework.amqp.support.converter.Jackson2JsonMessageConverter
2025-05-24T09:38:18.507Z  INFO 1 --- [producer] [http-nio-8080-exec-9] o.example.producer.service.TaskProducer  : Using message converter: class org.springframework.amqp.support.converter.Jackson2JsonMessageConverter
2025-05-24T09:38:18.517Z  INFO 1 --- [producer] [http-nio-8080-exec-22] o.example.producer.service.TaskProducer  : Using message converter: class org.springframework.amqp.support.converter.Jackson2JsonMessageConverter
2025-05-24T09:38:18.523Z  INFO 1 --- [producer] [http-nio-8080-exec-20] o.example.producer.service.TaskProducer  : Using message converter: class org.springframework.amqp.support.converter.Jackson2JsonMessageConverter
2025-05-24T09:38:18.535Z  INFO 1 --- [producer] [http-nio-8080-exec-16] o.example.producer.service.TaskProducer  : Using message converter: class org.springframework.amqp.support.converter.Jackson2JsonMessageConverter
2025-05-24T09:38:18.547Z  INFO 1 --- [producer] [http-nio-8080-exec-14] o.example.producer.service.TaskProducer  : Using message converter: class org.springframework.amqp.support.converter.Jackson2JsonMessageConverter
2025-05-24T09:38:18.556Z  INFO 1 --- [producer] [http-nio-8080-exec-12] o.example.producer.service.TaskProducer  : Using message converter: class org.springframework.amqp.support.converter.Jackson2JsonMessageConverter
2025-05-24T09:38:18.568Z  INFO 1 --- [producer] [http-nio-8080-exec-15] o.example.producer.service.TaskProducer  : Using message converter: class org.springframework.amqp.support.converter.Jackson2JsonMessageConverter
2025-05-24T09:38:18.577Z  INFO 1 --- [producer] [http-nio-8080-exec-23] o.example.producer.service.TaskProducer  : Using message converter: class org.springframework.amqp.support.converter.Jackson2JsonMessageConverter
2025-05-24T09:38:18.588Z  INFO 1 --- [producer] [http-nio-8080-exec-11] o.example.producer.service.TaskProducer  : Using message converter: class org.springframework.amqp.support.converter.Jackson2JsonMessageConverter
2025-05-24T09:38:18.596Z  INFO 1 --- [producer] [http-nio-8080-exec-7] o.example.producer.service.TaskProducer  : Using message converter: class org.springframework.amqp.support.converter.Jackson2JsonMessageConverter
2025-05-24T09:38:18.610Z  INFO 1 --- [producer] [http-nio-8080-exec-3] o.example.producer.service.TaskProducer  : Using message converter: class org.springframework.amqp.support.converter.Jackson2JsonMessageConverter
2025-05-24T09:38:18.614Z  INFO 1 --- [producer] [http-nio-8080-exec-1] o.example.producer.service.TaskProducer  : Using message converter: class org.springframework.amqp.support.converter.Jackson2JsonMessageConverter
2025-05-24T09:38:18.626Z  INFO 1 --- [producer] [http-nio-8080-exec-2] o.example.producer.service.TaskProducer  : Using message converter: class org.springframework.amqp.support.converter.Jackson2JsonMessageConverter
2025-05-24T09:38:18.635Z  INFO 1 --- [producer] [http-nio-8080-exec-13] o.example.producer.service.TaskProducer  : Using message converter: class org.springframework.amqp.support.converter.Jackson2JsonMessageConverter
2025-05-24T12:38:13.872Z  INFO 1 --- [producer] [SpringApplicationShutdownHook] o.s.b.w.e.tomcat.GracefulShutdown        : Commencing graceful shutdown. Waiting for active requests to complete
2025-05-24T12:38:13.880Z  INFO 1 --- [producer] [tomcat-shutdown] o.s.b.w.e.tomcat.GracefulShutdown        : Graceful shutdown complete
