2025-05-24T12:38:38.906Z  INFO 1 --- [producer] [main] o.example.producer.ProducerApplication   : Starting ProducerApplication v0.0.1-SNAPSHOT using Java 17.0.2 with PID 1 (/app/app.jar started by root in /app)
2025-05-24T12:38:38.910Z  INFO 1 --- [producer] [main] o.example.producer.ProducerApplication   : No active profile set, falling back to 1 default profile: "default"
2025-05-24T12:38:39.487Z  INFO 1 --- [producer] [main] o.s.b.w.embedded.tomcat.TomcatWebServer  : Tomcat initialized with port 8080 (http)
2025-05-24T12:38:39.495Z  INFO 1 --- [producer] [main] o.apache.catalina.core.StandardService   : Starting service [Tomcat]
2025-05-24T12:38:39.495Z  INFO 1 --- [producer] [main] o.apache.catalina.core.StandardEngine    : Starting Servlet engine: [Apache Tomcat/10.1.40]
2025-05-24T12:38:39.511Z  INFO 1 --- [producer] [main] o.a.c.c.C.[Tomcat].[localhost].[/]       : Initializing Spring embedded WebApplicationContext
2025-05-24T12:38:39.514Z  INFO 1 --- [producer] [main] w.s.c.ServletWebServerApplicationContext : Root WebApplicationContext: initialization completed in 564 ms
2025-05-24T12:38:39.862Z  INFO 1 --- [producer] [main] o.s.b.w.embedded.tomcat.TomcatWebServer  : Tomcat started on port 8080 (http) with context path '/'
2025-05-24T12:38:39.873Z  INFO 1 --- [producer] [main] o.example.producer.ProducerApplication   : Started ProducerApplication in 1.31 seconds (process running for 1.573)
2025-05-24T12:39:32.427Z  INFO 1 --- [producer] [http-nio-8080-exec-10] o.a.c.c.C.[Tomcat].[localhost].[/]       : Initializing Spring DispatcherServlet 'dispatcherServlet'
2025-05-24T12:39:32.429Z  INFO 1 --- [producer] [http-nio-8080-exec-10] o.s.web.servlet.DispatcherServlet        : Initializing Servlet 'dispatcherServlet'
2025-05-24T12:39:32.431Z  INFO 1 --- [producer] [http-nio-8080-exec-10] o.s.web.servlet.DispatcherServlet        : Completed initialization in 1 ms
2025-05-24T12:39:32.513Z  INFO 1 --- [producer] [http-nio-8080-exec-13] o.example.producer.service.TaskProducer  : Using message converter: class org.springframework.amqp.support.converter.Jackson2JsonMessageConverter
2025-05-24T12:39:32.513Z  INFO 1 --- [producer] [http-nio-8080-exec-6] o.example.producer.service.TaskProducer  : Using message converter: class org.springframework.amqp.support.converter.Jackson2JsonMessageConverter
2025-05-24T12:39:32.513Z  INFO 1 --- [producer] [http-nio-8080-exec-9] o.example.producer.service.TaskProducer  : Using message converter: class org.springframework.amqp.support.converter.Jackson2JsonMessageConverter
2025-05-24T12:39:32.513Z  INFO 1 --- [producer] [http-nio-8080-exec-17] o.example.producer.service.TaskProducer  : Using message converter: class org.springframework.amqp.support.converter.Jackson2JsonMessageConverter
2025-05-24T12:39:32.513Z  INFO 1 --- [producer] [http-nio-8080-exec-7] o.example.producer.service.TaskProducer  : Using message converter: class org.springframework.amqp.support.converter.Jackson2JsonMessageConverter
2025-05-24T12:39:32.513Z  INFO 1 --- [producer] [http-nio-8080-exec-15] o.example.producer.service.TaskProducer  : Using message converter: class org.springframework.amqp.support.converter.Jackson2JsonMessageConverter
2025-05-24T12:39:32.513Z  INFO 1 --- [producer] [http-nio-8080-exec-4] o.example.producer.service.TaskProducer  : Using message converter: class org.springframework.amqp.support.converter.Jackson2JsonMessageConverter
2025-05-24T12:39:32.513Z  INFO 1 --- [producer] [http-nio-8080-exec-10] o.example.producer.service.TaskProducer  : Using message converter: class org.springframework.amqp.support.converter.Jackson2JsonMessageConverter
2025-05-24T12:39:32.513Z  INFO 1 --- [producer] [http-nio-8080-exec-12] o.example.producer.service.TaskProducer  : Using message converter: class org.springframework.amqp.support.converter.Jackson2JsonMessageConverter
2025-05-24T12:39:32.514Z  INFO 1 --- [producer] [http-nio-8080-exec-2] o.example.producer.service.TaskProducer  : Using message converter: class org.springframework.amqp.support.converter.Jackson2JsonMessageConverter
2025-05-24T12:39:32.514Z  INFO 1 --- [producer] [http-nio-8080-exec-18] o.example.producer.service.TaskProducer  : Using message converter: class org.springframework.amqp.support.converter.Jackson2JsonMessageConverter
2025-05-24T12:39:32.513Z  INFO 1 --- [producer] [http-nio-8080-exec-1] o.example.producer.service.TaskProducer  : Using message converter: class org.springframework.amqp.support.converter.Jackson2JsonMessageConverter
2025-05-24T12:39:32.513Z  INFO 1 --- [producer] [http-nio-8080-exec-14] o.example.producer.service.TaskProducer  : Using message converter: class org.springframework.amqp.support.converter.Jackson2JsonMessageConverter
2025-05-24T12:39:32.514Z  INFO 1 --- [producer] [http-nio-8080-exec-20] o.example.producer.service.TaskProducer  : Using message converter: class org.springframework.amqp.support.converter.Jackson2JsonMessageConverter
2025-05-24T12:39:32.513Z  INFO 1 --- [producer] [http-nio-8080-exec-11] o.example.producer.service.TaskProducer  : Using message converter: class org.springframework.amqp.support.converter.Jackson2JsonMessageConverter
2025-05-24T12:39:32.513Z  INFO 1 --- [producer] [http-nio-8080-exec-16] o.example.producer.service.TaskProducer  : Using message converter: class org.springframework.amqp.support.converter.Jackson2JsonMessageConverter
2025-05-24T12:39:32.513Z  INFO 1 --- [producer] [http-nio-8080-exec-19] o.example.producer.service.TaskProducer  : Using message converter: class org.springframework.amqp.support.converter.Jackson2JsonMessageConverter
2025-05-24T12:39:32.513Z  INFO 1 --- [producer] [http-nio-8080-exec-5] o.example.producer.service.TaskProducer  : Using message converter: class org.springframework.amqp.support.converter.Jackson2JsonMessageConverter
2025-05-24T12:39:32.513Z  INFO 1 --- [producer] [http-nio-8080-exec-8] o.example.producer.service.TaskProducer  : Using message converter: class org.springframework.amqp.support.converter.Jackson2JsonMessageConverter
2025-05-24T12:39:32.513Z  INFO 1 --- [producer] [http-nio-8080-exec-3] o.example.producer.service.TaskProducer  : Using message converter: class org.springframework.amqp.support.converter.Jackson2JsonMessageConverter
2025-05-24T12:39:32.519Z  INFO 1 --- [producer] [http-nio-8080-exec-21] o.example.producer.service.TaskProducer  : Using message converter: class org.springframework.amqp.support.converter.Jackson2JsonMessageConverter
2025-05-24T12:39:32.530Z  INFO 1 --- [producer] [http-nio-8080-exec-4] o.s.a.r.c.CachingConnectionFactory       : Attempting to connect to: [rabbitmq:5672]
2025-05-24T12:39:32.530Z  INFO 1 --- [producer] [http-nio-8080-exec-22] o.example.producer.service.TaskProducer  : Using message converter: class org.springframework.amqp.support.converter.Jackson2JsonMessageConverter
2025-05-24T12:39:32.542Z  INFO 1 --- [producer] [http-nio-8080-exec-23] o.example.producer.service.TaskProducer  : Using message converter: class org.springframework.amqp.support.converter.Jackson2JsonMessageConverter
2025-05-24T12:39:32.551Z  INFO 1 --- [producer] [http-nio-8080-exec-24] o.example.producer.service.TaskProducer  : Using message converter: class org.springframework.amqp.support.converter.Jackson2JsonMessageConverter
2025-05-24T12:39:32.559Z  INFO 1 --- [producer] [http-nio-8080-exec-25] o.example.producer.service.TaskProducer  : Using message converter: class org.springframework.amqp.support.converter.Jackson2JsonMessageConverter
2025-05-24T12:39:32.561Z  INFO 1 --- [producer] [http-nio-8080-exec-4] o.s.a.r.c.CachingConnectionFactory       : Created new connection: rabbitConnectionFactory#5f95f1e1:0/SimpleConnection@35907b4d [delegate=amqp://guest@172.21.0.2:5672/, localPort=51008]
2025-05-24T12:39:32.574Z  INFO 1 --- [producer] [http-nio-8080-exec-26] o.example.producer.service.TaskProducer  : Using message converter: class org.springframework.amqp.support.converter.Jackson2JsonMessageConverter
2025-05-24T12:39:32.585Z  INFO 1 --- [producer] [http-nio-8080-exec-27] o.example.producer.service.TaskProducer  : Using message converter: class org.springframework.amqp.support.converter.Jackson2JsonMessageConverter
2025-05-24T12:39:32.604Z  INFO 1 --- [producer] [http-nio-8080-exec-28] o.example.producer.service.TaskProducer  : Using message converter: class org.springframework.amqp.support.converter.Jackson2JsonMessageConverter
2025-05-24T12:39:32.629Z  INFO 1 --- [producer] [http-nio-8080-exec-29] o.example.producer.service.TaskProducer  : Using message converter: class org.springframework.amqp.support.converter.Jackson2JsonMessageConverter
2025-05-24T12:39:32.656Z  INFO 1 --- [producer] [http-nio-8080-exec-30] o.example.producer.service.TaskProducer  : Using message converter: class org.springframework.amqp.support.converter.Jackson2JsonMessageConverter
2025-05-24T12:39:32.740Z  INFO 1 --- [producer] [http-nio-8080-exec-33] o.example.producer.service.TaskProducer  : Using message converter: class org.springframework.amqp.support.converter.Jackson2JsonMessageConverter
2025-05-24T12:39:32.739Z  INFO 1 --- [producer] [http-nio-8080-exec-34] o.example.producer.service.TaskProducer  : Using message converter: class org.springframework.amqp.support.converter.Jackson2JsonMessageConverter
2025-05-24T12:39:32.743Z  INFO 1 --- [producer] [http-nio-8080-exec-31] o.example.producer.service.TaskProducer  : Using message converter: class org.springframework.amqp.support.converter.Jackson2JsonMessageConverter
2025-05-24T12:39:32.729Z  INFO 1 --- [producer] [http-nio-8080-exec-32] o.example.producer.service.TaskProducer  : Using message converter: class org.springframework.amqp.support.converter.Jackson2JsonMessageConverter
2025-05-24T12:39:32.752Z  INFO 1 --- [producer] [http-nio-8080-exec-35] o.example.producer.service.TaskProducer  : Using message converter: class org.springframework.amqp.support.converter.Jackson2JsonMessageConverter
2025-05-24T12:39:32.759Z  INFO 1 --- [producer] [http-nio-8080-exec-36] o.example.producer.service.TaskProducer  : Using message converter: class org.springframework.amqp.support.converter.Jackson2JsonMessageConverter
2025-05-24T12:39:32.806Z  INFO 1 --- [producer] [http-nio-8080-exec-37] o.example.producer.service.TaskProducer  : Using message converter: class org.springframework.amqp.support.converter.Jackson2JsonMessageConverter
2025-05-24T12:39:32.818Z  INFO 1 --- [producer] [http-nio-8080-exec-6] o.example.producer.service.TaskProducer  : Using message converter: class org.springframework.amqp.support.converter.Jackson2JsonMessageConverter
2025-05-24T12:39:32.810Z  INFO 1 --- [producer] [http-nio-8080-exec-2] o.example.producer.service.TaskProducer  : Using message converter: class org.springframework.amqp.support.converter.Jackson2JsonMessageConverter
2025-05-24T12:39:32.815Z  INFO 1 --- [producer] [http-nio-8080-exec-7] o.example.producer.service.TaskProducer  : Using message converter: class org.springframework.amqp.support.converter.Jackson2JsonMessageConverter
2025-05-24T12:39:32.821Z  INFO 1 --- [producer] [http-nio-8080-exec-22] o.example.producer.service.TaskProducer  : Using message converter: class org.springframework.amqp.support.converter.Jackson2JsonMessageConverter
2025-05-24T12:39:32.814Z  INFO 1 --- [producer] [http-nio-8080-exec-15] o.example.producer.service.TaskProducer  : Using message converter: class org.springframework.amqp.support.converter.Jackson2JsonMessageConverter
2025-05-24T12:39:32.828Z  INFO 1 --- [producer] [http-nio-8080-exec-38] o.example.producer.service.TaskProducer  : Using message converter: class org.springframework.amqp.support.converter.Jackson2JsonMessageConverter
2025-05-24T12:39:32.833Z  INFO 1 --- [producer] [http-nio-8080-exec-39] o.example.producer.service.TaskProducer  : Using message converter: class org.springframework.amqp.support.converter.Jackson2JsonMessageConverter
2025-05-24T12:39:32.824Z  INFO 1 --- [producer] [http-nio-8080-exec-18] o.example.producer.service.TaskProducer  : Using message converter: class org.springframework.amqp.support.converter.Jackson2JsonMessageConverter
2025-05-24T12:39:32.836Z  INFO 1 --- [producer] [http-nio-8080-exec-16] o.example.producer.service.TaskProducer  : Using message converter: class org.springframework.amqp.support.converter.Jackson2JsonMessageConverter
2025-05-24T12:39:32.829Z  INFO 1 --- [producer] [http-nio-8080-exec-8] o.example.producer.service.TaskProducer  : Using message converter: class org.springframework.amqp.support.converter.Jackson2JsonMessageConverter
2025-05-24T12:39:32.830Z  INFO 1 --- [producer] [http-nio-8080-exec-10] o.example.producer.service.TaskProducer  : Using message converter: class org.springframework.amqp.support.converter.Jackson2JsonMessageConverter
2025-05-24T12:39:32.871Z  INFO 1 --- [producer] [http-nio-8080-exec-5] o.example.producer.service.TaskProducer  : Using message converter: class org.springframework.amqp.support.converter.Jackson2JsonMessageConverter
2025-05-24T12:39:32.910Z  INFO 1 --- [producer] [http-nio-8080-exec-34] o.example.producer.service.TaskProducer  : Using message converter: class org.springframework.amqp.support.converter.Jackson2JsonMessageConverter
2025-05-24T12:39:32.878Z  INFO 1 --- [producer] [http-nio-8080-exec-22] o.example.producer.service.TaskProducer  : Using message converter: class org.springframework.amqp.support.converter.Jackson2JsonMessageConverter
2025-05-24T12:39:32.947Z  INFO 1 --- [producer] [http-nio-8080-exec-7] o.example.producer.service.TaskProducer  : Using message converter: class org.springframework.amqp.support.converter.Jackson2JsonMessageConverter
2025-05-24T12:39:32.954Z  INFO 1 --- [producer] [http-nio-8080-exec-23] o.example.producer.service.TaskProducer  : Using message converter: class org.springframework.amqp.support.converter.Jackson2JsonMessageConverter
2025-05-24T12:39:32.893Z  INFO 1 --- [producer] [http-nio-8080-exec-27] o.example.producer.service.TaskProducer  : Using message converter: class org.springframework.amqp.support.converter.Jackson2JsonMessageConverter
2025-05-24T12:39:32.894Z  INFO 1 --- [producer] [http-nio-8080-exec-20] o.example.producer.service.TaskProducer  : Using message converter: class org.springframework.amqp.support.converter.Jackson2JsonMessageConverter
2025-05-24T12:39:32.895Z  INFO 1 --- [producer] [http-nio-8080-exec-17] o.example.producer.service.TaskProducer  : Using message converter: class org.springframework.amqp.support.converter.Jackson2JsonMessageConverter
2025-05-24T12:39:33.002Z  INFO 1 --- [producer] [http-nio-8080-exec-37] o.example.producer.service.TaskProducer  : Using message converter: class org.springframework.amqp.support.converter.Jackson2JsonMessageConverter
2025-05-24T12:39:32.895Z  INFO 1 --- [producer] [http-nio-8080-exec-4] o.example.producer.service.TaskProducer  : Using message converter: class org.springframework.amqp.support.converter.Jackson2JsonMessageConverter
2025-05-24T12:39:32.874Z  INFO 1 --- [producer] [http-nio-8080-exec-24] o.example.producer.service.TaskProducer  : Using message converter: class org.springframework.amqp.support.converter.Jackson2JsonMessageConverter
2025-05-24T12:39:32.896Z  INFO 1 --- [producer] [http-nio-8080-exec-12] o.example.producer.service.TaskProducer  : Using message converter: class org.springframework.amqp.support.converter.Jackson2JsonMessageConverter
2025-05-24T12:39:32.939Z  INFO 1 --- [producer] [http-nio-8080-exec-29] o.example.producer.service.TaskProducer  : Using message converter: class org.springframework.amqp.support.converter.Jackson2JsonMessageConverter
2025-05-24T12:39:32.960Z  INFO 1 --- [producer] [http-nio-8080-exec-11] o.example.producer.service.TaskProducer  : Using message converter: class org.springframework.amqp.support.converter.Jackson2JsonMessageConverter
2025-05-24T12:39:32.960Z  INFO 1 --- [producer] [http-nio-8080-exec-21] o.example.producer.service.TaskProducer  : Using message converter: class org.springframework.amqp.support.converter.Jackson2JsonMessageConverter
2025-05-24T12:39:32.964Z  INFO 1 --- [producer] [http-nio-8080-exec-14] o.example.producer.service.TaskProducer  : Using message converter: class org.springframework.amqp.support.converter.Jackson2JsonMessageConverter
2025-05-24T12:39:33.035Z  INFO 1 --- [producer] [http-nio-8080-exec-5] o.example.producer.service.TaskProducer  : Using message converter: class org.springframework.amqp.support.converter.Jackson2JsonMessageConverter
2025-05-24T12:39:32.967Z  INFO 1 --- [producer] [http-nio-8080-exec-28] o.example.producer.service.TaskProducer  : Using message converter: class org.springframework.amqp.support.converter.Jackson2JsonMessageConverter
2025-05-24T12:39:32.972Z  INFO 1 --- [producer] [http-nio-8080-exec-15] o.example.producer.service.TaskProducer  : Using message converter: class org.springframework.amqp.support.converter.Jackson2JsonMessageConverter
2025-05-24T12:39:32.977Z  INFO 1 --- [producer] [http-nio-8080-exec-18] o.example.producer.service.TaskProducer  : Using message converter: class org.springframework.amqp.support.converter.Jackson2JsonMessageConverter
2025-05-24T12:39:32.997Z  INFO 1 --- [producer] [http-nio-8080-exec-27] o.example.producer.service.TaskProducer  : Using message converter: class org.springframework.amqp.support.converter.Jackson2JsonMessageConverter
2025-05-24T12:39:33.018Z  INFO 1 --- [producer] [http-nio-8080-exec-2] o.example.producer.service.TaskProducer  : Using message converter: class org.springframework.amqp.support.converter.Jackson2JsonMessageConverter
2025-05-24T12:39:33.025Z  INFO 1 --- [producer] [http-nio-8080-exec-10] o.example.producer.service.TaskProducer  : Using message converter: class org.springframework.amqp.support.converter.Jackson2JsonMessageConverter
2025-05-24T12:39:33.030Z  INFO 1 --- [producer] [http-nio-8080-exec-6] o.example.producer.service.TaskProducer  : Using message converter: class org.springframework.amqp.support.converter.Jackson2JsonMessageConverter
2025-05-24T12:39:33.066Z  INFO 1 --- [producer] [http-nio-8080-exec-26] o.example.producer.service.TaskProducer  : Using message converter: class org.springframework.amqp.support.converter.Jackson2JsonMessageConverter
2025-05-24T12:39:33.087Z  INFO 1 --- [producer] [http-nio-8080-exec-13] o.example.producer.service.TaskProducer  : Using message converter: class org.springframework.amqp.support.converter.Jackson2JsonMessageConverter
2025-05-24T12:39:33.098Z  INFO 1 --- [producer] [http-nio-8080-exec-29] o.example.producer.service.TaskProducer  : Using message converter: class org.springframework.amqp.support.converter.Jackson2JsonMessageConverter
2025-05-24T12:39:33.104Z  INFO 1 --- [producer] [http-nio-8080-exec-34] o.example.producer.service.TaskProducer  : Using message converter: class org.springframework.amqp.support.converter.Jackson2JsonMessageConverter
2025-05-24T12:39:33.105Z  INFO 1 --- [producer] [http-nio-8080-exec-26] o.example.producer.service.TaskProducer  : Using message converter: class org.springframework.amqp.support.converter.Jackson2JsonMessageConverter
2025-05-24T12:39:33.106Z  INFO 1 --- [producer] [http-nio-8080-exec-18] o.example.producer.service.TaskProducer  : Using message converter: class org.springframework.amqp.support.converter.Jackson2JsonMessageConverter
2025-05-24T12:39:33.107Z  INFO 1 --- [producer] [http-nio-8080-exec-7] o.example.producer.service.TaskProducer  : Using message converter: class org.springframework.amqp.support.converter.Jackson2JsonMessageConverter
2025-05-24T12:39:33.111Z  INFO 1 --- [producer] [http-nio-8080-exec-9] o.example.producer.service.TaskProducer  : Using message converter: class org.springframework.amqp.support.converter.Jackson2JsonMessageConverter
2025-05-24T12:39:33.121Z  INFO 1 --- [producer] [http-nio-8080-exec-38] o.example.producer.service.TaskProducer  : Using message converter: class org.springframework.amqp.support.converter.Jackson2JsonMessageConverter
2025-05-24T12:39:33.133Z  INFO 1 --- [producer] [http-nio-8080-exec-21] o.example.producer.service.TaskProducer  : Using message converter: class org.springframework.amqp.support.converter.Jackson2JsonMessageConverter
2025-05-24T12:39:33.141Z  INFO 1 --- [producer] [http-nio-8080-exec-39] o.example.producer.service.TaskProducer  : Using message converter: class org.springframework.amqp.support.converter.Jackson2JsonMessageConverter
2025-05-24T12:39:33.153Z  INFO 1 --- [producer] [http-nio-8080-exec-14] o.example.producer.service.TaskProducer  : Using message converter: class org.springframework.amqp.support.converter.Jackson2JsonMessageConverter
2025-05-24T12:39:33.163Z  INFO 1 --- [producer] [http-nio-8080-exec-28] o.example.producer.service.TaskProducer  : Using message converter: class org.springframework.amqp.support.converter.Jackson2JsonMessageConverter
2025-05-24T12:39:33.169Z  INFO 1 --- [producer] [http-nio-8080-exec-27] o.example.producer.service.TaskProducer  : Using message converter: class org.springframework.amqp.support.converter.Jackson2JsonMessageConverter
2025-05-24T12:39:33.182Z  INFO 1 --- [producer] [http-nio-8080-exec-10] o.example.producer.service.TaskProducer  : Using message converter: class org.springframework.amqp.support.converter.Jackson2JsonMessageConverter
2025-05-24T12:39:33.191Z  INFO 1 --- [producer] [http-nio-8080-exec-13] o.example.producer.service.TaskProducer  : Using message converter: class org.springframework.amqp.support.converter.Jackson2JsonMessageConverter
2025-05-24T12:39:33.202Z  INFO 1 --- [producer] [http-nio-8080-exec-29] o.example.producer.service.TaskProducer  : Using message converter: class org.springframework.amqp.support.converter.Jackson2JsonMessageConverter
2025-05-24T12:39:33.213Z  INFO 1 --- [producer] [http-nio-8080-exec-22] o.example.producer.service.TaskProducer  : Using message converter: class org.springframework.amqp.support.converter.Jackson2JsonMessageConverter
2025-05-24T12:39:33.220Z  INFO 1 --- [producer] [http-nio-8080-exec-19] o.example.producer.service.TaskProducer  : Using message converter: class org.springframework.amqp.support.converter.Jackson2JsonMessageConverter
2025-05-24T12:39:33.230Z  INFO 1 --- [producer] [http-nio-8080-exec-8] o.example.producer.service.TaskProducer  : Using message converter: class org.springframework.amqp.support.converter.Jackson2JsonMessageConverter
2025-05-24T12:39:33.239Z  INFO 1 --- [producer] [http-nio-8080-exec-17] o.example.producer.service.TaskProducer  : Using message converter: class org.springframework.amqp.support.converter.Jackson2JsonMessageConverter
2025-05-24T12:39:33.252Z  INFO 1 --- [producer] [http-nio-8080-exec-37] o.example.producer.service.TaskProducer  : Using message converter: class org.springframework.amqp.support.converter.Jackson2JsonMessageConverter
2025-05-24T12:39:33.259Z  INFO 1 --- [producer] [http-nio-8080-exec-24] o.example.producer.service.TaskProducer  : Using message converter: class org.springframework.amqp.support.converter.Jackson2JsonMessageConverter
2025-05-24T12:39:33.272Z  INFO 1 --- [producer] [http-nio-8080-exec-12] o.example.producer.service.TaskProducer  : Using message converter: class org.springframework.amqp.support.converter.Jackson2JsonMessageConverter
2025-05-24T12:39:33.277Z  INFO 1 --- [producer] [http-nio-8080-exec-7] o.example.producer.service.TaskProducer  : Using message converter: class org.springframework.amqp.support.converter.Jackson2JsonMessageConverter
2025-05-24T12:39:33.291Z  INFO 1 --- [producer] [http-nio-8080-exec-1] o.example.producer.service.TaskProducer  : Using message converter: class org.springframework.amqp.support.converter.Jackson2JsonMessageConverter
2025-05-24T12:39:33.302Z  INFO 1 --- [producer] [http-nio-8080-exec-9] o.example.producer.service.TaskProducer  : Using message converter: class org.springframework.amqp.support.converter.Jackson2JsonMessageConverter
2025-05-24T12:39:33.310Z  INFO 1 --- [producer] [http-nio-8080-exec-20] o.example.producer.service.TaskProducer  : Using message converter: class org.springframework.amqp.support.converter.Jackson2JsonMessageConverter
